
Running Gradle task 'assembleDebug'...                          
Could not write file to C:\Users\gokay\Desktop\Yeni klas�r\omechat_app\build\app\intermediates\flutter\debug\flutter_assets\shaders/ink_sparkle.frag

Target debug_android_application failed: ShaderCompilerException: Shader compilation of "C:\src\flutter\packages\flutter\lib\src\material\shaders\ink_sparkle.frag" to "C:\Users\gokay\Desktop\Yeni klas�r\omechat_app\build\app\intermediates\flutter\debug\flutter_assets\shaders/ink_sparkle.frag" failed with exit code 1.
impellerc stdout:

impellerc stderr:
Could not write file to C:\Users\gokay\Desktop\Yeni klas�r\omechat_app\build\app\intermediates\flutter\debug\flutter_assets\shaders/ink_sparkle.frag





FAILURE: Build failed with an exception.

* What went wrong:
Execution failed for task ':app:compileFlutterBuildDebug'.
> Process 'command 'C:\src\flutter\bin\flutter.bat'' finished with non-zero exit value 1

* Try:
> Run with --stacktrace option to get the stack trace.
> Run with --info or --debug option to get more log output.
> Run with --scan to get full insights.
> Get more help at https://help.gradle.org.

BU�LD FAILED in 3s
Running Gradle task 'assembleDebug'...                              4,7s
Gradle task assembleDebug failed with exit code 1
