[ +121 ms] Artifact Instance of 'MaterialFonts' is not required, skipping update.
[        ] Artifact Instance of 'GradleWrapper' is not required, skipping update.
[        ] Artifact Instance of 'AndroidGenSnapshotArtifacts' is not required, skipping update.
[        ] Artifact Instance of 'AndroidInternalBuildArtifacts' is not required, skipping update.
[        ] Artifact Instance of 'IOSEngineArtifacts' is not required, skipping update.
[        ] Artifact Instance of 'FlutterWebSdk' is not required, skipping update.
[        ] Artifact Instance of 'LegacyCanvasKitRemover' is not required, skipping update.
[        ] Artifact Instance of 'FlutterSdk' is not required, skipping update.
[        ] Artifact Instance of 'WindowsEngineArtifacts' is not required, skipping update.
[        ] Artifact Instance of 'MacOSEngineArtifacts' is not required, skipping update.
[        ] Artifact Instance of 'LinuxEngineArtifacts' is not required, skipping update.
[        ] Artifact Instance of 'LinuxFuchsiaSDKArtifacts' is not required, skipping update.
[        ] Artifact Instance of 'MacOSFuchsiaSDKArtifacts' is not required, skipping update.
[        ] Artifact Instance of 'FlutterRunnerSDKArtifacts' is not required, skipping update.
[        ] Artifact Instance of 'FlutterRunnerDebugSymbols' is not required, skipping update.
[        ] Artifact Instance of 'IosUsbArtifacts' is not required, skipping update.
[        ] Artifact Instance of 'IosUsbArtifacts' is not required, skipping update.
[        ] Artifact Instance of 'IosUsbArtifacts' is not required, skipping update.
[        ] Artifact Instance of 'IosUsbArtifacts' is not required, skipping update.
[        ] Artifact Instance of 'IosUsbArtifacts' is not required, skipping update.
[        ] Artifact Instance of 'IosUsbArtifacts' is not required, skipping update.
[        ] Artifact Instance of 'FontSubsetArtifacts' is not required, skipping update.
[        ] Artifact Instance of 'PubDependencies' is not required, skipping update.
[        ] executing: [C:\src\flutter/] git -c log.showSignature=false log HEAD -n 1 --pretty=format:%ad --date=iso
[  +50 ms] Exit code 0 from: git -c log.showSignature=false log HEAD -n 1 --pretty=format:%ad --date=iso
[        ] 2025-12-11 11:50:07 -0500
[  +10 ms] Artifact Instance of 'AndroidGenSnapshotArtifacts' is not required, skipping update.
[        ] Artifact Instance of 'AndroidInternalBuildArtifacts' is not required, skipping update.
[        ] Artifact Instance of 'IOSEngineArtifacts' is not required, skipping update.
[        ] Artifact Instance of 'FlutterWebSdk' is not required, skipping update.
[        ] Artifact Instance of 'FlutterEngineStamp' is not required, skipping update.
[        ] Artifact Instance of 'LegacyCanvasKitRemover' is not required, skipping update.
[   +1 ms] Artifact Instance of 'WindowsEngineArtifacts' is not required, skipping update.
[        ] Artifact Instance of 'MacOSEngineArtifacts' is not required, skipping update.
[        ] Artifact Instance of 'LinuxEngineArtifacts' is not required, skipping update.
[        ] Artifact Instance of 'LinuxFuchsiaSDKArtifacts' is not required, skipping update.
[        ] Artifact Instance of 'MacOSFuchsiaSDKArtifacts' is not required, skipping update.
[        ] Artifact Instance of 'FlutterRunnerSDKArtifacts' is not required, skipping update.
[        ] Artifact Instance of 'FlutterRunnerDebugSymbols' is not required, skipping update.
[  +39 ms] Artifact Instance of 'MaterialFonts' is not required, skipping update.
[        ] Artifact Instance of 'GradleWrapper' is not required, skipping update.
[   +2 ms] Artifact Instance of 'AndroidInternalBuildArtifacts' is not required, skipping update.
[        ] Artifact Instance of 'IOSEngineArtifacts' is not required, skipping update.
[        ] Artifact Instance of 'FlutterWebSdk' is not required, skipping update.
[        ] Artifact Instance of 'FlutterEngineStamp' is not required, skipping update.
[        ] Artifact Instance of 'LegacyCanvasKitRemover' is not required, skipping update.
[        ] Artifact Instance of 'FlutterSdk' is not required, skipping update.
[        ] Artifact Instance of 'WindowsEngineArtifacts' is not required, skipping update.
[        ] Artifact Instance of 'MacOSEngineArtifacts' is not required, skipping update.
[        ] Artifact Instance of 'LinuxEngineArtifacts' is not required, skipping update.
[        ] Artifact Instance of 'LinuxFuchsiaSDKArtifacts' is not required, skipping update.
[        ] Artifact Instance of 'MacOSFuchsiaSDKArtifacts' is not required, skipping update.
[        ] Artifact Instance of 'FlutterRunnerSDKArtifacts' is not required, skipping update.
[        ] Artifact Instance of 'FlutterRunnerDebugSymbols' is not required, skipping update.
[        ] Artifact Instance of 'IosUsbArtifacts' is not required, skipping update.
[        ] Artifact Instance of 'IosUsbArtifacts' is not required, skipping update.
[        ] Artifact Instance of 'IosUsbArtifacts' is not required, skipping update.
[        ] Artifact Instance of 'IosUsbArtifacts' is not required, skipping update.
[        ] Artifact Instance of 'IosUsbArtifacts' is not required, skipping update.
[        ] Artifact Instance of 'IosUsbArtifacts' is not required, skipping update.
[        ] Artifact Instance of 'FontSubsetArtifacts' is not required, skipping update.
[        ] Artifact Instance of 'PubDependencies' is not required, skipping update.
[  +53 ms] Skipping pub get: version match.
[  +86 ms] Found plugin flutter_native_splash at C:\Users\gokay\AppData\Local\Pub\Cache\hosted\pub.dev\flutter_native_splash-2.4.4\
[  +37 ms] Found plugin sqflite at C:\Users\gokay\AppData\Local\Pub\Cache\hosted\pub.dev\sqflite-2.4.1\
[   +4 ms] Found plugin sqflite_darwin at C:\Users\gokay\AppData\Local\Pub\Cache\hosted\pub.dev\sqflite_darwin-2.4.1+1\
[   +1 ms] Found plugin sqflite_android at C:\Users\gokay\AppData\Local\Pub\Cache\hosted\pub.dev\sqflite_android-2.4.0\
[   +1 ms] Found plugin shared_preferences at C:\Users\gokay\AppData\Local\Pub\Cache\hosted\pub.dev\shared_preferences-2.5.3\
[   +1 ms] Found plugin shared_preferences_windows at C:\Users\gokay\AppData\Local\Pub\Cache\hosted\pub.dev\shared_preferences_windows-2.4.1\
[   +2 ms] Found plugin path_provider_windows at C:\Users\gokay\AppData\Local\Pub\Cache\hosted\pub.dev\path_provider_windows-2.3.0\
[   +1 ms] Found plugin shared_preferences_web at C:\Users\gokay\AppData\Local\Pub\Cache\hosted\pub.dev\shared_preferences_web-2.4.3\
[   +1 ms] Found plugin shared_preferences_linux at C:\Users\gokay\AppData\Local\Pub\Cache\hosted\pub.dev\shared_preferences_linux-2.4.1\
[   +2 ms] Found plugin path_provider_linux at C:\Users\gokay\AppData\Local\Pub\Cache\hosted\pub.dev\path_provider_linux-2.2.1\
[   +1 ms] Found plugin shared_preferences_foundation at C:\Users\gokay\AppData\Local\Pub\Cache\hosted\pub.dev\shared_preferences_foundation-2.5.4\
[   +1 ms] Found plugin shared_preferences_android at C:\Users\gokay\AppData\Local\Pub\Cache\hosted\pub.dev\shared_preferences_android-2.4.7\
[   +1 ms] Found plugin permission_handler at C:\Users\gokay\AppData\Local\Pub\Cache\hosted\pub.dev\permission_handler-11.4.0\
[        ] Found plugin permission_handler_windows at C:\Users\gokay\AppData\Local\Pub\Cache\hosted\pub.dev\permission_handler_windows-0.2.1\
[   +1 ms] Found plugin permission_handler_html at C:\Users\gokay\AppData\Local\Pub\Cache\hosted\pub.dev\permission_handler_html-0.1.3+5\
[   +1 ms] Found plugin permission_handler_apple at C:\Users\gokay\AppData\Local\Pub\Cache\hosted\pub.dev\permission_handler_apple-9.4.7\
[        ] Found plugin permission_handler_android at C:\Users\gokay\AppData\Local\Pub\Cache\hosted\pub.dev\permission_handler_android-12.1.0\
[  +10 ms] Found plugin image_picker at C:\Users\gokay\AppData\Local\Pub\Cache\hosted\pub.dev\image_picker-1.1.2\
[   +1 ms] Found plugin image_picker_windows at C:\Users\gokay\AppData\Local\Pub\Cache\hosted\pub.dev\image_picker_windows-0.2.1+1\
[   +2 ms] Found plugin file_selector_windows at C:\Users\gokay\AppData\Local\Pub\Cache\hosted\pub.dev\file_selector_windows-0.9.3+4\
[   +1 ms] Found plugin image_picker_macos at C:\Users\gokay\AppData\Local\Pub\Cache\hosted\pub.dev\image_picker_macos-0.2.1+2\
[        ] Found plugin file_selector_macos at C:\Users\gokay\AppData\Local\Pub\Cache\hosted\pub.dev\file_selector_macos-0.9.4+2\
[        ] Found plugin image_picker_linux at C:\Users\gokay\AppData\Local\Pub\Cache\hosted\pub.dev\image_picker_linux-0.2.1+2\
[        ] Found plugin file_selector_linux at C:\Users\gokay\AppData\Local\Pub\Cache\hosted\pub.dev\file_selector_linux-0.9.3+2\
[   +1 ms] Found plugin image_picker_ios at C:\Users\gokay\AppData\Local\Pub\Cache\hosted\pub.dev\image_picker_ios-0.8.12+2\
[   +2 ms] Found plugin image_picker_for_web at C:\Users\gokay\AppData\Local\Pub\Cache\hosted\pub.dev\image_picker_for_web-3.0.6\
[   +1 ms] Found plugin image_picker_android at C:\Users\gokay\AppData\Local\Pub\Cache\hosted\pub.dev\image_picker_android-0.8.12+21\
[        ] Found plugin flutter_plugin_android_lifecycle at C:\Users\gokay\AppData\Local\Pub\Cache\hosted\pub.dev\flutter_plugin_android_lifecycle-2.0.26\
[   +1 ms] Found plugin path_provider at C:\Users\gokay\AppData\Local\Pub\Cache\hosted\pub.dev\path_provider-2.1.5\
[        ] Found plugin path_provider_foundation at C:\Users\gokay\AppData\Local\Pub\Cache\hosted\pub.dev\path_provider_foundation-2.4.1\
[        ] Found plugin path_provider_android at C:\Users\gokay\AppData\Local\Pub\Cache\hosted\pub.dev\path_provider_android-2.2.15\
[   +1 ms] Found plugin flutter_webrtc at C:\Users\gokay\AppData\Local\Pub\Cache\hosted\pub.dev\flutter_webrtc-1.2.1\
[   +8 ms] Found plugin connectivity_plus at C:\Users\gokay\AppData\Local\Pub\Cache\hosted\pub.dev\connectivity_plus-5.0.2\
[  +65 ms] Found plugin flutter_native_splash at C:\Users\gokay\AppData\Local\Pub\Cache\hosted\pub.dev\flutter_native_splash-2.4.4\
[  +23 ms] Found plugin sqflite at C:\Users\gokay\AppData\Local\Pub\Cache\hosted\pub.dev\sqflite-2.4.1\
[   +4 ms] Found plugin sqflite_darwin at C:\Users\gokay\AppData\Local\Pub\Cache\hosted\pub.dev\sqflite_darwin-2.4.1+1\
[        ] Found plugin sqflite_android at C:\Users\gokay\AppData\Local\Pub\Cache\hosted\pub.dev\sqflite_android-2.4.0\
[        ] Found plugin shared_preferences at C:\Users\gokay\AppData\Local\Pub\Cache\hosted\pub.dev\shared_preferences-2.5.3\
[        ] Found plugin shared_preferences_windows at C:\Users\gokay\AppData\Local\Pub\Cache\hosted\pub.dev\shared_preferences_windows-2.4.1\
[   +1 ms] Found plugin path_provider_windows at C:\Users\gokay\AppData\Local\Pub\Cache\hosted\pub.dev\path_provider_windows-2.3.0\
[   +1 ms] Found plugin shared_preferences_web at C:\Users\gokay\AppData\Local\Pub\Cache\hosted\pub.dev\shared_preferences_web-2.4.3\
[   +1 ms] Found plugin shared_preferences_linux at C:\Users\gokay\AppData\Local\Pub\Cache\hosted\pub.dev\shared_preferences_linux-2.4.1\
[        ] Found plugin path_provider_linux at C:\Users\gokay\AppData\Local\Pub\Cache\hosted\pub.dev\path_provider_linux-2.2.1\
[   +1 ms] Found plugin shared_preferences_foundation at C:\Users\gokay\AppData\Local\Pub\Cache\hosted\pub.dev\shared_preferences_foundation-2.5.4\
[        ] Found plugin shared_preferences_android at C:\Users\gokay\AppData\Local\Pub\Cache\hosted\pub.dev\shared_preferences_android-2.4.7\
[        ] Found plugin permission_handler at C:\Users\gokay\AppData\Local\Pub\Cache\hosted\pub.dev\permission_handler-11.4.0\
[        ] Found plugin permission_handler_windows at C:\Users\gokay\AppData\Local\Pub\Cache\hosted\pub.dev\permission_handler_windows-0.2.1\
[   +1 ms] Found plugin permission_handler_html at C:\Users\gokay\AppData\Local\Pub\Cache\hosted\pub.dev\permission_handler_html-0.1.3+5\
[        ] Found plugin permission_handler_apple at C:\Users\gokay\AppData\Local\Pub\Cache\hosted\pub.dev\permission_handler_apple-9.4.7\
[        ] Found plugin permission_handler_android at C:\Users\gokay\AppData\Local\Pub\Cache\hosted\pub.dev\permission_handler_android-12.1.0\
[   +3 ms] Found plugin image_picker at C:\Users\gokay\AppData\Local\Pub\Cache\hosted\pub.dev\image_picker-1.1.2\
[        ] Found plugin image_picker_windows at C:\Users\gokay\AppData\Local\Pub\Cache\hosted\pub.dev\image_picker_windows-0.2.1+1\
[   +2 ms] Found plugin file_selector_windows at C:\Users\gokay\AppData\Local\Pub\Cache\hosted\pub.dev\file_selector_windows-0.9.3+4\
[   +1 ms] Found plugin image_picker_macos at C:\Users\gokay\AppData\Local\Pub\Cache\hosted\pub.dev\image_picker_macos-0.2.1+2\
[        ] Found plugin file_selector_macos at C:\Users\gokay\AppData\Local\Pub\Cache\hosted\pub.dev\file_selector_macos-0.9.4+2\
[        ] Found plugin image_picker_linux at C:\Users\gokay\AppData\Local\Pub\Cache\hosted\pub.dev\image_picker_linux-0.2.1+2\
[        ] Found plugin file_selector_linux at C:\Users\gokay\AppData\Local\Pub\Cache\hosted\pub.dev\file_selector_linux-0.9.3+2\
[        ] Found plugin image_picker_ios at C:\Users\gokay\AppData\Local\Pub\Cache\hosted\pub.dev\image_picker_ios-0.8.12+2\
[        ] Found plugin image_picker_for_web at C:\Users\gokay\AppData\Local\Pub\Cache\hosted\pub.dev\image_picker_for_web-3.0.6\
[        ] Found plugin image_picker_android at C:\Users\gokay\AppData\Local\Pub\Cache\hosted\pub.dev\image_picker_android-0.8.12+21\
[        ] Found plugin flutter_plugin_android_lifecycle at C:\Users\gokay\AppData\Local\Pub\Cache\hosted\pub.dev\flutter_plugin_android_lifecycle-2.0.26\
[   +1 ms] Found plugin path_provider at C:\Users\gokay\AppData\Local\Pub\Cache\hosted\pub.dev\path_provider-2.1.5\
[        ] Found plugin path_provider_foundation at C:\Users\gokay\AppData\Local\Pub\Cache\hosted\pub.dev\path_provider_foundation-2.4.1\
[        ] Found plugin path_provider_android at C:\Users\gokay\AppData\Local\Pub\Cache\hosted\pub.dev\path_provider_android-2.2.15\
[        ] Found plugin flutter_webrtc at C:\Users\gokay\AppData\Local\Pub\Cache\hosted\pub.dev\flutter_webrtc-1.2.1\
[   +5 ms] Found plugin connectivity_plus at C:\Users\gokay\AppData\Local\Pub\Cache\hosted\pub.dev\connectivity_plus-5.0.2\
[  +10 ms] Skipping generating web_plugin_registrant.dart because it is up-to-date.
[  +32 ms] Found plugin flutter_native_splash at C:\Users\gokay\AppData\Local\Pub\Cache\hosted\pub.dev\flutter_native_splash-2.4.4\
[  +19 ms] Found plugin sqflite at C:\Users\gokay\AppData\Local\Pub\Cache\hosted\pub.dev\sqflite-2.4.1\
[   +3 ms] Found plugin sqflite_darwin at C:\Users\gokay\AppData\Local\Pub\Cache\hosted\pub.dev\sqflite_darwin-2.4.1+1\
[        ] Found plugin sqflite_android at C:\Users\gokay\AppData\Local\Pub\Cache\hosted\pub.dev\sqflite_android-2.4.0\
[        ] Found plugin shared_preferences at C:\Users\gokay\AppData\Local\Pub\Cache\hosted\pub.dev\shared_preferences-2.5.3\
[        ] Found plugin shared_preferences_windows at C:\Users\gokay\AppData\Local\Pub\Cache\hosted\pub.dev\shared_preferences_windows-2.4.1\
[   +1 ms] Found plugin path_provider_windows at C:\Users\gokay\AppData\Local\Pub\Cache\hosted\pub.dev\path_provider_windows-2.3.0\
[   +1 ms] Found plugin shared_preferences_web at C:\Users\gokay\AppData\Local\Pub\Cache\hosted\pub.dev\shared_preferences_web-2.4.3\
[   +1 ms] Found plugin shared_preferences_linux at C:\Users\gokay\AppData\Local\Pub\Cache\hosted\pub.dev\shared_preferences_linux-2.4.1\
[        ] Found plugin path_provider_linux at C:\Users\gokay\AppData\Local\Pub\Cache\hosted\pub.dev\path_provider_linux-2.2.1\
[   +1 ms] Found plugin shared_preferences_foundation at C:\Users\gokay\AppData\Local\Pub\Cache\hosted\pub.dev\shared_preferences_foundation-2.5.4\
[        ] Found plugin shared_preferences_android at C:\Users\gokay\AppData\Local\Pub\Cache\hosted\pub.dev\shared_preferences_android-2.4.7\
[        ] Found plugin permission_handler at C:\Users\gokay\AppData\Local\Pub\Cache\hosted\pub.dev\permission_handler-11.4.0\
[        ] Found plugin permission_handler_windows at C:\Users\gokay\AppData\Local\Pub\Cache\hosted\pub.dev\permission_handler_windows-0.2.1\
[   +1 ms] Found plugin permission_handler_html at C:\Users\gokay\AppData\Local\Pub\Cache\hosted\pub.dev\permission_handler_html-0.1.3+5\
[        ] Found plugin permission_handler_apple at C:\Users\gokay\AppData\Local\Pub\Cache\hosted\pub.dev\permission_handler_apple-9.4.7\
[        ] Found plugin permission_handler_android at C:\Users\gokay\AppData\Local\Pub\Cache\hosted\pub.dev\permission_handler_android-12.1.0\
[   +4 ms] Found plugin image_picker at C:\Users\gokay\AppData\Local\Pub\Cache\hosted\pub.dev\image_picker-1.1.2\
[        ] Found plugin image_picker_windows at C:\Users\gokay\AppData\Local\Pub\Cache\hosted\pub.dev\image_picker_windows-0.2.1+1\
[   +2 ms] Found plugin file_selector_windows at C:\Users\gokay\AppData\Local\Pub\Cache\hosted\pub.dev\file_selector_windows-0.9.3+4\
[   +1 ms] Found plugin image_picker_macos at C:\Users\gokay\AppData\Local\Pub\Cache\hosted\pub.dev\image_picker_macos-0.2.1+2\
[        ] Found plugin file_selector_macos at C:\Users\gokay\AppData\Local\Pub\Cache\hosted\pub.dev\file_selector_macos-0.9.4+2\
[        ] Found plugin image_picker_linux at C:\Users\gokay\AppData\Local\Pub\Cache\hosted\pub.dev\image_picker_linux-0.2.1+2\
[        ] Found plugin file_selector_linux at C:\Users\gokay\AppData\Local\Pub\Cache\hosted\pub.dev\file_selector_linux-0.9.3+2\
[        ] Found plugin image_picker_ios at C:\Users\gokay\AppData\Local\Pub\Cache\hosted\pub.dev\image_picker_ios-0.8.12+2\
[        ] Found plugin image_picker_for_web at C:\Users\gokay\AppData\Local\Pub\Cache\hosted\pub.dev\image_picker_for_web-3.0.6\
[        ] Found plugin image_picker_android at C:\Users\gokay\AppData\Local\Pub\Cache\hosted\pub.dev\image_picker_android-0.8.12+21\
[        ] Found plugin flutter_plugin_android_lifecycle at C:\Users\gokay\AppData\Local\Pub\Cache\hosted\pub.dev\flutter_plugin_android_lifecycle-2.0.26\
[   +1 ms] Found plugin path_provider at C:\Users\gokay\AppData\Local\Pub\Cache\hosted\pub.dev\path_provider-2.1.5\
[        ] Found plugin path_provider_foundation at C:\Users\gokay\AppData\Local\Pub\Cache\hosted\pub.dev\path_provider_foundation-2.4.1\
[        ] Found plugin path_provider_android at C:\Users\gokay\AppData\Local\Pub\Cache\hosted\pub.dev\path_provider_android-2.2.15\
[        ] Found plugin flutter_webrtc at C:\Users\gokay\AppData\Local\Pub\Cache\hosted\pub.dev\flutter_webrtc-1.2.1\
[   +5 ms] Found plugin connectivity_plus at C:\Users\gokay\AppData\Local\Pub\Cache\hosted\pub.dev\connectivity_plus-5.0.2\
[   +5 ms] Generating C:\Users\gokay\Desktop\Ome\omechat_app\android\app\src\main\java\io\flutter\plugins\GeneratedPluginRegistrant.java
[   +1 ms] Skipping generating GeneratedPluginRegistrant.java because it is up-to-date.
[   +4 ms] Skipping generating generated_plugin_registrant.h because it is up-to-date.
[        ] Skipping generating generated_plugin_registrant.cc because it is up-to-date.
[   +1 ms] Skipping generating generated_plugins.cmake because it is up-to-date.
[   +1 ms] Skipping generating generated_plugin_registrant.h because it is up-to-date.
[        ] Skipping generating generated_plugin_registrant.cc because it is up-to-date.
[   +1 ms] Skipping generating generated_plugins.cmake because it is up-to-date.
[   +1 ms] Skipping generating GeneratedPluginRegistrant.h because it is up-to-date.
[   +1 ms] Skipping generating GeneratedPluginRegistrant.m because it is up-to-date.
[   +1 ms] Skipping generating GeneratedPluginRegistrant.swift because it is up-to-date.
[  +82 ms] executing: C:\Program Files\Android\Android Studio\jbr\bin\java -version
[ +100 ms] Exit code 0 from: C:\Program Files\Android\Android Studio\jbr\bin\java -version
[        ] openjdk version "21.0.8" 2025-07-15
           OpenJDK Runtime Environment (build 21.0.8+-14196175-b1038.72)
           OpenJDK 64-Bit Server VM (build 21.0.8+-14196175-b1038.72, mixed mode)
[  +10 ms] executing: C:\Program Files\Android\Android Studio\jbr\bin\java --version
[ +104 ms] Exit code 0 from: C:\Program Files\Android\Android Studio\jbr\bin\java --version
[        ] openjdk 21.0.8 2025-07-15
           OpenJDK Runtime Environment (build 21.0.8+-14196175-b1038.72)
           OpenJDK 64-Bit Server VM (build 21.0.8+-14196175-b1038.72, mixed mode)
[   +1 ms] Version of Java is different than impacted version, no migration attempted.
[   +2 ms] CMake project not found, skipping support Android 15 16k page size migration.
[   +3 ms] Using gradle from C:\Users\gokay\Desktop\Ome\omechat_app\android\gradlew.bat.
[   +7 ms] LocalFile: 'C:\Users\gokay\Desktop\Ome\omechat_app\android\build.gradle' doesn't provide an AGP version. Checking settings.
[        ] LocalFile: 'C:\Users\gokay\Desktop\Ome\omechat_app\android\settings.gradle' provides AGP version: 8.3.0
[  +11 ms] Running Gradle task 'assembleRelease'...
[        ] executing: [C:\Users\gokay\Desktop\Ome\omechat_app\android/] C:\Users\gokay\Desktop\Ome\omechat_app\android\gradlew.bat --full-stacktrace --info -Pverbose=true -Ptarget-platform=android-arm,android-arm64,android-x64 -Ptarget=lib\main.dart -Pbase-application-name=android.app.Application -Pdart-defines=RkxVVFRFUl9WRVJTSU9OPTMuMzguNQ==,RkxVVFRFUl9DSEFOTkVMPXN0YWJsZQ==,RkxVVFRFUl9HSVRfVVJMPWh0dHBzOi8vZ2l0aHViLmNvbS9mbHV0dGVyL2ZsdXR0ZXIuZ2l0,RkxVVFRFUl9GUkFNRVdPUktfUkVWSVNJT049ZjZmZjE1MjlmZA==,RkxVVFRFUl9FTkdJTkVfUkVWSVNJT049MTUyN2FlMGVjNQ==,RkxVVFRFUl9EQVJUX1ZFUlNJT049My4xMC40 -Pdart-obfuscation=false -Ptrack-widget-creation=true -Ptree-shake-icons=true assembleRelease
[ +540 ms] Initialized native services in: C:\Users\gokay\.gradle\native
[        ] Initialized jansi services in: C:\Users\gokay\.gradle\native
[ +106 ms] Received JVM installation metadata from 'C:\Program Files\Android\Android Studio\jbr': {JAVA_HOME=C:\Program Files\Android\Android Studio\jbr, JAVA_VERSION=21.0.8, JAVA_VENDOR=JetBrains s.r.o., RUNTIME_NAME=OpenJDK Runtime Environment, RUNTIME_VERSION=21.0.8+-14196175-b1038.72, VM_NAME=OpenJDK 64-Bit Server VM, VM_VERSION=21.0.8+-14196175-b1038.72, VM_VENDOR=JetBrains s.r.o., OS_ARCH=amd64}
[  +99 ms] Found daemon DaemonInfo{pid=19424, address=[02761dfb-1d65-4d04-b05d-1330bd6303ab port:50262, addresses:[/127.0.0.1]], state=Idle, lastBusy=1765911453583, context=DefaultDaemonContext[uid=c16de9fd-ac87-45ea-a7f6-9247eb010c34,javaHome=C:\Program Files\Java\jdk-1.8,daemonRegistryDir=C:\Users\gokay\.gradle\daemon,pid=19424,idleTimeout=10800000,priority=NORMAL,applyInstrumentationAgent=true,daemonOpts=-Xmx4096M,-Dfile.encoding=UTF-8,-Duser.country=TR,-Duser.language=tr,-Duser.variant]} however its context does not match the desired criteria.
[        ] Java home is different.
[        ] Wanted: DefaultDaemonContext[uid=null,javaHome=C:\Program Files\Android\Android Studio\jbr,daemonRegistryDir=C:\Users\gokay\.gradle\daemon,pid=13936,idleTimeout=null,priority=NORMAL,applyInstrumentationAgent=true,daemonOpts=--add-opens=java.base/java.util=ALL-UNNAMED,--add-opens=java.base/java.lang=ALL-UNNAMED,--add-opens=java.base/java.lang.invoke=ALL-UNNAMED,--add-opens=java.prefs/java.util.prefs=ALL-UNNAMED,--add-opens=java.base/java.nio.charset=ALL-UNNAMED,--add-opens=java.base/java.net=ALL-UNNAMED,--add-opens=java.base/java.util.concurrent.atomic=ALL-UNNAMED,-Xmx4096M,-Dfile.encoding=UTF-8,-Duser.country=TR,-Duser.language=tr,-Duser.variant]
[        ] Actual: DefaultDaemonContext[uid=c16de9fd-ac87-45ea-a7f6-9247eb010c34,javaHome=C:\Program Files\Java\jdk-1.8,daemonRegistryDir=C:\Users\gokay\.gradle\daemon,pid=19424,idleTimeout=10800000,priority=NORMAL,applyInstrumentationAgent=true,daemonOpts=-Xmx4096M,-Dfile.encoding=UTF-8,-Duser.country=TR,-Duser.language=tr,-Duser.variant]
[        ]   Looking for a different daemon...
[        ] Found daemon DaemonInfo{pid=8860, address=[3490489f-195d-4c64-891e-359117ae3a4a port:57991, addresses:[/127.0.0.1]], state=Idle, lastBusy=1765911486407, context=DefaultDaemonContext[uid=07ba7718-e9df-4cf5-bd6c-a212652bb4cb,javaHome=C:\Program Files\Java\jdk-23,daemonRegistryDir=C:\Users\gokay\.gradle\daemon,pid=8860,idleTimeout=10800000,priority=NORMAL,applyInstrumentationAgent=true,daemonOpts=--add-opens=java.base/java.util=ALL-UNNAMED,--add-opens=java.base/java.lang=ALL-UNNAMED,--add-opens=java.base/java.lang.invoke=ALL-UNNAMED,--add-opens=java.prefs/java.util.prefs=ALL-UNNAMED,--add-opens=java.base/java.nio.charset=ALL-UNNAMED,--add-opens=java.base/java.net=ALL-UNNAMED,--add-opens=java.base/java.util.concurrent.atomic=ALL-UNNAMED,-Xmx4096M,-Dfile.encoding=UTF-8,-Duser.country,-Duser.language=en,-Duser.variant]} however its context does not match the desired criteria.
[        ] Java home is different.
[        ] Wanted: DefaultDaemonContext[uid=null,javaHome=C:\Program Files\Android\Android Studio\jbr,daemonRegistryDir=C:\Users\gokay\.gradle\daemon,pid=13936,idleTimeout=null,priority=NORMAL,applyInstrumentationAgent=true,daemonOpts=--add-opens=java.base/java.util=ALL-UNNAMED,--add-opens=java.base/java.lang=ALL-UNNAMED,--add-opens=java.base/java.lang.invoke=ALL-UNNAMED,--add-opens=java.prefs/java.util.prefs=ALL-UNNAMED,--add-opens=java.base/java.nio.charset=ALL-UNNAMED,--add-opens=java.base/java.net=ALL-UNNAMED,--add-opens=java.base/java.util.concurrent.atomic=ALL-UNNAMED,-Xmx4096M,-Dfile.encoding=UTF-8,-Duser.country=TR,-Duser.language=tr,-Duser.variant]
[        ] Actual: DefaultDaemonContext[uid=07ba7718-e9df-4cf5-bd6c-a212652bb4cb,javaHome=C:\Program Files\Java\jdk-23,daemonRegistryDir=C:\Users\gokay\.gradle\daemon,pid=8860,idleTimeout=10800000,priority=NORMAL,applyInstrumentationAgent=true,daemonOpts=--add-opens=java.base/java.util=ALL-UNNAMED,--add-opens=java.base/java.lang=ALL-UNNAMED,--add-opens=java.base/java.lang.invoke=ALL-UNNAMED,--add-opens=java.prefs/java.util.prefs=ALL-UNNAMED,--add-opens=java.base/java.nio.charset=ALL-UNNAMED,--add-opens=java.base/java.net=ALL-UNNAMED,--add-opens=java.base/java.util.concurrent.atomic=ALL-UNNAMED,-Xmx4096M,-Dfile.encoding=UTF-8,-Duser.country,-Duser.language=en,-Duser.variant]
[        ]   Looking for a different daemon...
[  +98 ms] The client will now receive all logging from the daemon (pid: 17956). The daemon log file: C:\Users\gokay\.gradle\daemon\8.5\daemon-17956.out.log
[        ] Starting 29th build in daemon [uptime: 4 hrs 6 mins 54.876 secs, performance: 100%, GC rate: 0.00/s, heap usage: 2% of 4 GiB]
[        ] Using 1 worker leases.
[        ] Now considering [C:\Users\gokay\Desktop\Ome\omechat_app\android, C:\src\flutter\packages\flutter_tools\gradle] as hierarchies to watch
[        ] Watching the file system is configured to be enabled if available
[        ] File system watching is active
[        ] Starting Build
[        ] Now considering [C:\src\flutter\packages\flutter_tools\gradle, C:\Users\gokay\Desktop\Ome\omechat_app\android] as hierarchies to watch
[ +100 ms] > Configure project :gradle
[        ] Evaluating project ':gradle' using build file 'C:\src\flutter\packages\flutter_tools\gradle\build.gradle.kts'.
[        ] Using Kotlin Gradle Plugin gradle81 variant
[        ] kotlin scripting plugin: created the scripting discovery configuration: kotlinScriptDef
[        ] kotlin scripting plugin: created the scripting discovery configuration: testKotlinScriptDef
[        ] file or directory 'C:\src\flutter\packages\flutter_tools\gradle\src\main\java', not found
[        ] Caching disabled for Kotlin DSL accessors for project ':gradle' because:
[        ]   Build cache is disabled
[        ] Skipping Kotlin DSL accessors for project ':gradle' as it is up-to-date.
[        ] Resolve mutations for :gradle:checkKotlinGradlePluginConfigurationErrors (Thread[#1477,included builds,5,main]) started.
[        ] :gradle:checkKotlinGradlePluginConfigurationErrors (Thread[#1477,included builds,5,main]) started.
[        ] > Task :gradle:checkKotlinGradlePluginConfigurationErrors
[        ] Caching disabled for task ':gradle:checkKotlinGradlePluginConfigurationErrors' because:
[        ]   Build cache is disabled
[        ] Task ':gradle:checkKotlinGradlePluginConfigurationErrors' is not up-to-date because:
[        ]   Task has not declared any outputs despite executing actions.
[        ] Resolve mutations for :gradle:compileKotlin (Thread[#1477,included builds,5,main]) started.
[        ] :gradle:compileKotlin (Thread[#1477,included builds,5,main]) started.
[        ] > Task :gradle:compileKotlin UP-TO-DATE
[        ] Transforming gradle-api-8.5.jar with ClasspathEntrySnapshotTransform
[        ] Transforming groovy-3.0.17.jar with ClasspathEntrySnapshotTransform
[        ] Transforming groovy-ant-3.0.17.jar with ClasspathEntrySnapshotTransform
[        ] Transforming groovy-astbuilder-3.0.17.jar with ClasspathEntrySnapshotTransform
[        ] Transforming groovy-console-3.0.17.jar with ClasspathEntrySnapshotTransform
[        ] Transforming groovy-datetime-3.0.17.jar with ClasspathEntrySnapshotTransform
[        ] Transforming groovy-dateutil-3.0.17.jar with ClasspathEntrySnapshotTransform
[        ] Transforming groovy-groovydoc-3.0.17.jar with ClasspathEntrySnapshotTransform
[        ] Transforming groovy-json-3.0.17.jar with ClasspathEntrySnapshotTransform
[        ] Transforming groovy-nio-3.0.17.jar with ClasspathEntrySnapshotTransform
[        ] Transforming groovy-sql-3.0.17.jar with ClasspathEntrySnapshotTransform
[        ] Transforming groovy-templates-3.0.17.jar with ClasspathEntrySnapshotTransform
[        ] Transforming groovy-test-3.0.17.jar with ClasspathEntrySnapshotTransform
[        ] Transforming groovy-xml-3.0.17.jar with ClasspathEntrySnapshotTransform
[        ] Transforming javaparser-core-3.17.0.jar with ClasspathEntrySnapshotTransform
[        ] Transforming kotlin-stdlib-1.9.20.jar with ClasspathEntrySnapshotTransform
[        ] Transforming kotlin-reflect-1.9.20.jar with ClasspathEntrySnapshotTransform
[        ] Transforming gradle-installation-beacon-8.5.jar with ClasspathEntrySnapshotTransform
[        ] Transforming gradle-kotlin-dsl-extensions-8.5.jar with ClasspathEntrySnapshotTransform
[        ] Transforming gradle-kotlin-dsl-8.5.jar with ClasspathEntrySnapshotTransform
[        ] Transforming gradle-kotlin-dsl-shared-runtime-8.5.jar with ClasspathEntrySnapshotTransform
[        ] Transforming gradle-kotlin-dsl-tooling-models-8.5.jar with ClasspathEntrySnapshotTransform
[        ] Transforming annotation-jvm-1.9.1.jar with ClasspathEntrySnapshotTransform
[        ] Transforming gradle-8.11.1.jar with ClasspathEntrySnapshotTransform
[        ] Transforming kotlin-reflect-1.9.20.jar with ClasspathEntrySnapshotTransform
[        ] Transforming kotlinx-serialization-json-jvm-1.4.0.jar with ClasspathEntrySnapshotTransform
[        ] Transforming kotlinx-serialization-core-jvm-1.4.0.jar with ClasspathEntrySnapshotTransform
[        ] Transforming kotlin-stdlib-jdk8-1.8.0.jar with ClasspathEntrySnapshotTransform
[        ] Transforming kotlin-stdlib-jdk7-1.8.0.jar with ClasspathEntrySnapshotTransform
[        ] Transforming kotlin-stdlib-1.9.24.jar with ClasspathEntrySnapshotTransform
[        ] Transforming kotlin-gradle-plugin-1.8.0-gradle76.jar with ClasspathEntrySnapshotTransform
[        ] Transforming builder-8.11.1.jar with ClasspathEntrySnapshotTransform
[        ] Transforming builder-model-8.11.1.jar with ClasspathEntrySnapshotTransform
[        ] Transforming gradle-api-8.11.1.jar with ClasspathEntrySnapshotTransform
[        ] Transforming kotlin-gradle-plugin-model-1.8.0.jar with ClasspathEntrySnapshotTransform
[        ] Transforming kotlin-gradle-plugin-api-1.8.0-gradle76.jar with ClasspathEntrySnapshotTransform
[        ] Transforming kotlin-gradle-plugin-api-1.8.0.jar with ClasspathEntrySnapshotTransform
[        ] Transforming kotlin-tooling-core-1.8.0.jar with ClasspathEntrySnapshotTransform
[        ] Transforming annotations-13.0.jar with ClasspathEntrySnapshotTransform
[        ] Transforming manifest-merger-31.11.1.jar with ClasspathEntrySnapshotTransform
[        ] Transforming zipflinger-8.11.1.jar with ClasspathEntrySnapshotTransform
[        ] Transforming apksig-8.11.1.jar with ClasspathEntrySnapshotTransform
[        ] Transforming apkzlib-8.11.1.jar with ClasspathEntrySnapshotTransform
[        ] Transforming javawriter-2.5.0.jar with ClasspathEntrySnapshotTransform
[        ] Transforming asm-9.7.1.jar with ClasspathEntrySnapshotTransform
[        ] Transforming kotlin-native-utils-1.8.0.jar with ClasspathEntrySnapshotTransform
[        ] Transforming kotlin-project-model-1.8.0.jar with ClasspathEntrySnapshotTransform
[        ] Transforming kotlin-util-io-1.8.0.jar with ClasspathEntrySnapshotTransform
[        ] Caching disabled for task ':gradle:compileKotlin' because:
[        ]   Build cache is disabled
[        ] Skipping task ':gradle:compileKotlin' as it is up-to-date.
[        ] Resolve mutations for :gradle:compileJava (Thread[#1477,included builds,5,main]) started.
[        ] :gradle:compileJava (Thread[#1477,included builds,5,main]) started.
[        ] > Task :gradle:compileJava NO-SOURCE
[        ] Skipping task ':gradle:compileJava' as it has no source files and no previous output files.
[        ] Resolve mutations for :gradle:compileGroovy (Thread[#1477,included builds,5,main]) started.
[        ] :gradle:compileGroovy (Thread[#1477,included builds,5,main]) started.
[        ] > Task :gradle:compileGroovy NO-SOURCE
[        ] Skipping task ':gradle:compileGroovy' as it has no source files and no previous output files.
[        ] Resolve mutations for :gradle:pluginDescriptors (Thread[#1477,included builds,5,main]) started.
[        ] :gradle:pluginDescriptors (Thread[#1477,included builds,5,main]) started.
[        ] > Task :gradle:pluginDescriptors UP-TO-DATE
[        ] Caching disabled for task ':gradle:pluginDescriptors' because:
[        ]   Build cache is disabled
[        ] Skipping task ':gradle:pluginDescriptors' as it is up-to-date.
[        ] Resolve mutations for :gradle:processResources (Thread[#1477,included builds,5,main]) started.
[        ] :gradle:processResources (Thread[#1477,included builds,5,main]) started.
[        ] > Task :gradle:processResources UP-TO-DATE
[        ] Caching disabled for task ':gradle:processResources' because:
[        ]   Build cache is disabled
[        ] Skipping task ':gradle:processResources' as it is up-to-date.
[        ] Resolve mutations for :gradle:classes (Thread[#1477,included builds,5,main]) started.
[        ] :gradle:classes (Thread[#1477,included builds,5,main]) started.
[        ] > Task :gradle:classes UP-TO-DATE
[        ] Skipping task ':gradle:classes' as it has no actions.
[        ] Resolve mutations for :gradle:jar (Thread[#1477,included builds,5,main]) started.
[        ] :gradle:jar (Thread[#1477,included builds,5,main]) started.
[        ] > Task :gradle:jar UP-TO-DATE
[        ] Caching disabled for task ':gradle:jar' because:
[        ]   Build cache is disabled
[        ] Skipping task ':gradle:jar' as it is up-to-date.
[  +83 ms] Settings evaluated using settings file 'C:\Users\gokay\Desktop\Ome\omechat_app\android\settings.gradle'.
[        ] Projects loaded. Root project using build file 'C:\Users\gokay\Desktop\Ome\omechat_app\android\build.gradle'.
[        ] Included projects: [root project 'android', project ':app', project ':connectivity_plus', project ':flutter_native_splash', project ':flutter_plugin_android_lifecycle', project ':flutter_webrtc', project ':image_picker_android', project ':path_provider_android', project ':permission_handler_android', project ':shared_preferences_android', project ':sqflite_android']
[  +99 ms] > Configure project :app
[        ] Evaluating project ':app' using build file 'C:\Users\gokay\Desktop\Ome\omechat_app\android\app\build.gradle'.
[        ] WARNING: The option setting 'android.overridePathCheck=true' is experimental.
[        ] The current default is 'false'.
[        ] WARNING: The option setting 'android.defaults.buildfeatures.buildconfig=true' is deprecated.
[        ] The current default is 'false'.
[        ] It will be removed in version 9.0 of the Android Gradle plugin.
[        ] You can resolve this warning in Android Studio via `Refactor` > `Migrate BuildConfig to Gradle Build Files`
[        ] Using default execution profile
[        ] Using Kotlin Gradle Plugin gradle81 variant
flutter : [        ] 
Warning: Flutter supp
ort for your project'
s Gradle version (8.5
.0) will soon be drop
ped. Please upgrade y
our Gradle version to
 a version of at leas
t 8.7.0 soon.
At line:1 char:1
+ flutter build apk -
-release --verbose 2>
&1 | Out-File -FilePa
th "buil ...
+ ~~~~~~~~~~~~~~~~~~~
~~~~~~~~~~~~~~~~~~~~~
~~
    + CategoryInfo   
           : NotSpe  
  cified: ([         
   ] Warn...ast 8    
.7.0 soon.:Strin    g
) [], RemoteExc    ep
tion
    + FullyQualified 
   ErrorId : Native  
  CommandError
 
[   +1 ms] Alternativ
ely, use the flag "--
android-skip-build-de
pendency-validation" 
to bypass this check.
[        ] Potential 
fix: Your project's g
radle version is typi
cally defined in the 
gradle wrapper file. 
By default, this can 
be found at C:\Users\
gokay\Desktop\Ome\ome
chat_app\android/grad
le/wrapper/gradle-wra
pper.properties. 
[        ] For more i
nformation, see https
://docs.gradle.org/cu
rrent/userguide/gradl
e_wrapper.html.
[        ] Warning: F
lutter support for yo
ur project's Android 
Gradle Plugin version
 (Android Gradle Plug
in version 8.3.0) wil
l soon be dropped. Pl
ease upgrade your And
roid Gradle Plugin ve
rsion to a version of
 at least Android Gra
dle Plugin version 8.
6.0 soon.
[        ] Alternativ
ely, use the flag "--
android-skip-build-de
pendency-validation" 
to bypass this check.
[        ] Potential 
fix: Your project's A
GP version is typical
ly defined in the plu
gins block of the `se
ttings.gradle` file (
C:\Users\gokay\Deskto
p\Ome\omechat_app\and
roid/settings.gradle)
, by a plugin with th
e id of com.android.a
pplication. 
[        ] If you don
't see a plugins bloc
k, your project was l
ikely created with an
 older template versi
on. In this case it i
s most likely defined
 in the top-level bui
ld.gradle file (C:\Us
ers\gokay\Desktop\Ome
\omechat_app\android/
build.gradle) by the 
following line in the
 dependencies block o
f the buildscript: "c
lasspath 'com.android
.tools.build:gradle:<
version>'".
[        ] Warning: F
lutter support for yo
ur project's Kotlin v
ersion (1.9.0) will s
oon be dropped. Pleas
e upgrade your Kotlin
 version to a version
 of at least 2.1.0 so
on.
[        ] Alternativ
ely, use the flag "--
android-skip-build-de
pendency-validation" 
to bypass this check.
[        ] Potential 
fix: Your project's K
GP version is typical
ly defined in the plu
gins block of the `se
ttings.gradle` file (
C:\Users\gokay\Deskto
p\Ome\omechat_app\and
roid/settings.gradle)
, by a plugin with th
e id of org.jetbrains
.kotlin.android. 
[        ] If you don
't see a plugins bloc
k, your project was l
ikely created with an
 older template versi
on, in which case it 
is most likely define
d in the top-level bu
ild.gradle file (C:\U
sers\gokay\Desktop\Om
e\omechat_app\android
/build.gradle) by the
 ext.kotlin_version p
roperty.
[        ] C/C++: android.ndkVersion from module build.gradle is [25.1.8937393]
[        ] C/C++: android.ndkPath from module build.gradle is not set
[        ] C/C++: ndk.dir in local.properties is not set
[        ] C/C++: Not considering ANDROID_NDK_HOME because support was removed after deprecation period.
[        ] C/C++: sdkFolder is C:\Users\gokay\AppData\Local\Android\sdk
[        ] C/C++: android.ndkVersion from module build.gradle is [25.1.8937393]
[        ] C/C++: android.ndkPath from module build.gradle is not set
[        ] C/C++: ndk.dir in local.properties is not set
[        ] C/C++: Not considering ANDROID_NDK_HOME because support was removed after deprecation period.
[        ] C/C++: sdkFolder is C:\Users\gokay\AppData\Local\Android\sdk
[        ] C/C++: android.ndkVersion from module build.gradle is [25.1.8937393]
[        ] C/C++: android.ndkPath from module build.gradle is not set
[        ] C/C++: ndk.dir in local.properties is not set
[        ] C/C++: Not considering ANDROID_NDK_HOME because support was removed after deprecation period.
[        ] C/C++: sdkFolder is C:\Users\gokay\AppData\Local\Android\sdk
[        ] C/C++: android.ndkVersion from module build.gradle is [25.1.8937393]
[        ] C/C++: android.ndkPath from module build.gradle is not set
[        ] C/C++: ndk.dir in local.properties is not set
[        ] C/C++: Not considering ANDROID_NDK_HOME because support was removed after deprecation period.
[        ] C/C++: sdkFolder is C:\Users\gokay\AppData\Local\Android\sdk
[        ] C/C++: android.ndkVersion from module build.gradle is [25.1.8937393]
[        ] C/C++: android.ndkPath from module build.gradle is not set
[        ] C/C++: ndk.dir in local.properties is not set
[        ] C/C++: Not considering ANDROID_NDK_HOME because support was removed after deprecation period.
[        ] C/C++: sdkFolder is C:\Users\gokay\AppData\Local\Android\sdk
[        ] C/C++: android.ndkVersion from module build.gradle is [25.1.8937393]
[        ] C/C++: android.ndkPath from module build.gradle is not set
[        ] C/C++: ndk.dir in local.properties is not set
[        ] C/C++: Not considering ANDROID_NDK_HOME because support was removed after deprecation period.
[        ] C/C++: sdkFolder is C:\Users\gokay\AppData\Local\Android\sdk
[        ] C/C++: android.ndkVersion from module build.gradle is [25.1.8937393]
[        ] C/C++: android.ndkPath from module build.gradle is not set
[        ] C/C++: ndk.dir in local.properties is not set
[        ] C/C++: Not considering ANDROID_NDK_HOME because support was removed after deprecation period.
[        ] C/C++: sdkFolder is C:\Users\gokay\AppData\Local\Android\sdk
[        ] C/C++: android.ndkVersion from module build.gradle is [25.1.8937393]
[        ] C/C++: android.ndkPath from module build.gradle is not set
[        ] C/C++: ndk.dir in local.properties is not set
[        ] C/C++: Not considering ANDROID_NDK_HOME because support was removed after deprecation period.
[        ] C/C++: sdkFolder is C:\Users\gokay\AppData\Local\Android\sdk
[        ] C/C++: android.ndkVersion from module build.gradle is [25.1.8937393]
[        ] C/C++: android.ndkPath from module build.gradle is not set
[        ] C/C++: ndk.dir in local.properties is not set
[        ] C/C++: Not considering ANDROID_NDK_HOME because support was removed after deprecation period.
[        ] C/C++: sdkFolder is C:\Users\gokay\AppData\Local\Android\sdk
[        ] C/C++: android.ndkVersion from module build.gradle is [25.1.8937393]
[        ] C/C++: android.ndkPath from module build.gradle is not set
[        ] C/C++: ndk.dir in local.properties is not set
[        ] C/C++: Not considering ANDROID_NDK_HOME because support was removed after deprecation period.
[        ] C/C++: sdkFolder is C:\Users\gokay\AppData\Local\Android\sdk
[        ] C/C++: android.ndkVersion from module build.gradle is [25.1.8937393]
[   +2 ms] C/C++: android.ndkPath from module build.gradle is not set
[        ] C/C++: ndk.dir in local.properties is not set
[        ] C/C++: Not considering ANDROID_NDK_HOME because support was removed after deprecation period.
[        ] C/C++: sdkFolder is C:\Users\gokay\AppData\Local\Android\sdk
[        ] C/C++: android.ndkVersion from module build.gradle is [25.1.8937393]
[        ] C/C++: android.ndkPath from module build.gradle is not set
[        ] C/C++: ndk.dir in local.properties is not set
[        ] C/C++: Not considering ANDROID_NDK_HOME because support was removed after deprecation period.
[        ] C/C++: sdkFolder is C:\Users\gokay\AppData\Local\Android\sdk
[        ] C/C++: android.ndkVersion from module build.gradle is [25.1.8937393]
[        ] C/C++: android.ndkPath from module build.gradle is not set
[        ] C/C++: ndk.dir in local.properties is not set
[        ] C/C++: Not considering ANDROID_NDK_HOME because support was removed after deprecation period.
[        ] C/C++: sdkFolder is C:\Users\gokay\AppData\Local\Android\sdk
[        ] C/C++: android.ndkVersion from module build.gradle is [25.1.8937393]
[        ] C/C++: android.ndkPath from module build.gradle is not set
[        ] C/C++: ndk.dir in local.properties is not set
[        ] C/C++: Not considering ANDROID_NDK_HOME because support was removed after deprecation period.
[        ] C/C++: sdkFolder is C:\Users\gokay\AppData\Local\Android\sdk
[        ] C/C++: android.ndkVersion from module build.gradle is [25.1.8937393]
[        ] C/C++: android.ndkPath from module build.gradle is not set
[        ] C/C++: ndk.dir in local.properties is not set
[        ] C/C++: Not considering ANDROID_NDK_HOME because support was removed after deprecation period.
[        ] C/C++: sdkFolder is C:\Users\gokay\AppData\Local\Android\sdk
[        ] C/C++: android.ndkVersion from module build.gradle is [25.1.8937393]
[        ] C/C++: android.ndkPath from module build.gradle is not set
[        ] C/C++: ndk.dir in local.properties is not set
[        ] C/C++: Not considering ANDROID_NDK_HOME because support was removed after deprecation period.
[        ] C/C++: sdkFolder is C:\Users\gokay\AppData\Local\Android\sdk
[        ] Parsed shrinker version: 8.3.36
[        ] > Configure project :
[        ] Evaluating root project 'android' using build file 'C:\Users\gokay\Desktop\Ome\omechat_app\android\build.gradle'.
[  +84 ms] > Configure project :connectivity_plus
[        ] Evaluating project ':connectivity_plus' using build file 'C:\Users\gokay\AppData\Local\Pub\Cache\hosted\pub.dev\connectivity_plus-5.0.2\android\build.gradle'.
[        ] Using default execution profile
[        ] > Configure project :flutter_native_splash
[        ] Evaluating project ':flutter_native_splash' using build file 'C:\Users\gokay\AppData\Local\Pub\Cache\hosted\pub.dev\flutter_native_splash-2.4.4\android\build.gradle'.
[        ] Using default execution profile
[  +99 ms] > Configure project :flutter_plugin_android_lifecycle
[        ] Evaluating project ':flutter_plugin_android_lifecycle' using build file 'C:\Users\gokay\AppData\Local\Pub\Cache\hosted\pub.dev\flutter_plugin_android_lifecycle-2.0.26\android\build.gradle'.
[        ] Using default execution profile
[        ] > Configure project :flutter_webrtc
[        ] Evaluating project ':flutter_webrtc' using build file 'C:\Users\gokay\AppData\Local\Pub\Cache\hosted\pub.dev\flutter_webrtc-1.2.1\android\build.gradle'.
[        ] Using default execution profile
[        ] Using Kotlin Gradle Plugin gradle81 variant
[        ] Warning: The plugin flutter_webrtc requires Android SDK version 36 or higher.
[        ] For more information about build configuration, see https://flutter.dev/to/review-gradle-config.
[  +98 ms] > Configure project :image_picker_android
[        ] Evaluating project ':image_picker_android' using build file 'C:\Users\gokay\AppData\Local\Pub\Cache\hosted\pub.dev\image_picker_android-0.8.12+21\android\build.gradle'.
[        ] Using default execution profile
[        ] > Configure project :path_provider_android
[        ] Evaluating project ':path_provider_android' using build file 'C:\Users\gokay\AppData\Local\Pub\Cache\hosted\pub.dev\path_provider_android-2.2.15\android\build.gradle'.
[        ] Using default execution profile
[        ] > Configure project :permission_handler_android
[        ] Evaluating project ':permission_handler_android' using build file 'C:\Users\gokay\AppData\Local\Pub\Cache\hosted\pub.dev\permission_handler_android-12.1.0\android\build.gradle'.
[        ] Using default execution profile
[  +98 ms] > Configure project :shared_preferences_android
[        ] Evaluating project ':shared_preferences_android' using build file 'C:\Users\gokay\AppData\Local\Pub\Cache\hosted\pub.dev\shared_preferences_android-2.4.7\android\build.gradle'.
[        ] Using default execution profile
[        ] Using Kotlin Gradle Plugin gradle81 variant
[        ] > Configure project :sqflite_android
[        ] Evaluating project ':sqflite_android' using build file 'C:\Users\gokay\AppData\Local\Pub\Cache\hosted\pub.dev\sqflite_android-2.4.0\android\build.gradle'.
[        ] Using default execution profile
[        ] All projects evaluated.
[        ] Your proje
ct is configured to c
ompile against Androi
d SDK 35, but the fol
lowing plugin(s) requ
ire to be compiled ag
ainst a higher Androi
d SDK version:
[        ] - flutter_
webrtc compiles again
st Android SDK 36
[        ] Fix this i
ssue by compiling aga
inst the highest Andr
oid SDK version (they
 are backward compati
ble).
[        ] Add the fo
llowing to C:\Users\g
okay\Desktop\Ome\omec
hat_app\android\app\b
uild.gradle:
[        ]     androi
d {
[        ]         co
mpileSdk = 36
[        ]         ..
.
[        ]     }
[  +98 ms] Task name matched 'assembleRelease'
[        ] Selected primary task 'assembleRelease' from project :
[        ] WARNING: We recommend using a newer Android Gradle plugin to use compileSdk = 35
[        ] This Android Gradle plugin (8.3.0) was tested up to compileSdk = 34.
[        ] You are strongly encouraged to update your project to use a newer
[        ] Android Gradle plugin that has been tested with compileSdk = 35.
[        ] If you are already using the latest version of the Android Gradle plugin,
[        ] you may need to wait until a newer version with support for compileSdk = 35 is available.
[        ] To suppress this warning, add/update
[        ]     android.suppressUnsupportedCompileSdk=35
[        ] to this project's gradle.properties.
[  +98 ms] WARNING: We recommend using a newer Android Gradle plugin to use compileSdk = 36
[        ] This Android Gradle plugin (8.3.0) was tested up to compileSdk = 34.
[        ] You are strongly encouraged to update your project to use a newer
[        ] Android Gradle plugin that has been tested with compileSdk = 36.
[        ] If you are already using the latest version of the Android Gradle plugin,
[        ] you may need to wait until a newer version with support for compileSdk = 36 is available.
[        ] To suppress this warning, add/update
[        ]     android.suppressUnsupportedCompileSdk=36
[        ] to this project's gradle.properties.
[ +102 ms] Tasks to be executed: [task ':app:ReleaseMinSdkCheck', task ':app:buildKotlinToolingMetadata', task ':app:preBuild', task ':app:preReleaseBuild', task ':app:generateReleaseBuildConfig', task ':app:compileFlutterBuildRelease', task ':app:packJniLibsflutterBuildRelease', task ':connectivity_plus:preBuild', task ':connectivity_plus:preReleaseBuild', task ':connectivity_plus:writeReleaseAarMetadata', task ':flutter_plugin_android_lifecycle:preBuild', task ':flutter_plugin_android_lifecycle:preReleaseBuild', task ':flutter_plugin_android_lifecycle:writeReleaseAarMetadata', task ':flutter_webrtc:preBuild', task ':flutter_webrtc:preReleaseBuild', task ':flutter_webrtc:writeReleaseAarMetadata', task ':image_picker_android:preBuild', task ':image_picker_android:preReleaseBuild', task ':image_picker_android:writeReleaseAarMetadata', task ':path_provider_android:preBuild', task ':path_provider_android:preReleaseBuild', task ':path_provider_android:writeReleaseAarMetadata', task ':permission_handler_android:preBuild', task ':permission_handler_android:preReleaseBuild', task ':permission_handler_android:writeReleaseAarMetadata', task ':shared_preferences_android:preBuild', task ':shared_preferences_android:preReleaseBuild', task ':shared_preferences_android:writeReleaseAarMetadata', task ':sqflite_android:preBuild', task ':sqflite_android:preReleaseBuild', task ':sqflite_android:writeReleaseAarMetadata', task ':app:checkReleaseAarMetadata', task ':app:cleanMergeReleaseAssets', task ':app:mergeReleaseShaders', task ':app:compileReleaseShaders', task ':app:generateReleaseAssets', task ':connectivity_plus:mergeReleaseShaders', task ':connectivity_plus:compileReleaseShaders', task ':connectivity_plus:generateReleaseAssets', task ':connectivity_plus:packageReleaseAssets', task ':flutter_plugin_android_lifecycle:mergeReleaseShaders', task ':flutter_plugin_android_lifecycle:compileReleaseShaders', task ':flutter_plugin_android_lifecycle:generateReleaseAssets', task ':flutter_plugin_android_lifecycle:packageReleaseAssets', task ':flutter_webrtc:mergeReleaseShaders', task ':flutter_webrtc:compileReleaseShaders', task ':flutter_webrtc:generateReleaseAssets', task ':flutter_webrtc:packageReleaseAssets', task ':image_picker_android:mergeReleaseShaders', task ':image_picker_android:compileReleaseShaders', task ':image_picker_android:generateReleaseAssets', task ':image_picker_android:packageReleaseAssets', task ':path_provider_android:mergeReleaseShaders', task ':path_provider_android:compileReleaseShaders', task ':path_provider_android:generateReleaseAssets', task ':path_provider_android:packageReleaseAssets', task ':permission_handler_android:mergeReleaseShaders', task ':permission_handler_android:compileReleaseShaders', task ':permission_handler_android:generateReleaseAssets', task ':permission_handler_android:packageReleaseAssets', task ':shared_preferences_android:mergeReleaseShaders', task ':shared_preferences_android:compileReleaseShaders', task ':shared_preferences_android:generateReleaseAssets', task ':shared_preferences_android:packageReleaseAssets', task ':sqflite_android:mergeReleaseShaders', task ':sqflite_android:compileReleaseShaders', task ':sqflite_android:generateReleaseAssets', task ':sqflite_android:packageReleaseAssets', task ':app:mergeReleaseAssets', task ':app:copyFlutterAssetsRelease', task ':app:generateReleaseResValues', task ':connectivity_plus:generateReleaseResValues', task ':connectivity_plus:generateReleaseResources', task ':connectivity_plus:packageReleaseResources', task ':flutter_plugin_android_lifecycle:generateReleaseResValues', task ':flutter_plugin_android_lifecycle:generateReleaseResources', task ':flutter_plugin_android_lifecycle:packageReleaseResources', task ':flutter_webrtc:generateReleaseResValues', task ':flutter_webrtc:generateReleaseResources', task ':flutter_webrtc:packageReleaseResources', task ':image_picker_android:generateReleaseResValues', task ':image_picker_android:generateReleaseResources', task ':image_picker_android:packageReleaseResources', task ':path_provider_android:generateReleaseResValues', task ':path_provider_android:generateReleaseResources', task ':path_provider_android:packageReleaseResources', task ':permission_handler_android:generateReleaseResValues', task ':permission_handler_android:generateReleaseResources', task ':permission_handler_android:packageReleaseResources', task ':shared_preferences_android:generateReleaseResValues', task ':shared_preferences_android:generateReleaseResources', task ':shared_preferences_android:packageReleaseResources', task ':sqflite_android:generateReleaseResValues', task ':sqflite_android:generateReleaseResources', task ':sqflite_android:packageReleaseResources', task ':app:mapReleaseSourceSetPaths', task ':app:generateReleaseResources', task ':app:mergeReleaseResources', task ':app:createReleaseCompatibleScreenManifests', task ':app:extractDeepLinksRelease', task ':connectivity_plus:extractDeepLinksRelease', task ':connectivity_plus:processReleaseManifest', task ':flutter_plugin_android_lifecycle:extractDeepLinksRelease', task ':flutter_plugin_android_lifecycle:processReleaseManifest', task ':flutter_webrtc:extractDeepLinksRelease', task ':flutter_webrtc:processReleaseManifest', task ':image_picker_android:extractDeepLinksRelease', task ':image_picker_android:processReleaseManifest', task ':path_provider_android:extractDeepLinksRelease', task ':path_provider_android:processReleaseManifest', task ':permission_handler_android:extractDeepLinksRelease', task ':permission_handler_android:processReleaseManifest', task ':shared_preferences_android:extractDeepLinksRelease', task ':shared_preferences_android:processReleaseManifest', task ':sqflite_android:extractDeepLinksRelease', task ':sqflite_android:processReleaseManifest', task ':app:processReleaseMainManifest', task ':app:outputReleaseAppLinkSettings', task ':app:processReleaseManifest', task ':app:processReleaseManifestForPackage', task ':connectivity_plus:parseReleaseLocalResources', task ':connectivity_plus:generateReleaseRFile', task ':flutter_plugin_android_lifecycle:parseReleaseLocalResources', task ':flutter_plugin_android_lifecycle:generateReleaseRFile', task ':flutter_webrtc:parseReleaseLocalResources', task ':flutter_webrtc:generateReleaseRFile', task ':image_picker_android:parseReleaseLocalResources', task ':image_picker_android:generateReleaseRFile', task ':path_provider_android:parseReleaseLocalResources', task ':path_provider_android:generateReleaseRFile', task ':permission_handler_android:parseReleaseLocalResources', task ':permission_handler_android:generateReleaseRFile', task ':shared_preferences_android:parseReleaseLocalResources', task ':shared_preferences_android:generateReleaseRFile', task ':sqflite_android:parseReleaseLocalResources', task ':sqflite_android:generateReleaseRFile', task ':app:processReleaseResources', task ':connectivity_plus:generateReleaseBuildConfig', task ':connectivity_plus:javaPreCompileRelease', task ':connectivity_plus:compileReleaseJavaWithJavac', task ':connectivity_plus:bundleLibCompileToJarRelease', task ':flutter_plugin_android_lifecycle:generateReleaseBuildConfig', task ':flutter_plugin_android_lifecycle:javaPreCompileRelease', task ':flutter_plugin_android_lifecycle:compileReleaseJavaWithJavac', task ':flutter_plugin_android_lifecycle:bundleLibCompileToJarRelease', task ':flutter_webrtc:generateReleaseBuildConfig', task ':flutter_webrtc:compileReleaseKotlin', task ':flutter_webrtc:javaPreCompileRelease', task ':flutter_webrtc:compileReleaseJavaWithJavac', task ':flutter_webrtc:bundleLibCompileToJarRelease', task ':image_picker_android:generateReleaseBuildConfig', task ':image_picker_android:javaPreCompileRelease', task ':image_picker_android:compileReleaseJavaWithJavac', task ':image_picker_android:bundleLibCompileToJarRelease', task ':path_provider_android:generateReleaseBuildConfig', task ':path_provider_android:javaPreCompileRelease', task ':path_provider_android:compileReleaseJavaWithJavac', task ':path_provider_android:bundleLibCompileToJarRelease', task ':permission_handler_android:generateReleaseBuildConfig', task ':permission_handler_android:javaPreCompileRelease', task ':permission_handler_android:compileReleaseJavaWithJavac', task ':permission_handler_android:bundleLibCompileToJarRelease', task ':shared_preferences_android:generateReleaseBuildConfig', task ':shared_preferences_android:compileReleaseKotlin', task ':shared_preferences_android:javaPreCompileRelease', task ':shared_preferences_android:compileReleaseJavaWithJavac', task ':shared_preferences_android:bundleLibCompileToJarRelease', task ':sqflite_android:generateReleaseBuildConfig', task ':sqflite_android:javaPreCompileRelease', task ':sqflite_android:compileReleaseJavaWithJavac', task ':sqflite_android:bundleLibCompileToJarRelease', task ':app:compileReleaseKotlin', task ':app:javaPreCompileRelease', task ':app:compileReleaseJavaWithJavac', task ':app:extractProguardFiles', task ':connectivity_plus:bundleLibRuntimeToJarRelease', task ':connectivity_plus:processReleaseJavaRes', task ':connectivity_plus:createFullJarRelease', task ':connectivity_plus:extractProguardFiles', task ':connectivity_plus:generateReleaseLintModel', task ':connectivity_plus:prepareLintJarForPublish', task ':flutter_plugin_android_lifecycle:bundleLibRuntimeToJarRelease', task ':flutter_plugin_android_lifecycle:processReleaseJavaRes', task ':flutter_plugin_android_lifecycle:createFullJarRelease', task ':flutter_plugin_android_lifecycle:extractProguardFiles', task ':flutter_plugin_android_lifecycle:generateReleaseLintModel', task ':flutter_plugin_android_lifecycle:prepareLintJarForPublish', task ':flutter_webrtc:bundleLibRuntimeToJarRelease', task ':flutter_webrtc:processReleaseJavaRes', task ':flutter_webrtc:createFullJarRelease', task ':flutter_webrtc:extractProguardFiles', task ':flutter_webrtc:generateReleaseLintModel', task ':flutter_webrtc:prepareLintJarForPublish', task ':image_picker_android:bundleLibRuntimeToJarRelease', task ':image_picker_android:processReleaseJavaRes', task ':image_picker_android:createFullJarRelease', task ':image_picker_android:extractProguardFiles', task ':image_picker_android:generateReleaseLintModel', task ':image_picker_android:prepareLintJarForPublish', task ':path_provider_android:bundleLibRuntimeToJarRelease', task ':path_provider_android:processReleaseJavaRes', task ':path_provider_android:createFullJarRelease', task ':path_provider_android:extractProguardFiles', task ':path_provider_android:generateReleaseLintModel', task ':path_provider_android:prepareLintJarForPublish', task ':permission_handler_android:bundleLibRuntimeToJarRelease', task ':permission_handler_android:processReleaseJavaRes', task ':permission_handler_android:createFullJarRelease', task ':permission_handler_android:extractProguardFiles', task ':permission_handler_android:generateReleaseLintModel', task ':permission_handler_android:prepareLintJarForPublish', task ':shared_preferences_android:bundleLibRuntimeToJarRelease', task ':shared_preferences_android:processReleaseJavaRes', task ':shared_preferences_android:createFullJarRelease', task ':shared_preferences_android:extractProguardFiles', task ':shared_preferences_android:generateReleaseLintModel', task ':shared_preferences_android:prepareLintJarForPublish', task ':sqflite_android:bundleLibRuntimeToJarRelease', task ':sqflite_android:processReleaseJavaRes', task ':sqflite_android:createFullJarRelease', task ':sqflite_android:extractProguardFiles', task ':sqflite_android:generateReleaseLintModel', task ':sqflite_android:prepareLintJarForPublish', task ':app:generateReleaseLintVitalReportModel', task ':connectivity_plus:mergeReleaseJniLibFolders', task ':connectivity_plus:mergeReleaseNativeLibs', task ':connectivity_plus:stripReleaseDebugSymbols', task ':connectivity_plus:copyReleaseJniLibsProjectAndLocalJars', task ':connectivity_plus:extractDeepLinksForAarRelease', task ':connectivity_plus:extractReleaseAnnotations', task ':connectivity_plus:mergeReleaseGeneratedProguardFiles', task ':connectivity_plus:mergeReleaseConsumerProguardFiles', task ':connectivity_plus:prepareReleaseArtProfile', task ':connectivity_plus:mergeReleaseJavaResource', task ':connectivity_plus:syncReleaseLibJars', task ':connectivity_plus:bundleReleaseLocalLintAar', task ':image_picker_android:mergeReleaseJniLibFolders', task ':image_picker_android:mergeReleaseNativeLibs', task ':image_picker_android:stripReleaseDebugSymbols', task ':image_picker_android:copyReleaseJniLibsProjectAndLocalJars', task ':image_picker_android:extractDeepLinksForAarRelease', task ':image_picker_android:extractReleaseAnnotations', task ':image_picker_android:mergeReleaseGeneratedProguardFiles', task ':image_picker_android:mergeReleaseConsumerProguardFiles', task ':image_picker_android:prepareReleaseArtProfile', task ':image_picker_android:mergeReleaseJavaResource', task ':image_picker_android:syncReleaseLibJars', task ':image_picker_android:bundleReleaseLocalLintAar', task ':flutter_plugin_android_lifecycle:mergeReleaseJniLibFolders', task ':flutter_plugin_android_lifecycle:mergeReleaseNativeLibs', task ':flutter_plugin_android_lifecycle:stripReleaseDebugSymbols', task ':flutter_plugin_android_lifecycle:copyReleaseJniLibsProjectAndLocalJars', task ':flutter_plugin_android_lifecycle:extractDeepLinksForAarRelease', task ':flutter_plugin_android_lifecycle:extractReleaseAnnotations', task ':flutter_plugin_android_lifecycle:mergeReleaseGeneratedProguardFiles', task ':flutter_plugin_android_lifecycle:mergeReleaseConsumerProguardFiles', task ':flutter_plugin_android_lifecycle:prepareReleaseArtProfile', task ':flutter_plugin_android_lifecycle:mergeReleaseJavaResource', task ':flutter_plugin_android_lifecycle:syncReleaseLibJars', task ':flutter_plugin_android_lifecycle:bundleReleaseLocalLintAar', task ':flutter_webrtc:mergeReleaseJniLibFolders', task ':flutter_webrtc:mergeReleaseNativeLibs', task ':flutter_webrtc:stripReleaseDebugSymbols', task ':flutter_webrtc:copyReleaseJniLibsProjectAndLocalJars', task ':flutter_webrtc:extractDeepLinksForAarRelease', task ':flutter_webrtc:extractReleaseAnnotations', task ':flutter_webrtc:mergeReleaseGeneratedProguardFiles', task ':flutter_webrtc:mergeReleaseConsumerProguardFiles', task ':flutter_webrtc:prepareReleaseArtProfile', task ':flutter_webrtc:mergeReleaseJavaResource', task ':flutter_webrtc:syncReleaseLibJars', task ':flutter_webrtc:bundleReleaseLocalLintAar', task ':path_provider_android:mergeReleaseJniLibFolders', task ':path_provider_android:mergeReleaseNativeLibs', task ':path_provider_android:stripReleaseDebugSymbols', task ':path_provider_android:copyReleaseJniLibsProjectAndLocalJars', task ':path_provider_android:extractDeepLinksForAarRelease', task ':path_provider_android:extractReleaseAnnotations', task ':path_provider_android:mergeReleaseGeneratedProguardFiles', task ':path_provider_android:mergeReleaseConsumerProguardFiles', task ':path_provider_android:prepareReleaseArtProfile', task ':path_provider_android:mergeReleaseJavaResource', task ':path_provider_android:syncReleaseLibJars', task ':path_provider_android:bundleReleaseLocalLintAar', task ':permission_handler_android:mergeReleaseJniLibFolders', task ':permission_handler_android:mergeReleaseNativeLibs', task ':permission_handler_android:stripReleaseDebugSymbols', task ':permission_handler_android:copyReleaseJniLibsProjectAndLocalJars', task ':permission_handler_android:extractDeepLinksForAarRelease', task ':permission_handler_android:extractReleaseAnnotations', task ':permission_handler_android:mergeReleaseGeneratedProguardFiles', task ':permission_handler_android:mergeReleaseConsumerProguardFiles', task ':permission_handler_android:prepareReleaseArtProfile', task ':permission_handler_android:mergeReleaseJavaResource', task ':permission_handler_android:syncReleaseLibJars', task ':permission_handler_android:bundleReleaseLocalLintAar', task ':shared_preferences_android:mergeReleaseJniLibFolders', task ':shared_preferences_android:mergeReleaseNativeLibs', task ':shared_preferences_android:stripReleaseDebugSymbols', task ':shared_preferences_android:copyReleaseJniLibsProjectAndLocalJars', task ':shared_preferences_android:extractDeepLinksForAarRelease', task ':shared_preferences_android:extractReleaseAnnotations', task ':shared_preferences_android:mergeReleaseGeneratedProguardFiles', task ':shared_preferences_android:mergeReleaseConsumerProguardFiles', task ':shared_preferences_android:prepareReleaseArtProfile', task ':shared_preferences_android:mergeReleaseJavaResource', task ':shared_preferences_android:syncReleaseLibJars', task ':shared_preferences_android:bundleReleaseLocalLintAar', task ':sqflite_android:mergeReleaseJniLibFolders', task ':sqflite_android:mergeReleaseNativeLibs', task ':sqflite_android:stripReleaseDebugSymbols', task ':sqflite_android:copyReleaseJniLibsProjectAndLocalJars', task ':sqflite_android:extractDeepLinksForAarRelease', task ':sqflite_android:extractReleaseAnnotations', task ':sqflite_android:mergeReleaseGeneratedProguardFiles', task ':sqflite_android:mergeReleaseConsumerProguardFiles', task ':sqflite_android:prepareReleaseArtProfile', task ':sqflite_android:mergeReleaseJavaResource', task ':sqflite_android:syncReleaseLibJars', task ':sqflite_android:bundleReleaseLocalLintAar', task ':connectivity_plus:lintVitalAnalyzeRelease', task ':connectivity_plus:writeReleaseLintModelMetadata', task ':flutter_plugin_android_lifecycle:lintVitalAnalyzeRelease', task ':flutter_plugin_android_lifecycle:writeReleaseLintModelMetadata', task ':flutter_webrtc:lintVitalAnalyzeRelease', task ':flutter_webrtc:writeReleaseLintModelMetadata', task ':image_picker_android:lintVitalAnalyzeRelease', task ':image_picker_android:writeReleaseLintModelMetadata', task ':path_provider_android:lintVitalAnalyzeRelease', task ':path_provider_android:writeReleaseLintModelMetadata', task ':permission_handler_android:lintVitalAnalyzeRelease', task ':permission_handler_android:writeReleaseLintModelMetadata', task ':shared_preferences_android:lintVitalAnalyzeRelease', task ':shared_preferences_android:writeReleaseLintModelMetadata', task ':sqflite_android:lintVitalAnalyzeRelease', task ':sqflite_android:writeReleaseLintModelMetadata', task ':app:lintVitalAnalyzeRelease', task ':connectivity_plus:generateReleaseLintVitalModel', task ':flutter_plugin_android_lifecycle:generateReleaseLintVitalModel', task ':flutter_webrtc:generateReleaseLintVitalModel', task ':image_picker_android:generateReleaseLintVitalModel', task ':path_provider_android:generateReleaseLintVitalModel', task ':permission_handler_android:generateReleaseLintVitalModel', task ':shared_preferences_android:generateReleaseLintVitalModel', task ':sqflite_android:generateReleaseLintVitalModel', task ':app:lintVitalReportRelease', task ':app:lintVitalRelease', task ':app:configureCMakeRelease[arm64-v8a]', task ':app:buildCMakeRelease[arm64-v8a]', task ':app:configureCMakeRelease[armeabi-v7a]', task ':app:buildCMakeRelease[armeabi-v7a]', task ':app:configureCMakeRelease[x86_64]', task ':app:buildCMakeRelease[x86_64]', task ':app:mergeReleaseJniLibFolders', task ':connectivity_plus:copyReleaseJniLibsProjectOnly', task ':flutter_plugin_android_lifecycle:copyReleaseJniLibsProjectOnly', task ':flutter_webrtc:copyReleaseJniLibsProjectOnly', task ':image_picker_android:copyReleaseJniLibsProjectOnly', task ':path_provider_android:copyReleaseJniLibsProjectOnly', task ':permission_handler_android:copyReleaseJniLibsProjectOnly', task ':shared_preferences_android:copyReleaseJniLibsProjectOnly', task ':sqflite_android:copyReleaseJniLibsProjectOnly', task ':app:mergeReleaseNativeLibs', task ':app:stripReleaseDebugSymbols', task ':app:extractReleaseNativeSymbolTables', task ':app:mergeReleaseNativeDebugMetadata', task ':connectivity_plus:exportReleaseConsumerProguardFiles', task ':image_picker_android:exportReleaseConsumerProguardFiles', task ':flutter_plugin_android_lifecycle:exportReleaseConsumerProguardFiles', task ':flutter_webrtc:exportReleaseConsumerProguardFiles', task ':path_provider_android:exportReleaseConsumerProguardFiles', task ':permission_handler_android:exportReleaseConsumerProguardFiles', task ':shared_preferences_android:exportReleaseConsumerProguardFiles', task ':sqflite_android:exportReleaseConsumerProguardFiles', task ':app:checkReleaseDuplicateClasses', task ':app:mergeReleaseArtProfile', task ':app:expandReleaseArtProfileWildcards', task ':app:mergeReleaseGeneratedProguardFiles', task ':app:processReleaseJavaRes', task ':app:mergeReleaseJavaResource', task ':app:minifyReleaseWithR8', task ':app:compileReleaseArtProfile', task ':app:compressReleaseAssets', task ':app:extractReleaseVersionControlInfo', task ':app:processApplicationManifestReleaseForBundle', task ':app:bundleReleaseResources', task ':app:shrinkReleaseRes', task ':app:optimizeReleaseResources', task ':app:collectReleaseDependencies', task ':app:sdkReleaseDependencyData', task ':app:validateSigningRelease', task ':app:writeReleaseAppMetadata', task ':app:writeReleaseSigningConfigVersions', task ':app:packageRelease', task ':app:createReleaseApkListingFileRedirect', task ':app:assembleRelease', task ':connectivity_plus:bundleReleaseAar', task ':connectivity_plus:mapReleaseSourceSetPaths', task ':connectivity_plus:mergeReleaseResources', task ':connectivity_plus:verifyReleaseResources', task ':connectivity_plus:assembleRelease', task ':flutter_native_splash:preBuild', task ':flutter_native_splash:preReleaseBuild', task ':flutter_native_splash:mergeReleaseJniLibFolders', task ':flutter_native_splash:mergeReleaseNativeLibs', task ':flutter_native_splash:stripReleaseDebugSymbols', task ':flutter_native_splash:copyReleaseJniLibsProjectAndLocalJars', task ':flutter_native_splash:generateReleaseResValues', task ':flutter_native_splash:extractDeepLinksForAarRelease', task ':flutter_native_splash:generateReleaseBuildConfig', task ':flutter_native_splash:generateReleaseResources', task ':flutter_native_splash:packageReleaseResources', task ':flutter_native_splash:parseReleaseLocalResources', task ':flutter_native_splash:generateReleaseRFile', task ':flutter_native_splash:extractReleaseAnnotations', task ':flutter_native_splash:javaPreCompileRelease', task ':flutter_native_splash:compileReleaseJavaWithJavac', task ':flutter_native_splash:mergeReleaseGeneratedProguardFiles', task ':flutter_native_splash:mergeReleaseConsumerProguardFiles', task ':flutter_native_splash:mergeReleaseShaders', task ':flutter_native_splash:compileReleaseShaders', task ':flutter_native_splash:generateReleaseAssets', task ':flutter_native_splash:packageReleaseAssets', task ':flutter_native_splash:prepareLintJarForPublish', task ':flutter_native_splash:prepareReleaseArtProfile', task ':flutter_native_splash:processReleaseManifest', task ':flutter_native_splash:processReleaseJavaRes', task ':flutter_native_splash:mergeReleaseJavaResource', task ':flutter_native_splash:syncReleaseLibJars', task ':flutter_native_splash:writeReleaseAarMetadata', task ':flutter_native_splash:bundleReleaseAar', task ':flutter_native_splash:mapReleaseSourceSetPaths', task ':flutter_native_splash:mergeReleaseResources', task ':flutter_native_splash:verifyReleaseResources', task ':flutter_native_splash:assembleRelease', task ':flutter_plugin_android_lifecycle:bundleReleaseAar', task ':flutter_plugin_android_lifecycle:mapReleaseSourceSetPaths', task ':flutter_plugin_android_lifecycle:mergeReleaseResources', task ':flutter_plugin_android_lifecycle:verifyReleaseResources', task ':flutter_plugin_android_lifecycle:assembleRelease', task ':flutter_webrtc:bundleReleaseAar', task ':flutter_webrtc:mapReleaseSourceSetPaths', task ':flutter_webrtc:mergeReleaseResources', task ':flutter_webrtc:verifyReleaseResources', task ':flutter_webrtc:assembleRelease', task ':image_picker_android:bundleReleaseAar', task ':flutter_plugin_android_lifecycle:compileReleaseLibraryResources', task ':image_picker_android:mapReleaseSourceSetPaths', task ':image_picker_android:mergeReleaseResources', task ':image_picker_android:verifyReleaseResources', task ':image_picker_android:assembleRelease', task ':path_provider_android:bundleReleaseAar', task ':path_provider_android:mapReleaseSourceSetPaths', task ':path_provider_android:mergeReleaseResources', task ':path_provider_android:verifyReleaseResources', task ':path_provider_android:assembleRelease', task ':permission_handler_android:bundleReleaseAar', task ':permission_handler_android:mapReleaseSourceSetPaths', task ':permission_handler_android:mergeReleaseResources', task ':permission_handler_android:verifyReleaseResources', task ':permission_handler_android:assembleRelease', task ':shared_preferences_android:bundleReleaseAar', task ':shared_preferences_android:mapReleaseSourceSetPaths', task ':shared_preferences_android:mergeReleaseResources', task ':shared_preferences_android:verifyReleaseResources', task ':shared_preferences_android:assembleRelease', task ':sqflite_android:bundleReleaseAar', task ':sqflite_android:mapReleaseSourceSetPaths', task ':sqflite_android:mergeReleaseResources', task ':sqflite_android:verifyReleaseResources', task ':sqflite_android:assembleRelease']
[   +1 ms] Tasks that were excluded: []
[        ] work action Parameters of ExtractAarTransform (Thread[#1477,included builds,5,main]) started.
[        ] work action Parameters of ExtractAarTransform (Thread[#1477,included builds,5,main]) started.
[        ] work action Parameters of FilterShrinkerRulesTransform (Thread[#1477,included builds,5,main]) started.
[        ] Resolve mutations for :app:ReleaseMinSdkCheck (Thread[#1477,included builds,5,main]) started.
[        ] :app:ReleaseMinSdkCheck (Thread[#1477,included builds,5,main]) started.
[        ] > Task :app:ReleaseMinSdkCheck
[        ] Caching disabled for task ':app:ReleaseMinSdkCheck' because:
[        ]   Build cache is disabled
[        ] Task ':app:ReleaseMinSdkCheck' is not up-to-date because:
[        ]   Task has not declared any outputs despite executing actions.
[        ] Resolve mutations for :app:buildKotlinToolingMetadata (Thread[#1477,included builds,5,main]) started.
[        ] :app:buildKotlinToolingMetadata (Thread[#1477,included builds,5,main]) started.
[        ] > Task :app:buildKotlinToolingMetadata UP-TO-DATE
[        ] Caching disabled for task ':app:buildKotlinToolingMetadata' because:
[        ]   Build cache is disabled
[        ] Skipping task ':app:buildKotlinToolingMetadata' as it is up-to-date.
[        ] Resolve mutations for :app:preBuild (Thread[#1477,included builds,5,main]) started.
[        ] :app:preBuild (Thread[#1477,included builds,5,main]) started.
[        ] > Task :app:preBuild UP-TO-DATE
[        ] Skipping task ':app:preBuild' as it has no actions.
[        ] Resolve mutations for :app:preReleaseBuild (Thread[#1477,included builds,5,main]) started.
[        ] :app:preReleaseBuild (Thread[#1477,included builds,5,main]) started.
[        ] > Task :app:preReleaseBuild UP-TO-DATE
[        ] Skipping task ':app:preReleaseBuild' as it has no actions.
[        ] Resolve mutations for :app:generateReleaseBuildConfig (Thread[#1477,included builds,5,main]) started.
[        ] :app:generateReleaseBuildConfig (Thread[#1477,included builds,5,main]) started.
[        ] > Task :app:generateReleaseBuildConfig UP-TO-DATE
[        ] Caching disabled for task ':app:generateReleaseBuildConfig' because:
[        ]   Build cache is disabled
[        ] Skipping task ':app:generateReleaseBuildConfig' as it is up-to-date.
[        ] Resolve mutations for :app:compileFlutterBuildRelease (Thread[#1477,included builds,5,main]) started.
[        ] :app:compileFlutterBuildRelease (Thread[#1477,included builds,5,main]) started.
[+1989 ms] > Task :app:compileFlutterBuildRelease
[        ] Caching disabled for task ':app:compileFlutterBuildRelease' because:
[        ]   Build cache is disabled
[        ] Task ':app:compileFlutterBuildRelease' is not up-to-date because:
[        ]   Value of input property 'verbose' has changed for task ':app:compileFlutterBuildRelease'
[        ] Starting process 'command 'C:\src\flutter\bin\flutter.bat''. Working directory: C:\Users\gokay\Desktop\Ome\omechat_app Command: C:\src\flutter\bin\flutter.bat --verbose assemble --no-version-check --depfile C:\Users\gokay\Desktop\Ome\omechat_app\build\app\intermediates\flutter\release/flutter_build.d --output C:\Users\gokay\Desktop\Ome\omechat_app\build\app\intermediates\flutter\release -dTargetFile=lib\main.dart -dTargetPlatform=android -dBuildMode=release -dTrackWidgetCreation=true -dTreeShakeIcons=true --DartDefines=RkxVVFRFUl9WRVJTSU9OPTMuMzguNQ==,RkxVVFRFUl9DSEFOTkVMPXN0YWJsZQ==,RkxVVFRFUl9HSVRfVVJMPWh0dHBzOi8vZ2l0aHViLmNvbS9mbHV0dGVyL2ZsdXR0ZXIuZ2l0,RkxVVFRFUl9GUkFNRVdPUktfUkVWSVNJT049ZjZmZjE1MjlmZA==,RkxVVFRFUl9FTkdJTkVfUkVWSVNJT049MTUyN2FlMGVjNQ==,RkxVVFRFUl9EQVJUX1ZFUlNJT049My4xMC40 -dFlavor= -dAndroidArchs=android-arm android-arm64 android-x64 -dMinSdkVersion=24 android_aot_bundle_release_android-arm android_aot_bundle_release_android-arm64 android_aot_bundle_release_android-x64
[        ] Successfully started process 'command 'C:\src\flutter\bin\flutter.bat''
[        ] [ +104 ms] Artifact Instance of 'MaterialFonts' is not required, skipping update.
[        ] [        ] Artifact Instance of 'GradleWrapper' is not required, skipping update.
[        ] [        ] Artifact Instance of 'AndroidGenSnapshotArtifacts' is not required, skipping update.
[        ] [        ] Artifact Instance of 'AndroidInternalBuildArtifacts' is not required, skipping update.
[        ] [        ] Artifact Instance of 'IOSEngineArtifacts' is not required, skipping update.
[        ] [        ] Artifact Instance of 'FlutterWebSdk' is not required, skipping update.
[        ] [        ] Artifact Instance of 'LegacyCanvasKitRemover' is not required, skipping update.
[        ] [        ] Artifact Instance of 'FlutterSdk' is not required, skipping update.
[        ] [        ] Artifact Instance of 'WindowsEngineArtifacts' is not required, skipping update.
[        ] [        ] Artifact Instance of 'MacOSEngineArtifacts' is not required, skipping update.
[        ] [        ] Artifact Instance of 'LinuxEngineArtifacts' is not required, skipping update.
[        ] [        ] Artifact Instance of 'LinuxFuchsiaSDKArtifacts' is not required, skipping update.
[        ] [        ] Artifact Instance of 'MacOSFuchsiaSDKArtifacts' is not required, skipping update.
[        ] [        ] Artifact Instance of 'FlutterRunnerSDKArtifacts' is not required, skipping update.
[        ] [        ] Artifact Instance of 'FlutterRunnerDebugSymbols' is not required, skipping update.
[        ] [        ] Artifact Instance of 'IosUsbArtifacts' is not required, skipping update.
[        ] [        ] Artifact Instance of 'IosUsbArtifacts' is not required, skipping update.
[        ] [        ] Artifact Instance of 'IosUsbArtifacts' is not required, skipping update.
[        ] [        ] Artifact Instance of 'IosUsbArtifacts' is not required, skipping update.
[        ] [        ] Artifact Instance of 'IosUsbArtifacts' is not required, skipping update.
[        ] [        ] Artifact Instance of 'IosUsbArtifacts' is not required, skipping update.
[        ] [        ] Artifact Instance of 'FontSubsetArtifacts' is not required, skipping update.
[        ] [        ] Artifact Instance of 'PubDependencies' is not required, skipping update.
[        ] [   +8 ms] Artifact Instance of 'AndroidGenSnapshotArtifacts' is not required, skipping update.
[        ] [        ] Artifact Instance of 'AndroidInternalBuildArtifacts' is not required, skipping update.
[        ] [        ] Artifact Instance of 'IOSEngineArtifacts' is not required, skipping update.
[        ] [        ] Artifact Instance of 'FlutterWebSdk' is not required, skipping update.
[        ] [        ] Artifact Instance of 'FlutterEngineStamp' is not required, skipping update.
[        ] [        ] Artifact Instance of 'LegacyCanvasKitRemover' is not required, skipping update.
[        ] [   +2 ms] Artifact Instance of 'WindowsEngineArtifacts' is not required, skipping update.
[        ] [        ] Artifact Instance of 'MacOSEngineArtifacts' is not required, skipping update.
[        ] [        ] Artifact Instance of 'LinuxEngineArtifacts' is not required, skipping update.
[        ] [        ] Artifact Instance of 'LinuxFuchsiaSDKArtifacts' is not required, skipping update.
[        ] [        ] Artifact Instance of 'MacOSFuchsiaSDKArtifacts' is not required, skipping update.
[        ] [        ] Artifact Instance of 'FlutterRunnerSDKArtifacts' is not required, skipping update.
[        ] [        ] Artifact Instance of 'FlutterRunnerDebugSymbols' is not required, skipping update.
[        ] [  +42 ms] Artifact Instance of 'MaterialFonts' is not required, skipping update.
[        ] [        ] Artifact Instance of 'GradleWrapper' is not required, skipping update.
[        ] [   +1 ms] Artifact Instance of 'AndroidInternalBuildArtifacts' is not required, skipping update.
[        ] [        ] Artifact Instance of 'IOSEngineArtifacts' is not required, skipping update.
[        ] [        ] Artifact Instance of 'FlutterWebSdk' is not required, skipping update.
[        ] [        ] Artifact Instance of 'FlutterEngineStamp' is not required, skipping update.
[        ] [        ] Artifact Instance of 'LegacyCanvasKitRemover' is not required, skipping update.
[        ] [        ] Artifact Instance of 'FlutterSdk' is not required, skipping update.
[        ] [        ] Artifact Instance of 'WindowsEngineArtifacts' is not required, skipping update.
[        ] [        ] Artifact Instance of 'MacOSEngineArtifacts' is not required, skipping update.
[        ] [        ] Artifact Instance of 'LinuxEngineArtifacts' is not required, skipping update.
[        ] [        ] Artifact Instance of 'LinuxFuchsiaSDKArtifacts' is not required, skipping update.
[        ] [        ] Artifact Instance of 'MacOSFuchsiaSDKArtifacts' is not required, skipping update.
[        ] [        ] Artifact Instance of 'FlutterRunnerSDKArtifacts' is not required, skipping update.
[        ] [        ] Artifact Instance of 'FlutterRunnerDebugSymbols' is not required, skipping update.
[        ] [        ] Artifact Instance of 'IosUsbArtifacts' is not required, skipping update.
[        ] [        ] Artifact Instance of 'IosUsbArtifacts' is not required, skipping update.
[        ] [        ] Artifact Instance of 'IosUsbArtifacts' is not required, skipping update.
[        ] [        ] Artifact Instance of 'IosUsbArtifacts' is not required, skipping update.
[        ] [        ] Artifact Instance of 'IosUsbArtifacts' is not required, skipping update.
[        ] [        ] Artifact Instance of 'IosUsbArtifacts' is not required, skipping update.
[        ] [        ] Artifact Instance of 'FontSubsetArtifacts' is not required, skipping update.
[        ] [        ] Artifact Instance of 'PubDependencies' is not required, skipping update.
[        ] [  +31 ms] Initializing file store
[        ] [  +15 ms] Done initializing file store
[        ] [ +109 ms] Skipping target: gen_localizations
[        ] [   +2 ms] Skipping target: gen_dart_plugin_registrant
[        ] [   +1 ms] Skipping target: dart_build
[        ] [ +529 ms] Skipping target: install_code_assets
[        ] [   +1 ms] kernel_snapshot_program: Starting due to {InvalidatedReasonKind.outputSetAddition: The following outputs were added to the output set: C:\Users\gokay\Desktop\Ome\omechat_app\.dart_tool\flutter_build\3b2d886ef5a55fdab5e113dd02e615e4\app.dill}
[        ] [  +14 ms] C:\src\flutter\bin\cache\dart-sdk\bin\dartaotruntime.exe C:\src\flutter\bin\cache\dart-sdk\bin\snapshots\frontend_server_aot.dart.snapshot --sdk-root C:\src\flutter\bin\cache\artifacts\engine\common\flutter_patched_sdk_product/ --target=flutter --no-print-incremental-dependencies -DFLUTTER_VERSION=3.38.5 -DFLUTTER_CHANNEL=stable -DFLUTTER_GIT_URL=https://github.com/flutter/flutter.git -DFLUTTER_FRAMEWORK_REVISION=f6ff1529fd -DFLUTTER_ENGINE_REVISION=1527ae0ec5 -DFLUTTER_DART_VERSION=3.10.4 -DFLUTTER_APP_FLAVOR= -Ddart.vm.profile=false -Ddart.vm.product=true --delete-tostring-package-uri=dart:ui --delete-tostring-package-uri=package:flutter --aot --tfa --target-os android --packages C:\Users\gokay\Desktop\Ome\omechat_app\.dart_tool\package_config.json --output-dill C:\Users\gokay\Desktop\Ome\omechat_app\.dart_tool\flutter_build\3b2d886ef5a55fdab5e113dd02e615e4\app.dill --depfile C:\Users\gokay\Desktop\Ome\omechat_app\.dart_tool\flutter_build\3b2d886ef5a55fdab5e113dd02e615e4\kernel_snapshot_program.d --source file:///C:/Users/gokay/Desktop/Ome/omechat_app/.dart_tool/flutter_build/dart_plugin_registrant.dart --source package:flutter/src/dart_plugin_registrant.dart -Dflutter.dart_plugin_registrant=file:///C:/Users/gokay/Desktop/Ome/omechat_app/.dart_tool/flutter_build/dart_plugin_registrant.dart --verbosity=error package:omechat/main.dart
[+3892 ms] [+4202 ms]
 lib/core/widgets/ios
_liquid_navbar.dart:2
31:17: Error: No name
d parameter with the 
name 'size'.
[        ] [   +1 ms]
                 size
: Size(blobWidth, 56)
,
[        ] [        ]
                 ^^^^
[        ] [        ]
 ../../../AppData/Loc
al/Pub/Cache/hosted/p
ub.dev/liquid_glass_r
enderer-0.2.0-dev.4/l
ib/src/liquid_glass.d
art:48:9: Context: Fo
und this candidate, b
ut the arguments don'
t match.
[        ] [        ]
   const LiquidGlass.
grouped({
[        ] [        ]
         ^^^^^^^^^^^^
^^^^^^^
[+3999 ms] [+3996 ms] Persisting file store
[        ] [  +15 ms] Done persisting file store
[        ] [   +6 ms]
 Target kernel_snapsh
ot_program failed: Ex
ception
[        ]           
 #0      KernelSnapsh
ot.build (package:flu
tter_tools/src/build_
system/targets/common
.dart:289:7)
[        ]           
 <asynchronous suspen
sion>
[        ]           
 #1      _BuildInstan
ce._invokeInternal (p
ackage:flutter_tools/
src/build_system/buil
d_system.dart:895:9)
[        ]           
 <asynchronous suspen
sion>
[        ]           
 #2      Future.wait.
<anonymous closure> (
dart:async/future.dar
t:546:21)
[        ]           
 <asynchronous suspen
sion>
[        ]           
 #3      _BuildInstan
ce.invokeTarget (pack
age:flutter_tools/src
/build_system/build_s
ystem.dart:833:32)
[        ]           
 <asynchronous suspen
sion>
[        ]           
 #4      Future.wait.
<anonymous closure> (
dart:async/future.dar
t:546:21)
[        ]           
 <asynchronous suspen
sion>
[        ]           
 #5      _BuildInstan
ce.invokeTarget (pack
age:flutter_tools/src
/build_system/build_s
ystem.dart:833:32)
[        ]           
 <asynchronous suspen
sion>
[        ]           
 #6      Future.wait.
<anonymous closure> (
dart:async/future.dar
t:546:21)
[        ]           
 <asynchronous suspen
sion>
[        ]           
 #7      _BuildInstan
ce.invokeTarget (pack
age:flutter_tools/src
/build_system/build_s
ystem.dart:833:32)
[        ]           
 <asynchronous suspen
sion>
[        ]           
 #8      FlutterBuild
System.build (package
:flutter_tools/src/bu
ild_system/build_syst
em.dart:653:16)
[        ]           
 <asynchronous suspen
sion>
[        ]           
 #9      AssembleComm
and.runCommand (packa
ge:flutter_tools/src/
commands/assemble.dar
t:361:32)
[        ]           
 <asynchronous suspen
sion>
[        ]           
 #10     FlutterComma
nd.run.<anonymous clo
sure> (package:flutte
r_tools/src/runner/fl
utter_command.dart:15
59:27)
[        ]           
 <asynchronous suspen
sion>
[        ]           
 #11     AppContext.r
un.<anonymous closure
> (package:flutter_to
ols/src/base/context.
dart:154:19)
[        ]           
 <asynchronous suspen
sion>
[        ]           
 #12     CommandRunne
r.runCommand (package
:args/command_runner.
dart:212:13)
[        ]           
 <asynchronous suspen
sion>
[        ]           
 #13     FlutterComma
ndRunner.runCommand.<
anonymous closure> (p
ackage:flutter_tools/
src/runner/flutter_co
mmand_runner.dart:487
:9)
[        ]           
 <asynchronous suspen
sion>
[        ]           
 #14     AppContext.r
un.<anonymous closure
> (package:flutter_to
ols/src/base/context.
dart:154:19)
[        ]           
 <asynchronous suspen
sion>
[        ]           
 #15     FlutterComma
ndRunner.runCommand (
package:flutter_tools
/src/runner/flutter_c
ommand_runner.dart:42
2:5)
[        ]           
 <asynchronous suspen
sion>
[        ]           
 #16     run.<anonymo
us closure>.<anonymou
s closure> (package:f
lutter_tools/runner.d
art:104:11)
[        ]           
 <asynchronous suspen
sion>
[        ]           
 #17     AppContext.r
un.<anonymous closure
> (package:flutter_to
ols/src/base/context.
dart:154:19)
[        ]           
 <asynchronous suspen
sion>
[        ]           
 #18     main (packag
e:flutter_tools/execu
table.dart:103:3)
[        ]           
 <asynchronous suspen
sion>
[        ] [   +1 ms] "flutter assemble" took 8.984ms.
[  +95 ms] [  +83 ms]
 
[        ]           
 #0      throwToolExi
t (package:flutter_to
ols/src/base/common.d
art:34:3)
[        ]           
 #1      AssembleComm
and.runCommand (packa
ge:flutter_tools/src/
commands/assemble.dar
t:379:7)
[        ]           
 <asynchronous suspen
sion>
[        ]           
 #2      FlutterComma
nd.run.<anonymous clo
sure> (package:flutte
r_tools/src/runner/fl
utter_command.dart:15
59:27)
[        ]           
 <asynchronous suspen
sion>
[        ]           
 #3      AppContext.r
un.<anonymous closure
> (package:flutter_to
ols/src/base/context.
dart:154:19)
[        ]           
 <asynchronous suspen
sion>
[        ]           
 #4      CommandRunne
r.runCommand (package
:args/command_runner.
dart:212:13)
[        ]           
 <asynchronous suspen
sion>
[        ]           
 #5      FlutterComma
ndRunner.runCommand.<
anonymous closure> (p
ackage:flutter_tools/
src/runner/flutter_co
mmand_runner.dart:487
:9)
[        ]           
 <asynchronous suspen
sion>
[        ]           
 #6      AppContext.r
un.<anonymous closure
> (package:flutter_to
ols/src/base/context.
dart:154:19)
[        ]           
 <asynchronous suspen
sion>
[        ]           
 #7      FlutterComma
ndRunner.runCommand (
package:flutter_tools
/src/runner/flutter_c
ommand_runner.dart:42
2:5)
[        ]           
 <asynchronous suspen
sion>
[        ]           
 #8      run.<anonymo
us closure>.<anonymou
s closure> (package:f
lutter_tools/runner.d
art:104:11)
[        ]           
 <asynchronous suspen
sion>
[        ]           
 #9      AppContext.r
un.<anonymous closure
> (package:flutter_to
ols/src/base/context.
dart:154:19)
[        ]           
 <asynchronous suspen
sion>
[        ]           
 #10     main (packag
e:flutter_tools/execu
table.dart:103:3)
[        ]           
 <asynchronous suspen
sion>
[        ] [        ] Running 1 shutdown hook
[        ] [   +1 ms] Shutdown hooks complete
[ +196 ms] [ +178 ms] exiting with code 1
[        ] > Task :app:compileFlutterBuildRelease FAILED
[        ] Could not execute [report metric STATISTICS_COLLECT_METRICS_OVERHEAD]
[        ] Could not execute [report metric STATISTICS_COLLECT_METRICS_OVERHEAD]
[        ] Could not execute [report metric STATISTICS_COLLECT_METRICS_OVERHEAD]
[        ] FAILURE: B
uild failed with an e
xception.
[        ] * What wen
t wrong:
[        ] Execution 
failed for task ':app
:compileFlutterBuildR
elease'.
[        ] > Process 
'command 'C:\src\flut
ter\bin\flutter.bat''
 finished with non-ze
ro exit value 1
[        ] * Try:
[        ] > Run with
 --debug option to ge
t more log output.
[        ] > Run with
 --scan to get full i
nsights.
[        ] > Get more
 help at https://help
.gradle.org.
[        ] * Exceptio
n is:
[        ] org.gradle
.api.tasks.TaskExecut
ionException: Executi
on failed for task ':
app:compileFlutterBui
ldRelease'.
[        ] 	at org.gr
adle.api.internal.tas
ks.execution.ExecuteA
ctionsTaskExecuter.la
mbda$executeIfValid$1
(ExecuteActionsTaskEx
ecuter.java:148)
[        ] 	at org.gr
adle.internal.Try$Fai
lure.ifSuccessfulOrEl
se(Try.java:282)
[        ] 	at org.gr
adle.api.internal.tas
ks.execution.ExecuteA
ctionsTaskExecuter.ex
ecuteIfValid(ExecuteA
ctionsTaskExecuter.ja
va:146)
[        ] 	at org.gr
adle.api.internal.tas
ks.execution.ExecuteA
ctionsTaskExecuter.ex
ecute(ExecuteActionsT
askExecuter.java:134)
[        ] 	at org.gr
adle.api.internal.tas
ks.execution.Finalize
PropertiesTaskExecute
r.execute(FinalizePro
pertiesTaskExecuter.j
ava:46)
[        ] 	at org.gr
adle.api.internal.tas
ks.execution.ResolveT
askExecutionModeExecu
ter.execute(ResolveTa
skExecutionModeExecut
er.java:51)
[        ] 	at org.gr
adle.api.internal.tas
ks.execution.SkipTask
WithNoActionsExecuter
.execute(SkipTaskWith
NoActionsExecuter.jav
a:57)
[        ] 	at org.gr
adle.api.internal.tas
ks.execution.SkipOnly
IfTaskExecuter.execut
e(SkipOnlyIfTaskExecu
ter.java:74)
[        ] 	at org.gr
adle.api.internal.tas
ks.execution.CatchExc
eptionTaskExecuter.ex
ecute(CatchExceptionT
askExecuter.java:36)
[        ] 	at org.gr
adle.api.internal.tas
ks.execution.EventFir
ingTaskExecuter$1.exe
cuteTask(EventFiringT
askExecuter.java:77)
[        ] 	at org.gr
adle.api.internal.tas
ks.execution.EventFir
ingTaskExecuter$1.cal
l(EventFiringTaskExec
uter.java:55)
[        ] 	at org.gr
adle.api.internal.tas
ks.execution.EventFir
ingTaskExecuter$1.cal
l(EventFiringTaskExec
uter.java:52)
[        ] 	at org.gr
adle.internal.operati
ons.DefaultBuildOpera
tionRunner$CallableBu
ildOperationWorker.ex
ecute(DefaultBuildOpe
rationRunner.java:204
)
[        ] 	at org.gr
adle.internal.operati
ons.DefaultBuildOpera
tionRunner$CallableBu
ildOperationWorker.ex
ecute(DefaultBuildOpe
rationRunner.java:199
)
[        ] 	at org.gr
adle.internal.operati
ons.DefaultBuildOpera
tionRunner$2.execute(
DefaultBuildOperation
Runner.java:66)
[        ] 	at org.gr
adle.internal.operati
ons.DefaultBuildOpera
tionRunner$2.execute(
DefaultBuildOperation
Runner.java:59)
[        ] 	at org.gr
adle.internal.operati
ons.DefaultBuildOpera
tionRunner.execute(De
faultBuildOperationRu
nner.java:157)
[        ] 	at org.gr
adle.internal.operati
ons.DefaultBuildOpera
tionRunner.execute(De
faultBuildOperationRu
nner.java:59)
[        ] 	at org.gr
adle.internal.operati
ons.DefaultBuildOpera
tionRunner.call(Defau
ltBuildOperationRunne
r.java:53)
[        ] 	at org.gr
adle.internal.operati
ons.DefaultBuildOpera
tionExecutor.call(Def
aultBuildOperationExe
cutor.java:73)
[        ] 	at org.gr
adle.api.internal.tas
ks.execution.EventFir
ingTaskExecuter.execu
te(EventFiringTaskExe
cuter.java:52)
[        ] 	at org.gr
adle.execution.plan.L
ocalTaskNodeExecutor.
execute(LocalTaskNode
Executor.java:42)
[        ] 	at org.gr
adle.execution.taskgr
aph.DefaultTaskExecut
ionGraph$InvokeNodeEx
ecutorsAction.execute
(DefaultTaskExecution
Graph.java:331)
[        ] 	at org.gr
adle.execution.taskgr
aph.DefaultTaskExecut
ionGraph$InvokeNodeEx
ecutorsAction.execute
(DefaultTaskExecution
Graph.java:318)
[        ] 	at org.gr
adle.execution.taskgr
aph.DefaultTaskExecut
ionGraph$BuildOperati
onAwareExecutionActio
n.lambda$execute$0(De
faultTaskExecutionGra
ph.java:314)
[        ] 	at org.gr
adle.internal.operati
ons.CurrentBuildOpera
tionRef.with(CurrentB
uildOperationRef.java
:80)
[        ] 	at org.gr
adle.execution.taskgr
aph.DefaultTaskExecut
ionGraph$BuildOperati
onAwareExecutionActio
n.execute(DefaultTask
ExecutionGraph.java:3
14)
[        ] 	at org.gr
adle.execution.taskgr
aph.DefaultTaskExecut
ionGraph$BuildOperati
onAwareExecutionActio
n.execute(DefaultTask
ExecutionGraph.java:3
03)
[        ] 	at org.gr
adle.execution.plan.D
efaultPlanExecutor$Ex
ecutorWorker.execute(
DefaultPlanExecutor.j
ava:463)
[        ] 	at org.gr
adle.execution.plan.D
efaultPlanExecutor$Ex
ecutorWorker.run(Defa
ultPlanExecutor.java:
380)
[        ] 	at org.gr
adle.execution.plan.D
efaultPlanExecutor.pr
ocess(DefaultPlanExec
utor.java:116)
[        ] 	at org.gr
adle.execution.taskgr
aph.DefaultTaskExecut
ionGraph.executeWithS
ervices(DefaultTaskEx
ecutionGraph.java:138
)
[        ] 	at org.gr
adle.execution.taskgr
aph.DefaultTaskExecut
ionGraph.execute(Defa
ultTaskExecutionGraph
.java:123)
[        ] 	at org.gr
adle.execution.Select
edTaskExecutionAction
.execute(SelectedTask
ExecutionAction.java:
35)
[        ] 	at org.gr
adle.execution.DryRun
BuildExecutionAction.
execute(DryRunBuildEx
ecutionAction.java:51
)
[        ] 	at org.gr
adle.execution.BuildO
perationFiringBuildWo
rkerExecutor$ExecuteT
asks.call(BuildOperat
ionFiringBuildWorkerE
xecutor.java:54)
[        ] 	at org.gr
adle.execution.BuildO
perationFiringBuildWo
rkerExecutor$ExecuteT
asks.call(BuildOperat
ionFiringBuildWorkerE
xecutor.java:43)
[        ] 	at org.gr
adle.internal.operati
ons.DefaultBuildOpera
tionRunner$CallableBu
ildOperationWorker.ex
ecute(DefaultBuildOpe
rationRunner.java:204
)
[        ] 	at org.gr
adle.internal.operati
ons.DefaultBuildOpera
tionRunner$CallableBu
ildOperationWorker.ex
ecute(DefaultBuildOpe
rationRunner.java:199
)
[        ] 	at org.gr
adle.internal.operati
ons.DefaultBuildOpera
tionRunner$2.execute(
DefaultBuildOperation
Runner.java:66)
[        ] 	at org.gr
adle.internal.operati
ons.DefaultBuildOpera
tionRunner$2.execute(
DefaultBuildOperation
Runner.java:59)
[        ] 	at org.gr
adle.internal.operati
ons.DefaultBuildOpera
tionRunner.execute(De
faultBuildOperationRu
nner.java:157)
[        ] 	at org.gr
adle.internal.operati
ons.DefaultBuildOpera
tionRunner.execute(De
faultBuildOperationRu
nner.java:59)
[        ] 	at org.gr
adle.internal.operati
ons.DefaultBuildOpera
tionRunner.call(Defau
ltBuildOperationRunne
r.java:53)
[        ] 	at org.gr
adle.internal.operati
ons.DefaultBuildOpera
tionExecutor.call(Def
aultBuildOperationExe
cutor.java:73)
[        ] 	at org.gr
adle.execution.BuildO
perationFiringBuildWo
rkerExecutor.execute(
BuildOperationFiringB
uildWorkerExecutor.ja
va:40)
[        ] 	at org.gr
adle.internal.build.D
efaultBuildLifecycleC
ontroller.lambda$exec
uteTasks$10(DefaultBu
ildLifecycleControlle
r.java:313)
[        ] 	at org.gr
adle.internal.model.S
tateTransitionControl
ler.doTransition(Stat
eTransitionController
.java:266)
[        ] 	at org.gr
adle.internal.model.S
tateTransitionControl
ler.lambda$tryTransit
ion$8(StateTransition
Controller.java:177)
[        ] 	at org.gr
adle.internal.work.De
faultSynchronizer.wit
hLock(DefaultSynchron
izer.java:44)
[        ] 	at org.gr
adle.internal.model.S
tateTransitionControl
ler.tryTransition(Sta
teTransitionControlle
r.java:177)
[        ] 	at org.gr
adle.internal.build.D
efaultBuildLifecycleC
ontroller.executeTask
s(DefaultBuildLifecyc
leController.java:304
)
[        ] 	at org.gr
adle.internal.build.D
efaultBuildWorkGraphC
ontroller$DefaultBuil
dWorkGraph.runWork(De
faultBuildWorkGraphCo
ntroller.java:220)
[        ] 	at org.gr
adle.internal.work.De
faultWorkerLeaseServi
ce.withLocks(DefaultW
orkerLeaseService.jav
a:264)
[        ] 	at org.gr
adle.internal.work.De
faultWorkerLeaseServi
ce.runAsWorkerThread(
DefaultWorkerLeaseSer
vice.java:128)
[        ] 	at org.gr
adle.composite.intern
al.DefaultBuildContro
ller.doRun(DefaultBui
ldController.java:181
)
[        ] 	at org.gr
adle.composite.intern
al.DefaultBuildContro
ller.access$000(Defau
ltBuildController.jav
a:50)
[        ] 	at org.gr
adle.composite.intern
al.DefaultBuildContro
ller$BuildOpRunnable.
lambda$run$0(DefaultB
uildController.java:1
98)
[        ] 	at org.gr
adle.internal.operati
ons.CurrentBuildOpera
tionRef.with(CurrentB
uildOperationRef.java
:80)
[        ] 	at org.gr
adle.composite.intern
al.DefaultBuildContro
ller$BuildOpRunnable.
run(DefaultBuildContr
oller.java:198)
[        ] 	at java.b
ase/java.util.concurr
ent.Executors$Runnabl
eAdapter.call(Unknown
 Source)
[        ] 	at java.b
ase/java.util.concurr
ent.FutureTask.run(Un
known Source)
[        ] 	at org.gr
adle.internal.concurr
ent.ExecutorPolicy$Ca
tchAndRecordFailures.
onExecute(ExecutorPol
icy.java:64)
[        ] 	at org.gr
adle.internal.concurr
ent.AbstractManagedEx
ecutor$1.run(Abstract
ManagedExecutor.java:
47)
[        ] 	at java.b
ase/java.util.concurr
ent.ThreadPoolExecuto
r.runWorker(Unknown S
ource)
[        ] 	at java.b
ase/java.util.concurr
ent.ThreadPoolExecuto
r$Worker.run(Unknown 
Source)
[        ] 	at java.b
ase/java.lang.Thread.
run(Unknown Source)
[        ] Caused by:
 org.gradle.process.i
nternal.ExecException
: Process 'command 'C
:\src\flutter\bin\flu
tter.bat'' finished w
ith non-zero exit val
ue 1
[        ] 	at org.gr
adle.process.internal
.DefaultExecHandle$Ex
ecResultImpl.assertNo
rmalExitValue(Default
ExecHandle.java:431)
[        ] 	at org.gr
adle.process.internal
.DefaultExecAction.ex
ecute(DefaultExecActi
on.java:38)
[        ] 	at org.gr
adle.process.internal
.DefaultExecActionFac
tory.exec(DefaultExec
ActionFactory.java:20
2)
[        ] 	at org.gr
adle.process.internal
.DefaultExecOperation
s.exec(DefaultExecOpe
rations.java:37)
[        ] 	at com.fl
utter.gradle.tasks.Ba
seFlutterTaskHelper.b
uildBundle(BaseFlutte
rTaskHelper.kt:159)
[        ] 	at com.fl
utter.gradle.tasks.Ba
seFlutterTask.buildBu
ndle(BaseFlutterTask.
kt:143)
[        ] 	at com.fl
utter.gradle.tasks.Fl
utterTaskHelper.build
$gradle(FlutterTaskHe
lper.kt:90)
[        ] 	at com.fl
utter.gradle.tasks.Fl
utterTask.build(Flutt
erTask.kt:51)
[        ] 	at java.b
ase/jdk.internal.refl
ect.DirectMethodHandl
eAccessor.invoke(Unkn
own Source)
[        ] 	at java.b
ase/java.lang.reflect
.Method.invoke(Unknow
n Source)
[        ] 	at org.gr
adle.internal.reflect
.JavaMethod.invoke(Ja
vaMethod.java:125)
[        ] 	at org.gr
adle.api.internal.pro
ject.taskfactory.Stan
dardTaskAction.doExec
ute(StandardTaskActio
n.java:58)
[        ] 	at org.gr
adle.api.internal.pro
ject.taskfactory.Stan
dardTaskAction.execut
e(StandardTaskAction.
java:51)
[        ] 	at org.gr
adle.api.internal.pro
ject.taskfactory.Stan
dardTaskAction.execut
e(StandardTaskAction.
java:29)
[        ] 	at org.gr
adle.api.internal.tas
ks.execution.TaskExec
ution$3.run(TaskExecu
tion.java:248)
[        ] 	at org.gr
adle.internal.operati
ons.DefaultBuildOpera
tionRunner$1.execute(
DefaultBuildOperation
Runner.java:29)
[        ] 	at org.gr
adle.internal.operati
ons.DefaultBuildOpera
tionRunner$1.execute(
DefaultBuildOperation
Runner.java:26)
[        ] 	at org.gr
adle.internal.operati
ons.DefaultBuildOpera
tionRunner$2.execute(
DefaultBuildOperation
Runner.java:66)
[        ] 	at org.gr
adle.internal.operati
ons.DefaultBuildOpera
tionRunner$2.execute(
DefaultBuildOperation
Runner.java:59)
[        ] 	at org.gr
adle.internal.operati
ons.DefaultBuildOpera
tionRunner.execute(De
faultBuildOperationRu
nner.java:157)
[  +10 ms] 	at org.gr
adle.internal.operati
ons.DefaultBuildOpera
tionRunner.execute(De
faultBuildOperationRu
nner.java:59)
[        ] 	at org.gr
adle.internal.operati
ons.DefaultBuildOpera
tionRunner.run(Defaul
tBuildOperationRunner
.java:47)
[        ] 	at org.gr
adle.internal.operati
ons.DefaultBuildOpera
tionExecutor.run(Defa
ultBuildOperationExec
utor.java:68)
[        ] 	at org.gr
adle.api.internal.tas
ks.execution.TaskExec
ution.executeAction(T
askExecution.java:233
)
[        ] 	at org.gr
adle.api.internal.tas
ks.execution.TaskExec
ution.executeActions(
TaskExecution.java:21
6)
[        ] 	at org.gr
adle.api.internal.tas
ks.execution.TaskExec
ution.executeWithPrev
iousOutputFiles(TaskE
xecution.java:199)
[        ] 	at org.gr
adle.api.internal.tas
ks.execution.TaskExec
ution.execute(TaskExe
cution.java:166)
[        ] 	at org.gr
adle.internal.executi
on.steps.ExecuteStep.
executeInternal(Execu
teStep.java:105)
[        ] 	at org.gr
adle.internal.executi
on.steps.ExecuteStep.
access$000(ExecuteSte
p.java:44)
[        ] 	at org.gr
adle.internal.executi
on.steps.ExecuteStep$
1.call(ExecuteStep.ja
va:59)
[        ] 	at org.gr
adle.internal.executi
on.steps.ExecuteStep$
1.call(ExecuteStep.ja
va:56)
[        ] 	at org.gr
adle.internal.operati
ons.DefaultBuildOpera
tionRunner$CallableBu
ildOperationWorker.ex
ecute(DefaultBuildOpe
rationRunner.java:204
)
[        ] 	at org.gr
adle.internal.operati
ons.DefaultBuildOpera
tionRunner$CallableBu
ildOperationWorker.ex
ecute(DefaultBuildOpe
rationRunner.java:199
)
[        ] 	at org.gr
adle.internal.operati
ons.DefaultBuildOpera
tionRunner$2.execute(
DefaultBuildOperation
Runner.java:66)
[        ] 	at org.gr
adle.internal.operati
ons.DefaultBuildOpera
tionRunner$2.execute(
DefaultBuildOperation
Runner.java:59)
[        ] 	at org.gr
adle.internal.operati
ons.DefaultBuildOpera
tionRunner.execute(De
faultBuildOperationRu
nner.java:157)
[        ] 	at org.gr
adle.internal.operati
ons.DefaultBuildOpera
tionRunner.execute(De
faultBuildOperationRu
nner.java:59)
[        ] 	at org.gr
adle.internal.operati
ons.DefaultBuildOpera
tionRunner.call(Defau
ltBuildOperationRunne
r.java:53)
[        ] 	at org.gr
adle.internal.operati
ons.DefaultBuildOpera
tionExecutor.call(Def
aultBuildOperationExe
cutor.java:73)
[        ] 	at org.gr
adle.internal.executi
on.steps.ExecuteStep.
execute(ExecuteStep.j
ava:56)
[        ] 	at org.gr
adle.internal.executi
on.steps.ExecuteStep.
execute(ExecuteStep.j
ava:44)
[        ] 	at org.gr
adle.internal.executi
on.steps.RemovePrevio
usOutputsStep.execute
(RemovePreviousOutput
sStep.java:67)
[        ] 	at org.gr
adle.internal.executi
on.steps.RemovePrevio
usOutputsStep.execute
(RemovePreviousOutput
sStep.java:37)
[        ] 	at org.gr
adle.internal.executi
on.steps.CancelExecut
ionStep.execute(Cance
lExecutionStep.java:4
1)
[        ] 	at org.gr
adle.internal.executi
on.steps.TimeoutStep.
executeWithoutTimeout
(TimeoutStep.java:74)
[        ] 	at org.gr
adle.internal.executi
on.steps.TimeoutStep.
execute(TimeoutStep.j
ava:55)
[        ] 	at org.gr
adle.internal.executi
on.steps.CreateOutput
sStep.execute(CreateO
utputsStep.java:50)
[        ] 	at org.gr
adle.internal.executi
on.steps.CreateOutput
sStep.execute(CreateO
utputsStep.java:28)
[        ] 	at org.gr
adle.internal.executi
on.steps.CaptureState
AfterExecutionStep.ex
ecuteDelegateBroadcas
tingChanges(CaptureSt
ateAfterExecutionStep
.java:100)
[        ] 	at org.gr
adle.internal.executi
on.steps.CaptureState
AfterExecutionStep.ex
ecute(CaptureStateAft
erExecutionStep.java:
72)
[        ] 	at org.gr
adle.internal.executi
on.steps.CaptureState
AfterExecutionStep.ex
ecute(CaptureStateAft
erExecutionStep.java:
50)
[        ] 	at org.gr
adle.internal.executi
on.steps.ResolveInput
ChangesStep.execute(R
esolveInputChangesSte
p.java:40)
[        ] 	at org.gr
adle.internal.executi
on.steps.ResolveInput
ChangesStep.execute(R
esolveInputChangesSte
p.java:29)
[        ] 	at org.gr
adle.internal.executi
on.steps.BuildCacheSt
ep.executeWithoutCach
e(BuildCacheStep.java
:179)
[        ] 	at org.gr
adle.internal.executi
on.steps.BuildCacheSt
ep.lambda$execute$1(B
uildCacheStep.java:70
)
[        ] 	at org.gr
adle.internal.Either$
Right.fold(Either.jav
a:175)
[        ] 	at org.gr
adle.internal.executi
on.caching.CachingSta
te.fold(CachingState.
java:59)
[        ] 	at org.gr
adle.internal.executi
on.steps.BuildCacheSt
ep.execute(BuildCache
Step.java:68)
[        ] 	at org.gr
adle.internal.executi
on.steps.BuildCacheSt
ep.execute(BuildCache
Step.java:46)
[        ] 	at org.gr
adle.internal.executi
on.steps.StoreExecuti
onStateStep.execute(S
toreExecutionStateSte
p.java:36)
[        ] 	at org.gr
adle.internal.executi
on.steps.StoreExecuti
onStateStep.execute(S
toreExecutionStateSte
p.java:25)
[        ] 	at org.gr
adle.internal.executi
on.steps.RecordOutput
sStep.execute(RecordO
utputsStep.java:36)
[        ] 	at org.gr
adle.internal.executi
on.steps.RecordOutput
sStep.execute(RecordO
utputsStep.java:22)
[        ] 	at org.gr
adle.internal.executi
on.steps.SkipUpToDate
Step.executeBecause(S
kipUpToDateStep.java:
91)
[        ] 	at org.gr
adle.internal.executi
on.steps.SkipUpToDate
Step.lambda$execute$2
(SkipUpToDateStep.jav
a:55)
[        ] 	at java.b
ase/java.util.Optiona
l.orElseGet(Unknown S
ource)
[        ] 	at org.gr
adle.internal.executi
on.steps.SkipUpToDate
Step.execute(SkipUpTo
DateStep.java:55)
[        ] 	at org.gr
adle.internal.executi
on.steps.SkipUpToDate
Step.execute(SkipUpTo
DateStep.java:37)
[        ] 	at org.gr
adle.internal.executi
on.steps.ResolveChang
esStep.execute(Resolv
eChangesStep.java:65)
[        ] 	at org.gr
adle.internal.executi
on.steps.ResolveChang
esStep.execute(Resolv
eChangesStep.java:36)
[        ] 	at org.gr
adle.internal.executi
on.steps.legacy.MarkS
napshottingInputsFini
shedStep.execute(Mark
SnapshottingInputsFin
ishedStep.java:37)
[        ] 	at org.gr
adle.internal.executi
on.steps.legacy.MarkS
napshottingInputsFini
shedStep.execute(Mark
SnapshottingInputsFin
ishedStep.java:27)
[        ] 	at org.gr
adle.internal.executi
on.steps.ResolveCachi
ngStateStep.execute(R
esolveCachingStateSte
p.java:76)
[        ] 	at org.gr
adle.internal.executi
on.steps.ResolveCachi
ngStateStep.execute(R
esolveCachingStateSte
p.java:37)
[        ] 	at org.gr
adle.internal.executi
on.steps.ValidateStep
.execute(ValidateStep
.java:108)
[        ] 	at org.gr
adle.internal.executi
on.steps.ValidateStep
.execute(ValidateStep
.java:55)
[        ] 	at org.gr
adle.internal.executi
on.steps.CaptureState
BeforeExecutionStep.e
xecute(CaptureStateBe
foreExecutionStep.jav
a:71)
[        ] 	at org.gr
adle.internal.executi
on.steps.CaptureState
BeforeExecutionStep.e
xecute(CaptureStateBe
foreExecutionStep.jav
a:45)
[        ] 	at org.gr
adle.internal.executi
on.steps.SkipEmptyWor
kStep.executeWithNonE
mptySources(SkipEmpty
WorkStep.java:177)
[        ] 	at org.gr
adle.internal.executi
on.steps.SkipEmptyWor
kStep.execute(SkipEmp
tyWorkStep.java:81)
[        ] 	at org.gr
adle.internal.executi
on.steps.SkipEmptyWor
kStep.execute(SkipEmp
tyWorkStep.java:53)
[        ] 	at org.gr
adle.internal.executi
on.steps.RemoveUntrac
kedExecutionStateStep
.execute(RemoveUntrac
kedExecutionStateStep
.java:32)
[        ] 	at org.gr
adle.internal.executi
on.steps.RemoveUntrac
kedExecutionStateStep
.execute(RemoveUntrac
kedExecutionStateStep
.java:21)
[        ] 	at org.gr
adle.internal.executi
on.steps.legacy.MarkS
napshottingInputsStar
tedStep.execute(MarkS
napshottingInputsStar
tedStep.java:38)
[        ] 	at org.gr
adle.internal.executi
on.steps.LoadPrevious
ExecutionStateStep.ex
ecute(LoadPreviousExe
cutionStateStep.java:
36)
[        ] 	at org.gr
adle.internal.executi
on.steps.LoadPrevious
ExecutionStateStep.ex
ecute(LoadPreviousExe
cutionStateStep.java:
23)
[        ] 	at org.gr
adle.internal.executi
on.steps.CleanupStale
OutputsStep.execute(C
leanupStaleOutputsSte
p.java:75)
[        ] 	at org.gr
adle.internal.executi
on.steps.CleanupStale
OutputsStep.execute(C
leanupStaleOutputsSte
p.java:41)
[        ] 	at org.gr
adle.internal.executi
on.steps.ExecuteWorkB
uildOperationFiringSt
ep.lambda$execute$2(E
xecuteWorkBuildOperat
ionFiringStep.java:66
)
[        ] 	at java.b
ase/java.util.Optiona
l.orElseGet(Unknown S
ource)
[        ] 	at org.gr
adle.internal.executi
on.steps.ExecuteWorkB
uildOperationFiringSt
ep.execute(ExecuteWor
kBuildOperationFiring
Step.java:66)
[        ] 	at org.gr
adle.internal.executi
on.steps.ExecuteWorkB
uildOperationFiringSt
ep.execute(ExecuteWor
kBuildOperationFiring
Step.java:38)
[        ] 	at org.gr
adle.internal.executi
on.steps.AssignWorksp
aceStep.lambda$execut
e$0(AssignWorkspaceSt
ep.java:32)
[        ] 	at org.gr
adle.api.internal.tas
ks.execution.TaskExec
ution$4.withWorkspace
(TaskExecution.java:2
93)
[        ] 	at org.gr
adle.internal.executi
on.steps.AssignWorksp
aceStep.execute(Assig
nWorkspaceStep.java:3
0)
[        ] 	at org.gr
adle.internal.executi
on.steps.AssignWorksp
aceStep.execute(Assig
nWorkspaceStep.java:2
1)
[        ] 	at org.gr
adle.internal.executi
on.steps.IdentityCach
eStep.execute(Identit
yCacheStep.java:37)
[        ] 	at org.gr
adle.internal.executi
on.steps.IdentityCach
eStep.execute(Identit
yCacheStep.java:27)
[        ] 	at org.gr
adle.internal.executi
on.steps.IdentifyStep
.execute(IdentifyStep
.java:47)
[        ] 	at org.gr
adle.internal.executi
on.steps.IdentifyStep
.execute(IdentifyStep
.java:34)
[        ] 	at org.gr
adle.internal.executi
on.impl.DefaultExecut
ionEngine$1.execute(D
efaultExecutionEngine
.java:64)
[        ] 	at org.gr
adle.api.internal.tas
ks.execution.ExecuteA
ctionsTaskExecuter.ex
ecuteIfValid(ExecuteA
ctionsTaskExecuter.ja
va:145)
[        ] 	at org.gr
adle.api.internal.tas
ks.execution.ExecuteA
ctionsTaskExecuter.ex
ecute(ExecuteActionsT
askExecuter.java:134)
[        ] 	at org.gr
adle.api.internal.tas
ks.execution.Finalize
PropertiesTaskExecute
r.execute(FinalizePro
pertiesTaskExecuter.j
ava:46)
[        ] 	at org.gr
adle.api.internal.tas
ks.execution.ResolveT
askExecutionModeExecu
ter.execute(ResolveTa
skExecutionModeExecut
er.java:51)
[        ] 	at org.gr
adle.api.internal.tas
ks.execution.SkipTask
WithNoActionsExecuter
.execute(SkipTaskWith
NoActionsExecuter.jav
a:57)
[        ] 	at org.gr
adle.api.internal.tas
ks.execution.SkipOnly
IfTaskExecuter.execut
e(SkipOnlyIfTaskExecu
ter.java:74)
[        ] 	at org.gr
adle.api.internal.tas
ks.execution.CatchExc
eptionTaskExecuter.ex
ecute(CatchExceptionT
askExecuter.java:36)
[        ] 	at org.gr
adle.api.internal.tas
ks.execution.EventFir
ingTaskExecuter$1.exe
cuteTask(EventFiringT
askExecuter.java:77)
[        ] 	at org.gr
adle.api.internal.tas
ks.execution.EventFir
ingTaskExecuter$1.cal
l(EventFiringTaskExec
uter.java:55)
[        ] 	at org.gr
adle.api.internal.tas
ks.execution.EventFir
ingTaskExecuter$1.cal
l(EventFiringTaskExec
uter.java:52)
[        ] 	at org.gr
adle.internal.operati
ons.DefaultBuildOpera
tionRunner$CallableBu
ildOperationWorker.ex
ecute(DefaultBuildOpe
rationRunner.java:204
)
[        ] 	at org.gr
adle.internal.operati
ons.DefaultBuildOpera
tionRunner$CallableBu
ildOperationWorker.ex
ecute(DefaultBuildOpe
rationRunner.java:199
)
[        ] 	at org.gr
adle.internal.operati
ons.DefaultBuildOpera
tionRunner$2.execute(
DefaultBuildOperation
Runner.java:66)
[        ] 	at org.gr
adle.internal.operati
ons.DefaultBuildOpera
tionRunner$2.execute(
DefaultBuildOperation
Runner.java:59)
[        ] 	at org.gr
adle.internal.operati
ons.DefaultBuildOpera
tionRunner.execute(De
faultBuildOperationRu
nner.java:157)
[        ] 	at org.gr
adle.internal.operati
ons.DefaultBuildOpera
tionRunner.execute(De
faultBuildOperationRu
nner.java:59)
[        ] 	at org.gr
adle.internal.operati
ons.DefaultBuildOpera
tionRunner.call(Defau
ltBuildOperationRunne
r.java:53)
[        ] 	at org.gr
adle.internal.operati
ons.DefaultBuildOpera
tionExecutor.call(Def
aultBuildOperationExe
cutor.java:73)
[        ] 	at org.gr
adle.api.internal.tas
ks.execution.EventFir
ingTaskExecuter.execu
te(EventFiringTaskExe
cuter.java:52)
[        ] 	at org.gr
adle.execution.plan.L
ocalTaskNodeExecutor.
execute(LocalTaskNode
Executor.java:42)
[        ] 	at org.gr
adle.execution.taskgr
aph.DefaultTaskExecut
ionGraph$InvokeNodeEx
ecutorsAction.execute
(DefaultTaskExecution
Graph.java:331)
[        ] 	at org.gr
adle.execution.taskgr
aph.DefaultTaskExecut
ionGraph$InvokeNodeEx
ecutorsAction.execute
(DefaultTaskExecution
Graph.java:318)
[        ] 	at org.gr
adle.execution.taskgr
aph.DefaultTaskExecut
ionGraph$BuildOperati
onAwareExecutionActio
n.lambda$execute$0(De
faultTaskExecutionGra
ph.java:314)
[        ] 	at org.gr
adle.internal.operati
ons.CurrentBuildOpera
tionRef.with(CurrentB
uildOperationRef.java
:80)
[        ] 	at org.gr
adle.execution.taskgr
aph.DefaultTaskExecut
ionGraph$BuildOperati
onAwareExecutionActio
n.execute(DefaultTask
ExecutionGraph.java:3
14)
[        ] 	at org.gr
adle.execution.taskgr
aph.DefaultTaskExecut
ionGraph$BuildOperati
onAwareExecutionActio
n.execute(DefaultTask
ExecutionGraph.java:3
03)
[        ] 	at org.gr
adle.execution.plan.D
efaultPlanExecutor$Ex
ecutorWorker.execute(
DefaultPlanExecutor.j
ava:463)
[        ] 	at org.gr
adle.execution.plan.D
efaultPlanExecutor$Ex
ecutorWorker.run(Defa
ultPlanExecutor.java:
380)
[        ] 	at org.gr
adle.execution.plan.D
efaultPlanExecutor.pr
ocess(DefaultPlanExec
utor.java:116)
[        ] 	at org.gr
adle.execution.taskgr
aph.DefaultTaskExecut
ionGraph.executeWithS
ervices(DefaultTaskEx
ecutionGraph.java:138
)
[        ] 	at org.gr
adle.execution.taskgr
aph.DefaultTaskExecut
ionGraph.execute(Defa
ultTaskExecutionGraph
.java:123)
[        ] 	at org.gr
adle.execution.Select
edTaskExecutionAction
.execute(SelectedTask
ExecutionAction.java:
35)
[        ] 	at org.gr
adle.execution.DryRun
BuildExecutionAction.
execute(DryRunBuildEx
ecutionAction.java:51
)
[        ] 	at org.gr
adle.execution.BuildO
perationFiringBuildWo
rkerExecutor$ExecuteT
asks.call(BuildOperat
ionFiringBuildWorkerE
xecutor.java:54)
[        ] 	at org.gr
adle.execution.BuildO
perationFiringBuildWo
rkerExecutor$ExecuteT
asks.call(BuildOperat
ionFiringBuildWorkerE
xecutor.java:43)
[        ] 	at org.gr
adle.internal.operati
ons.DefaultBuildOpera
tionRunner$CallableBu
ildOperationWorker.ex
ecute(DefaultBuildOpe
rationRunner.java:204
)
[        ] 	at org.gr
adle.internal.operati
ons.DefaultBuildOpera
tionRunner$CallableBu
ildOperationWorker.ex
ecute(DefaultBuildOpe
rationRunner.java:199
)
[        ] 	at org.gr
adle.internal.operati
ons.DefaultBuildOpera
tionRunner$2.execute(
DefaultBuildOperation
Runner.java:66)
[        ] 	at org.gr
adle.internal.operati
ons.DefaultBuildOpera
tionRunner$2.execute(
DefaultBuildOperation
Runner.java:59)
[        ] 	at org.gr
adle.internal.operati
ons.DefaultBuildOpera
tionRunner.execute(De
faultBuildOperationRu
nner.java:157)
[        ] 	at org.gr
adle.internal.operati
ons.DefaultBuildOpera
tionRunner.execute(De
faultBuildOperationRu
nner.java:59)
[        ] 	at org.gr
adle.internal.operati
ons.DefaultBuildOpera
tionRunner.call(Defau
ltBuildOperationRunne
r.java:53)
[        ] 	at org.gr
adle.internal.operati
ons.DefaultBuildOpera
tionExecutor.call(Def
aultBuildOperationExe
cutor.java:73)
[        ] 	at org.gr
adle.execution.BuildO
perationFiringBuildWo
rkerExecutor.execute(
BuildOperationFiringB
uildWorkerExecutor.ja
va:40)
[        ] 	at org.gr
adle.internal.build.D
efaultBuildLifecycleC
ontroller.lambda$exec
uteTasks$10(DefaultBu
ildLifecycleControlle
r.java:313)
[        ] 	at org.gr
adle.internal.model.S
tateTransitionControl
ler.doTransition(Stat
eTransitionController
.java:266)
[        ] 	at org.gr
adle.internal.model.S
tateTransitionControl
ler.lambda$tryTransit
ion$8(StateTransition
Controller.java:177)
[        ] 	at org.gr
adle.internal.work.De
faultSynchronizer.wit
hLock(DefaultSynchron
izer.java:44)
[        ] 	at org.gr
adle.internal.model.S
tateTransitionControl
ler.tryTransition(Sta
teTransitionControlle
r.java:177)
[        ] 	at org.gr
adle.internal.build.D
efaultBuildLifecycleC
ontroller.executeTask
s(DefaultBuildLifecyc
leController.java:304
)
[        ] 	at org.gr
adle.internal.build.D
efaultBuildWorkGraphC
ontroller$DefaultBuil
dWorkGraph.runWork(De
faultBuildWorkGraphCo
ntroller.java:220)
[        ] 	at org.gr
adle.internal.work.De
faultWorkerLeaseServi
ce.withLocks(DefaultW
orkerLeaseService.jav
a:264)
[        ] 	at org.gr
adle.internal.work.De
faultWorkerLeaseServi
ce.runAsWorkerThread(
DefaultWorkerLeaseSer
vice.java:128)
[        ] 	at org.gr
adle.composite.intern
al.DefaultBuildContro
ller.doRun(DefaultBui
ldController.java:181
)
[        ] 	at org.gr
adle.composite.intern
al.DefaultBuildContro
ller.access$000(Defau
ltBuildController.jav
a:50)
[        ] 	at org.gr
adle.composite.intern
al.DefaultBuildContro
ller$BuildOpRunnable.
lambda$run$0(DefaultB
uildController.java:1
98)
[        ] 	at org.gr
adle.internal.operati
ons.CurrentBuildOpera
tionRef.with(CurrentB
uildOperationRef.java
:80)
[        ] 	at org.gr
adle.composite.intern
al.DefaultBuildContro
ller$BuildOpRunnable.
run(DefaultBuildContr
oller.java:198)
[        ] 	at java.b
ase/java.util.concurr
ent.Executors$Runnabl
eAdapter.call(Unknown
 Source)
[        ] 	at java.b
ase/java.util.concurr
ent.FutureTask.run(Un
known Source)
[        ] 	at org.gr
adle.internal.concurr
ent.ExecutorPolicy$Ca
tchAndRecordFailures.
onExecute(ExecutorPol
icy.java:64)
[        ] 	at org.gr
adle.internal.concurr
ent.AbstractManagedEx
ecutor$1.run(Abstract
ManagedExecutor.java:
47)
[        ] 	at java.b
ase/java.util.concurr
ent.ThreadPoolExecuto
r.runWorker(Unknown S
ource)
[        ] 	at java.b
ase/java.util.concurr
ent.ThreadPoolExecuto
r$Worker.run(Unknown 
Source)
[        ] 	at java.b
ase/java.lang.Thread.
run(Unknown Source)
[   +3 ms] BU´┐¢LD FA
ILED in 11s
[        ] 9 actionable tasks: 3 executed, 6 up-to-date
[        ] Watched directory hierarchies: [C:\src\flutter\packages\flutter_tools\gradle, C:\Users\gokay\Desktop\Ome\omechat_app\android]
[ +335 ms] Running Gradle task 'assembleRelease'... (completed in 12,4s)
[  +28 ms] "flutter apk" took 13.326ms.
[  +67 ms] Gradle tas
k assembleRelease fai
led with exit code 1
[        ] 
           #0      th
rowToolExit (package:
flutter_tools/src/bas
e/common.dart:34:3)
           #1      An
droidGradleBuilder.bu
ildGradleApp (package
:flutter_tools/src/an
droid/gradle.dart:592
:7)
           <asynchron
ous suspension>
           #2      An
droidGradleBuilder.bu
ildApk (package:flutt
er_tools/src/android/
gradle.dart:234:5)
           <asynchron
ous suspension>
           #3      Bu
ildApkCommand.runComm
and (package:flutter_
tools/src/commands/bu
ild_apk.dart:131:5)
           <asynchron
ous suspension>
           #4      Fl
utterCommand.run.<ano
nymous closure> (pack
age:flutter_tools/src
/runner/flutter_comma
nd.dart:1559:27)
           <asynchron
ous suspension>
           #5      Ap
pContext.run.<anonymo
us closure> (package:
flutter_tools/src/bas
e/context.dart:154:19
)
           <asynchron
ous suspension>
           #6      Co
mmandRunner.runComman
d (package:args/comma
nd_runner.dart:212:13
)
           <asynchron
ous suspension>
           #7      Fl
utterCommandRunner.ru
nCommand.<anonymous c
losure> (package:flut
ter_tools/src/runner/
flutter_command_runne
r.dart:487:9)
           <asynchron
ous suspension>
           #8      Ap
pContext.run.<anonymo
us closure> (package:
flutter_tools/src/bas
e/context.dart:154:19
)
           <asynchron
ous suspension>
           #9      Fl
utterCommandRunner.ru
nCommand (package:flu
tter_tools/src/runner
/flutter_command_runn
er.dart:422:5)
           <asynchron
ous suspension>
           #10     ru
n.<anonymous closure>
.<anonymous closure> 
(package:flutter_tool
s/runner.dart:104:11)
           <asynchron
ous suspension>
           #11     Ap
pContext.run.<anonymo
us closure> (package:
flutter_tools/src/bas
e/context.dart:154:19
)
           <asynchron
ous suspension>
           #12     ma
in (package:flutter_t
ools/executable.dart:
103:3)
           <asynchron
ous suspension>


[        ] Running 1 shutdown hook
[   +2 ms] Shutdown hooks complete
[  +79 ms] exiting with code 1
