[ +148 ms] Artifact Instance of 'AndroidGenSnapshotArtifacts' is not required, skipping update.
[   +3 ms] Artifact Instance of 'AndroidInternalBuildArtifacts' is not required, skipping update.
[        ] Artifact Instance of 'IOSEngineArtifacts' is not required, skipping update.
[        ] Artifact Instance of 'FlutterWebSdk' is not required, skipping update.
[        ] Artifact Instance of 'LegacyCanvasKitRemover' is not required, skipping update.
[   +2 ms] Artifact Instance of 'WindowsEngineArtifacts' is not required, skipping update.
[        ] Artifact Instance of 'MacOSEngineArtifacts' is not required, skipping update.
[        ] Artifact Instance of 'LinuxEngineArtifacts' is not required, skipping update.
[        ] Artifact Instance of 'LinuxFuchsiaSDKArtifacts' is not required, skipping update.
[        ] Artifact Instance of 'MacOSFuchsiaSDKArtifacts' is not required, skipping update.
[        ] Artifact Instance of 'FlutterRunnerSDKArtifacts' is not required, skipping update.
[        ] Artifact Instance of 'FlutterRunnerDebugSymbols' is not required, skipping update.
[  +57 ms] Artifact Instance of 'MaterialFonts' is not required, skipping update.
[        ] Artifact Instance of 'GradleWrapper' is not required, skipping update.
[   +2 ms] Artifact Instance of 'AndroidInternalBuildArtifacts' is not required, skipping update.
[        ] Artifact Instance of 'IOSEngineArtifacts' is not required, skipping update.
[        ] Artifact Instance of 'FlutterWebSdk' is not required, skipping update.
[        ] Artifact Instance of 'LegacyCanvasKitRemover' is not required, skipping update.
[        ] Artifact Instance of 'FlutterSdk' is not required, skipping update.
[        ] Artifact Instance of 'WindowsEngineArtifacts' is not required, skipping update.
[        ] Artifact Instance of 'MacOSEngineArtifacts' is not required, skipping update.
[        ] Artifact Instance of 'LinuxEngineArtifacts' is not required, skipping update.
[        ] Artifact Instance of 'LinuxFuchsiaSDKArtifacts' is not required, skipping update.
[        ] Artifact Instance of 'MacOSFuchsiaSDKArtifacts' is not required, skipping update.
[        ] Artifact Instance of 'FlutterRunnerSDKArtifacts' is not required, skipping update.
[        ] Artifact Instance of 'FlutterRunnerDebugSymbols' is not required, skipping update.
[        ] Artifact Instance of 'IosUsbArtifacts' is not required, skipping update.
[        ] Artifact Instance of 'IosUsbArtifacts' is not required, skipping update.
[        ] Artifact Instance of 'IosUsbArtifacts' is not required, skipping update.
[        ] Artifact Instance of 'IosUsbArtifacts' is not required, skipping update.
[        ] Artifact Instance of 'IosUsbArtifacts' is not required, skipping update.
[        ] Artifact Instance of 'FontSubsetArtifacts' is not required, skipping update.
[        ] Artifact Instance of 'PubDependencies' is not required, skipping update.
[  +99 ms] Skipping pub get: version match.
[  +54 ms] Found plugin connectivity_plus at C:\Users\gokay\AppData\Local\Pub\Cache\hosted\pub.dev\connectivity_plus-5.0.2\
[  +23 ms] Found plugin file_selector_linux at C:\Users\gokay\AppData\Local\Pub\Cache\hosted\pub.dev\file_selector_linux-0.9.3+2\
[   +1 ms] Found plugin file_selector_macos at C:\Users\gokay\AppData\Local\Pub\Cache\hosted\pub.dev\file_selector_macos-0.9.4+2\
[   +2 ms] Found plugin file_selector_windows at C:\Users\gokay\AppData\Local\Pub\Cache\hosted\pub.dev\file_selector_windows-0.9.3+4\
[   +5 ms] Found plugin flutter_native_splash at C:\Users\gokay\AppData\Local\Pub\Cache\hosted\pub.dev\flutter_native_splash-2.4.4\
[   +1 ms] Found plugin flutter_plugin_android_lifecycle at C:\Users\gokay\AppData\Local\Pub\Cache\hosted\pub.dev\flutter_plugin_android_lifecycle-2.0.26\
[   +3 ms] Found plugin flutter_webrtc at C:\Users\gokay\AppData\Local\Pub\Cache\hosted\pub.dev\flutter_webrtc-0.9.48+hotfix.1\
[   +9 ms] Found plugin image_picker at C:\Users\gokay\AppData\Local\Pub\Cache\hosted\pub.dev\image_picker-1.1.2\
[   +1 ms] Found plugin image_picker_android at C:\Users\gokay\AppData\Local\Pub\Cache\hosted\pub.dev\image_picker_android-0.8.12+21\
[   +2 ms] Found plugin image_picker_for_web at C:\Users\gokay\AppData\Local\Pub\Cache\hosted\pub.dev\image_picker_for_web-3.0.6\
[   +3 ms] Found plugin image_picker_ios at C:\Users\gokay\AppData\Local\Pub\Cache\hosted\pub.dev\image_picker_ios-0.8.12+2\
[   +1 ms] Found plugin image_picker_linux at C:\Users\gokay\AppData\Local\Pub\Cache\hosted\pub.dev\image_picker_linux-0.2.1+2\
[   +1 ms] Found plugin image_picker_macos at C:\Users\gokay\AppData\Local\Pub\Cache\hosted\pub.dev\image_picker_macos-0.2.1+2\
[   +2 ms] Found plugin image_picker_windows at C:\Users\gokay\AppData\Local\Pub\Cache\hosted\pub.dev\image_picker_windows-0.2.1+1\
[  +16 ms] Found plugin path_provider at C:\Users\gokay\AppData\Local\Pub\Cache\hosted\pub.dev\path_provider-2.1.5\
[   +1 ms] Found plugin path_provider_android at C:\Users\gokay\AppData\Local\Pub\Cache\hosted\pub.dev\path_provider_android-2.2.15\
[        ] Found plugin path_provider_foundation at C:\Users\gokay\AppData\Local\Pub\Cache\hosted\pub.dev\path_provider_foundation-2.4.1\
[   +1 ms] Found plugin path_provider_linux at C:\Users\gokay\AppData\Local\Pub\Cache\hosted\pub.dev\path_provider_linux-2.2.1\
[   +2 ms] Found plugin path_provider_windows at C:\Users\gokay\AppData\Local\Pub\Cache\hosted\pub.dev\path_provider_windows-2.3.0\
[   +1 ms] Found plugin permission_handler at C:\Users\gokay\AppData\Local\Pub\Cache\hosted\pub.dev\permission_handler-11.4.0\
[   +1 ms] Found plugin permission_handler_android at C:\Users\gokay\AppData\Local\Pub\Cache\hosted\pub.dev\permission_handler_android-12.1.0\
[   +1 ms] Found plugin permission_handler_apple at C:\Users\gokay\AppData\Local\Pub\Cache\hosted\pub.dev\permission_handler_apple-9.4.7\
[        ] Found plugin permission_handler_html at C:\Users\gokay\AppData\Local\Pub\Cache\hosted\pub.dev\permission_handler_html-0.1.3+5\
[   +1 ms] Found plugin permission_handler_windows at C:\Users\gokay\AppData\Local\Pub\Cache\hosted\pub.dev\permission_handler_windows-0.2.1\
[   +9 ms] Found plugin shared_preferences at C:\Users\gokay\AppData\Local\Pub\Cache\hosted\pub.dev\shared_preferences-2.5.3\
[   +1 ms] Found plugin shared_preferences_android at C:\Users\gokay\AppData\Local\Pub\Cache\hosted\pub.dev\shared_preferences_android-2.4.7\
[   +1 ms] Found plugin shared_preferences_foundation at C:\Users\gokay\AppData\Local\Pub\Cache\hosted\pub.dev\shared_preferences_foundation-2.5.4\
[   +1 ms] Found plugin shared_preferences_linux at C:\Users\gokay\AppData\Local\Pub\Cache\hosted\pub.dev\shared_preferences_linux-2.4.1\
[   +1 ms] Found plugin shared_preferences_web at C:\Users\gokay\AppData\Local\Pub\Cache\hosted\pub.dev\shared_preferences_web-2.4.3\
[        ] Found plugin shared_preferences_windows at C:\Users\gokay\AppData\Local\Pub\Cache\hosted\pub.dev\shared_preferences_windows-2.4.1\
[   +3 ms] Found plugin sqflite at C:\Users\gokay\AppData\Local\Pub\Cache\hosted\pub.dev\sqflite-2.4.1\
[        ] Found plugin sqflite_android at C:\Users\gokay\AppData\Local\Pub\Cache\hosted\pub.dev\sqflite_android-2.4.0\
[   +2 ms] Found plugin sqflite_darwin at C:\Users\gokay\AppData\Local\Pub\Cache\hosted\pub.dev\sqflite_darwin-2.4.1+1\
[  +59 ms] Found plugin connectivity_plus at C:\Users\gokay\AppData\Local\Pub\Cache\hosted\pub.dev\connectivity_plus-5.0.2\
[  +10 ms] Found plugin file_selector_linux at C:\Users\gokay\AppData\Local\Pub\Cache\hosted\pub.dev\file_selector_linux-0.9.3+2\
[        ] Found plugin file_selector_macos at C:\Users\gokay\AppData\Local\Pub\Cache\hosted\pub.dev\file_selector_macos-0.9.4+2\
[   +1 ms] Found plugin file_selector_windows at C:\Users\gokay\AppData\Local\Pub\Cache\hosted\pub.dev\file_selector_windows-0.9.3+4\
[   +3 ms] Found plugin flutter_native_splash at C:\Users\gokay\AppData\Local\Pub\Cache\hosted\pub.dev\flutter_native_splash-2.4.4\
[   +1 ms] Found plugin flutter_plugin_android_lifecycle at C:\Users\gokay\AppData\Local\Pub\Cache\hosted\pub.dev\flutter_plugin_android_lifecycle-2.0.26\
[   +2 ms] Found plugin flutter_webrtc at C:\Users\gokay\AppData\Local\Pub\Cache\hosted\pub.dev\flutter_webrtc-0.9.48+hotfix.1\
[   +6 ms] Found plugin image_picker at C:\Users\gokay\AppData\Local\Pub\Cache\hosted\pub.dev\image_picker-1.1.2\
[        ] Found plugin image_picker_android at C:\Users\gokay\AppData\Local\Pub\Cache\hosted\pub.dev\image_picker_android-0.8.12+21\
[        ] Found plugin image_picker_for_web at C:\Users\gokay\AppData\Local\Pub\Cache\hosted\pub.dev\image_picker_for_web-3.0.6\
[        ] Found plugin image_picker_ios at C:\Users\gokay\AppData\Local\Pub\Cache\hosted\pub.dev\image_picker_ios-0.8.12+2\
[        ] Found plugin image_picker_linux at C:\Users\gokay\AppData\Local\Pub\Cache\hosted\pub.dev\image_picker_linux-0.2.1+2\
[        ] Found plugin image_picker_macos at C:\Users\gokay\AppData\Local\Pub\Cache\hosted\pub.dev\image_picker_macos-0.2.1+2\
[   +2 ms] Found plugin image_picker_windows at C:\Users\gokay\AppData\Local\Pub\Cache\hosted\pub.dev\image_picker_windows-0.2.1+1\
[  +10 ms] Found plugin path_provider at C:\Users\gokay\AppData\Local\Pub\Cache\hosted\pub.dev\path_provider-2.1.5\
[        ] Found plugin path_provider_android at C:\Users\gokay\AppData\Local\Pub\Cache\hosted\pub.dev\path_provider_android-2.2.15\
[        ] Found plugin path_provider_foundation at C:\Users\gokay\AppData\Local\Pub\Cache\hosted\pub.dev\path_provider_foundation-2.4.1\
[        ] Found plugin path_provider_linux at C:\Users\gokay\AppData\Local\Pub\Cache\hosted\pub.dev\path_provider_linux-2.2.1\
[   +1 ms] Found plugin path_provider_windows at C:\Users\gokay\AppData\Local\Pub\Cache\hosted\pub.dev\path_provider_windows-2.3.0\
[        ] Found plugin permission_handler at C:\Users\gokay\AppData\Local\Pub\Cache\hosted\pub.dev\permission_handler-11.4.0\
[        ] Found plugin permission_handler_android at C:\Users\gokay\AppData\Local\Pub\Cache\hosted\pub.dev\permission_handler_android-12.1.0\
[        ] Found plugin permission_handler_apple at C:\Users\gokay\AppData\Local\Pub\Cache\hosted\pub.dev\permission_handler_apple-9.4.7\
[        ] Found plugin permission_handler_html at C:\Users\gokay\AppData\Local\Pub\Cache\hosted\pub.dev\permission_handler_html-0.1.3+5\
[   +1 ms] Found plugin permission_handler_windows at C:\Users\gokay\AppData\Local\Pub\Cache\hosted\pub.dev\permission_handler_windows-0.2.1\
[   +6 ms] Found plugin shared_preferences at C:\Users\gokay\AppData\Local\Pub\Cache\hosted\pub.dev\shared_preferences-2.5.3\
[        ] Found plugin shared_preferences_android at C:\Users\gokay\AppData\Local\Pub\Cache\hosted\pub.dev\shared_preferences_android-2.4.7\
[        ] Found plugin shared_preferences_foundation at C:\Users\gokay\AppData\Local\Pub\Cache\hosted\pub.dev\shared_preferences_foundation-2.5.4\
[        ] Found plugin shared_preferences_linux at C:\Users\gokay\AppData\Local\Pub\Cache\hosted\pub.dev\shared_preferences_linux-2.4.1\
[   +1 ms] Found plugin shared_preferences_web at C:\Users\gokay\AppData\Local\Pub\Cache\hosted\pub.dev\shared_preferences_web-2.4.3\
[        ] Found plugin shared_preferences_windows at C:\Users\gokay\AppData\Local\Pub\Cache\hosted\pub.dev\shared_preferences_windows-2.4.1\
[   +3 ms] Found plugin sqflite at C:\Users\gokay\AppData\Local\Pub\Cache\hosted\pub.dev\sqflite-2.4.1\
[   +1 ms] Found plugin sqflite_android at C:\Users\gokay\AppData\Local\Pub\Cache\hosted\pub.dev\sqflite_android-2.4.0\
[   +1 ms] Found plugin sqflite_darwin at C:\Users\gokay\AppData\Local\Pub\Cache\hosted\pub.dev\sqflite_darwin-2.4.1+1\
[  +42 ms] Found plugin connectivity_plus at C:\Users\gokay\AppData\Local\Pub\Cache\hosted\pub.dev\connectivity_plus-5.0.2\
[   +8 ms] Found plugin file_selector_linux at C:\Users\gokay\AppData\Local\Pub\Cache\hosted\pub.dev\file_selector_linux-0.9.3+2\
[        ] Found plugin file_selector_macos at C:\Users\gokay\AppData\Local\Pub\Cache\hosted\pub.dev\file_selector_macos-0.9.4+2\
[   +1 ms] Found plugin file_selector_windows at C:\Users\gokay\AppData\Local\Pub\Cache\hosted\pub.dev\file_selector_windows-0.9.3+4\
[   +2 ms] Found plugin flutter_native_splash at C:\Users\gokay\AppData\Local\Pub\Cache\hosted\pub.dev\flutter_native_splash-2.4.4\
[        ] Found plugin flutter_plugin_android_lifecycle at C:\Users\gokay\AppData\Local\Pub\Cache\hosted\pub.dev\flutter_plugin_android_lifecycle-2.0.26\
[   +1 ms] Found plugin flutter_webrtc at C:\Users\gokay\AppData\Local\Pub\Cache\hosted\pub.dev\flutter_webrtc-0.9.48+hotfix.1\
[   +6 ms] Found plugin image_picker at C:\Users\gokay\AppData\Local\Pub\Cache\hosted\pub.dev\image_picker-1.1.2\
[        ] Found plugin image_picker_android at C:\Users\gokay\AppData\Local\Pub\Cache\hosted\pub.dev\image_picker_android-0.8.12+21\
[        ] Found plugin image_picker_for_web at C:\Users\gokay\AppData\Local\Pub\Cache\hosted\pub.dev\image_picker_for_web-3.0.6\
[   +1 ms] Found plugin image_picker_ios at C:\Users\gokay\AppData\Local\Pub\Cache\hosted\pub.dev\image_picker_ios-0.8.12+2\
[        ] Found plugin image_picker_linux at C:\Users\gokay\AppData\Local\Pub\Cache\hosted\pub.dev\image_picker_linux-0.2.1+2\
[        ] Found plugin image_picker_macos at C:\Users\gokay\AppData\Local\Pub\Cache\hosted\pub.dev\image_picker_macos-0.2.1+2\
[   +1 ms] Found plugin image_picker_windows at C:\Users\gokay\AppData\Local\Pub\Cache\hosted\pub.dev\image_picker_windows-0.2.1+1\
[   +8 ms] Found plugin path_provider at C:\Users\gokay\AppData\Local\Pub\Cache\hosted\pub.dev\path_provider-2.1.5\
[        ] Found plugin path_provider_android at C:\Users\gokay\AppData\Local\Pub\Cache\hosted\pub.dev\path_provider_android-2.2.15\
[        ] Found plugin path_provider_foundation at C:\Users\gokay\AppData\Local\Pub\Cache\hosted\pub.dev\path_provider_foundation-2.4.1\
[        ] Found plugin path_provider_linux at C:\Users\gokay\AppData\Local\Pub\Cache\hosted\pub.dev\path_provider_linux-2.2.1\
[        ] Found plugin path_provider_windows at C:\Users\gokay\AppData\Local\Pub\Cache\hosted\pub.dev\path_provider_windows-2.3.0\
[        ] Found plugin permission_handler at C:\Users\gokay\AppData\Local\Pub\Cache\hosted\pub.dev\permission_handler-11.4.0\
[        ] Found plugin permission_handler_android at C:\Users\gokay\AppData\Local\Pub\Cache\hosted\pub.dev\permission_handler_android-12.1.0\
[        ] Found plugin permission_handler_apple at C:\Users\gokay\AppData\Local\Pub\Cache\hosted\pub.dev\permission_handler_apple-9.4.7\
[        ] Found plugin permission_handler_html at C:\Users\gokay\AppData\Local\Pub\Cache\hosted\pub.dev\permission_handler_html-0.1.3+5\
[        ] Found plugin permission_handler_windows at C:\Users\gokay\AppData\Local\Pub\Cache\hosted\pub.dev\permission_handler_windows-0.2.1\
[   +5 ms] Found plugin shared_preferences at C:\Users\gokay\AppData\Local\Pub\Cache\hosted\pub.dev\shared_preferences-2.5.3\
[        ] Found plugin shared_preferences_android at C:\Users\gokay\AppData\Local\Pub\Cache\hosted\pub.dev\shared_preferences_android-2.4.7\
[        ] Found plugin shared_preferences_foundation at C:\Users\gokay\AppData\Local\Pub\Cache\hosted\pub.dev\shared_preferences_foundation-2.5.4\
[        ] Found plugin shared_preferences_linux at C:\Users\gokay\AppData\Local\Pub\Cache\hosted\pub.dev\shared_preferences_linux-2.4.1\
[   +1 ms] Found plugin shared_preferences_web at C:\Users\gokay\AppData\Local\Pub\Cache\hosted\pub.dev\shared_preferences_web-2.4.3\
[        ] Found plugin shared_preferences_windows at C:\Users\gokay\AppData\Local\Pub\Cache\hosted\pub.dev\shared_preferences_windows-2.4.1\
[   +2 ms] Found plugin sqflite at C:\Users\gokay\AppData\Local\Pub\Cache\hosted\pub.dev\sqflite-2.4.1\
[        ] Found plugin sqflite_android at C:\Users\gokay\AppData\Local\Pub\Cache\hosted\pub.dev\sqflite_android-2.4.0\
[   +1 ms] Found plugin sqflite_darwin at C:\Users\gokay\AppData\Local\Pub\Cache\hosted\pub.dev\sqflite_darwin-2.4.1+1\
[  +18 ms] Generating C:\Users\gokay\Desktop\Ome\omechat_app\android\app\src\main\java\io\flutter\plugins\GeneratedPluginRegistrant.java
[ +113 ms] executing: C:\Program Files\Android\Android Studio\jbr\bin\java -version
[ +105 ms] Exit code 0 from: C:\Program Files\Android\Android Studio\jbr\bin\java -version
[        ] openjdk version "21.0.8" 2025-07-15
           OpenJDK Runtime Environment (build 21.0.8+-14196175-b1038.72)
           OpenJDK 64-Bit Server VM (build 21.0.8+-14196175-b1038.72, mixed mode)
[  +12 ms] executing: C:\Program Files\Android\Android Studio\jbr\bin\java --version
[  +94 ms] Exit code 0 from: C:\Program Files\Android\Android Studio\jbr\bin\java --version
[        ] openjdk 21.0.8 2025-07-15
           OpenJDK Runtime Environment (build 21.0.8+-14196175-b1038.72)
           OpenJDK 64-Bit Server VM (build 21.0.8+-14196175-b1038.72, mixed mode)
[   +1 ms] Version of Java is different than impacted version, no migration attempted.
[  +16 ms] Using gradle from C:\Users\gokay\Desktop\Ome\omechat_app\android\gradlew.bat.
[        ] Running Gradle task 'assembleDebug'...
[   +3 ms] executing: [C:\Users\gokay\Desktop\Ome\omechat_app\android/] C:\Users\gokay\Desktop\Ome\omechat_app\android\gradlew.bat --full-stacktrace --info -Pverbose=true -Ptarget-platform=android-arm,android-arm64,android-x64 -Ptarget=lib\main.dart -Pbase-application-name=android.app.Application -Pdart-obfuscation=false -Ptrack-widget-creation=true -Ptree-shake-icons=false assembleDebug
[ +552 ms] Initialized native services in: C:\Users\gokay\.gradle\native
[        ] Initialized jansi services in: C:\Users\gokay\.gradle\native
[ +113 ms] Received JVM installation metadata from 'C:\Program Files\Android\Android Studio\jbr': {JAVA_HOME=C:\Program Files\Android\Android Studio\jbr, JAVA_VERSION=21.0.8, JAVA_VENDOR=JetBrains s.r.o., RUNTIME_NAME=OpenJDK Runtime Environment, RUNTIME_VERSION=21.0.8+-14196175-b1038.72, VM_NAME=OpenJDK 64-Bit Server VM, VM_VERSION=21.0.8+-14196175-b1038.72, VM_VENDOR=JetBrains s.r.o., OS_ARCH=amd64}
[  +93 ms] Found daemon DaemonInfo{pid=21180, address=[9b1399de-2c4b-4cfa-beb7-e6e116186002 port:53374, addresses:[/127.0.0.1]], state=Idle, lastBusy=1765811737748, context=DefaultDaemonContext[uid=a3c9a583-43ab-4cc8-835d-c8296b119430,javaHome=C:\Program Files\Java\jdk-1.8,daemonRegistryDir=C:\Users\gokay\.gradle\daemon,pid=21180,idleTimeout=10800000,priority=NORMAL,applyInstrumentationAgent=true,daemonOpts=-Xmx4096M,-Dfile.encoding=UTF-8,-Duser.country=TR,-Duser.language=tr,-Duser.variant]} however its context does not match the desired criteria.
[        ] Java home is different.
[        ] Wanted: DefaultDaemonContext[uid=null,javaHome=C:\Program Files\Android\Android Studio\jbr,daemonRegistryDir=C:\Users\gokay\.gradle\daemon,pid=26764,idleTimeout=null,priority=NORMAL,applyInstrumentationAgent=true,daemonOpts=--add-opens=java.base/java.util=ALL-UNNAMED,--add-opens=java.base/java.lang=ALL-UNNAMED,--add-opens=java.base/java.lang.invoke=ALL-UNNAMED,--add-opens=java.prefs/java.util.prefs=ALL-UNNAMED,--add-opens=java.base/java.nio.charset=ALL-UNNAMED,--add-opens=java.base/java.net=ALL-UNNAMED,--add-opens=java.base/java.util.concurrent.atomic=ALL-UNNAMED,-Xmx4096M,-Dfile.encoding=UTF-8,-Duser.country=TR,-Duser.language=tr,-Duser.variant]
[        ] Actual: DefaultDaemonContext[uid=a3c9a583-43ab-4cc8-835d-c8296b119430,javaHome=C:\Program Files\Java\jdk-1.8,daemonRegistryDir=C:\Users\gokay\.gradle\daemon,pid=21180,idleTimeout=10800000,priority=NORMAL,applyInstrumentationAgent=true,daemonOpts=-Xmx4096M,-Dfile.encoding=UTF-8,-Duser.country=TR,-Duser.language=tr,-Duser.variant]
[        ]   Looking for a different daemon...
[        ] The client will now receive all logging from the daemon (pid: 8464). The daemon log file: C:\Users\gokay\.gradle\daemon\8.5\daemon-8464.out.log
[ +107 ms] Starting 33rd build in daemon [uptime: 2 hrs 19 mins 53.134 secs, performance: 100%, GC rate: 0.00/s, heap usage: 0% of 4 GiB]
[        ] Using 1 worker leases.
[        ] Now considering [C:\Users\gokay\Desktop\Ome\omechat_app\android, C:\src\flutter\packages\flutter_tools\gradle] as hierarchies to watch
[        ] Watching the file system is configured to be enabled if available
[        ] File system watching is active
[        ] Starting Build
[        ] Now considering [C:\src\flutter\packages\flutter_tools\gradle, C:\Users\gokay\Desktop\Ome\omechat_app\android] as hierarchies to watch
[        ] > Configure project :gradle
[        ] Evaluating project ':gradle' using build file 'C:\src\flutter\packages\flutter_tools\gradle\build.gradle.kts'.
[        ] Caching disabled for Kotlin DSL accessors for project ':gradle' because:
[        ]   Build cache is disabled
[        ] Skipping Kotlin DSL accessors for project ':gradle' as it is up-to-date.
[        ] Resolve mutations for :gradle:compileJava (Thread[#1330,included builds,5,main]) started.
[        ] :gradle:compileJava (Thread[#1330,included builds,5,main]) started.
[        ] > Task :gradle:compileJava NO-SOURCE
[        ] Skipping task ':gradle:compileJava' as it has no source files and no previous output files.
[        ] Resolve mutations for :gradle:compileGroovy (Thread[#1330,included builds,5,main]) started.
[        ] :gradle:compileGroovy (Thread[#1330,included builds,5,main]) started.
[        ] > Task :gradle:compileGroovy UP-TO-DATE
[        ] Caching disabled for task ':gradle:compileGroovy' because:
[        ]   Build cache is disabled
[        ] Skipping task ':gradle:compileGroovy' as it is up-to-date.
[        ] Resolve mutations for :gradle:pluginDescriptors (Thread[#1330,included builds,5,main]) started.
[        ] :gradle:pluginDescriptors (Thread[#1330,included builds,5,main]) started.
[        ] > Task :gradle:pluginDescriptors UP-TO-DATE
[        ] Caching disabled for task ':gradle:pluginDescriptors' because:
[        ]   Build cache is disabled
[        ] Skipping task ':gradle:pluginDescriptors' as it is up-to-date.
[        ] Resolve mutations for :gradle:processResources (Thread[#1330,included builds,5,main]) started.
[        ] :gradle:processResources (Thread[#1330,included builds,5,main]) started.
[        ] > Task :gradle:processResources UP-TO-DATE
[        ] Caching disabled for task ':gradle:processResources' because:
[        ]   Build cache is disabled
[        ] Skipping task ':gradle:processResources' as it is up-to-date.
[        ] Resolve mutations for :gradle:classes (Thread[#1330,included builds,5,main]) started.
[        ] :gradle:classes (Thread[#1330,included builds,5,main]) started.
[        ] > Task :gradle:classes UP-TO-DATE
[        ] Skipping task ':gradle:classes' as it has no actions.
[        ] Resolve mutations for :gradle:jar (Thread[#1330,included builds,5,main]) started.
[        ] :gradle:jar (Thread[#1330,included builds,5,main]) started.
[        ] > Task :gradle:jar UP-TO-DATE
[        ] Caching disabled for task ':gradle:jar' because:
[        ]   Build cache is disabled
[        ] Skipping task ':gradle:jar' as it is up-to-date.
[  +89 ms] Settings evaluated using settings file 'C:\Users\gokay\Desktop\Ome\omechat_app\android\settings.gradle'.
[        ] Projects loaded. Root project using build file 'C:\Users\gokay\Desktop\Ome\omechat_app\android\build.gradle'.
[        ] Included projects: [root project 'android', project ':app', project ':connectivity_plus', project ':flutter_native_splash', project ':flutter_plugin_android_lifecycle', project ':flutter_webrtc', project ':image_picker_android', project ':path_provider_android', project ':permission_handler_android', project ':shared_preferences_android', project ':sqflite_android']
[ +108 ms] > Configure project :app
[        ] Evaluating project ':app' using build file 'C:\Users\gokay\Desktop\Ome\omechat_app\android\app\build.gradle'.
[        ] WARNING: The option setting 'android.overridePathCheck=true' is experimental.
[        ] The current default is 'false'.
[        ] WARNING: The option setting 'android.defaults.buildfeatures.buildconfig=true' is deprecated.
[        ] The current default is 'false'.
[        ] It will be removed in version 9.0 of the Android Gradle plugin.
[        ] You can resolve this warning in Android Studio via `Refactor` > `Migrate BuildConfig to Gradle Build Files`
[        ] Using default execution profile
[        ] Using Kotlin Gradle Plugin gradle81 variant
[        ] Parsed shrinker version: 8.3.36
[        ] > Configure project :
[        ] Evaluating root project 'android' using build file 'C:\Users\gokay\Desktop\Ome\omechat_app\android\build.gradle'.
[        ] > Configure project :connectivity_plus
[        ] Evaluating project ':connectivity_plus' using build file 'C:\Users\gokay\AppData\Local\Pub\Cache\hosted\pub.dev\connectivity_plus-5.0.2\android\build.gradle'.
[        ] Using default execution profile
[        ] > Configure project :flutter_native_splash
[        ] Evaluating project ':flutter_native_splash' using build file 'C:\Users\gokay\AppData\Local\Pub\Cache\hosted\pub.dev\flutter_native_splash-2.4.4\android\build.gradle'.
[        ] Using default execution profile
[  +90 ms] > Configure project :flutter_plugin_android_lifecycle
[        ] Evaluating project ':flutter_plugin_android_lifecycle' using build file 'C:\Users\gokay\AppData\Local\Pub\Cache\hosted\pub.dev\flutter_plugin_android_lifecycle-2.0.26\android\build.gradle'.
[        ] Using default execution profile
[        ] > Configure project :flutter_webrtc
[        ] Evaluating project ':flutter_webrtc' using build file 'C:\Users\gokay\AppData\Local\Pub\Cache\hosted\pub.dev\flutter_webrtc-0.9.48+hotfix.1\android\build.gradle'.
[        ] Using default execution profile
[        ] Using Kotlin Gradle Plugin gradle81 variant
[        ] > Configure project :image_picker_android
[        ] Evaluating project ':image_picker_android' using build file 'C:\Users\gokay\AppData\Local\Pub\Cache\hosted\pub.dev\image_picker_android-0.8.12+21\android\build.gradle'.
[        ] Using default execution profile
[  +92 ms] > Configure project :path_provider_android
[        ] Evaluating project ':path_provider_android' using build file 'C:\Users\gokay\AppData\Local\Pub\Cache\hosted\pub.dev\path_provider_android-2.2.15\android\build.gradle'.
[        ] Using default execution profile
[        ] > Configure project :permission_handler_android
[        ] Evaluating project ':permission_handler_android' using build file 'C:\Users\gokay\AppData\Local\Pub\Cache\hosted\pub.dev\permission_handler_android-12.1.0\android\build.gradle'.
[        ] Using default execution profile
[        ] > Configure project :shared_preferences_android
[        ] Evaluating project ':shared_preferences_android' using build file 'C:\Users\gokay\AppData\Local\Pub\Cache\hosted\pub.dev\shared_preferences_android-2.4.7\android\build.gradle'.
[        ] Using default execution profile
[        ] Using Kotlin Gradle Plugin gradle81 variant
[ +110 ms] > Configure project :sqflite_android
[        ] Evaluating project ':sqflite_android' using build file 'C:\Users\gokay\AppData\Local\Pub\Cache\hosted\pub.dev\sqflite_android-2.4.0\android\build.gradle'.
[        ] Using default execution profile
[        ] All projects evaluated.
[        ] Task name matched 'assembleDebug'
[        ] Selected primary task 'assembleDebug' from project :
[        ] WARNING: We recommend using a newer Android Gradle plugin to use compileSdk = 35
[        ] This Android Gradle plugin (8.3.0) was tested up to compileSdk = 34.
[        ] You are strongly encouraged to update your project to use a newer
[        ] Android Gradle plugin that has been tested with compileSdk = 35.
[        ] If you are already using the latest version of the Android Gradle plugin,
[        ] you may need to wait until a newer version with support for compileSdk = 35 is available.
[        ] To suppress this warning, add/update
[        ]     android.suppressUnsupportedCompileSdk=35
[        ] to this project's gradle.properties.
[  +94 ms] Tasks to be executed: [task ':app:preBuild', task ':app:preDebugBuild', task ':app:mergeDebugNativeDebugMetadata', task ':app:generateDebugBuildConfig', task ':app:compileFlutterBuildDebug', task ':app:packJniLibsflutterBuildDebug', task ':connectivity_plus:preBuild', task ':connectivity_plus:preDebugBuild', task ':connectivity_plus:writeDebugAarMetadata', task ':flutter_native_splash:preBuild', task ':flutter_native_splash:preDebugBuild', task ':flutter_native_splash:writeDebugAarMetadata', task ':flutter_plugin_android_lifecycle:preBuild', task ':flutter_plugin_android_lifecycle:preDebugBuild', task ':flutter_plugin_android_lifecycle:writeDebugAarMetadata', task ':flutter_webrtc:preBuild', task ':flutter_webrtc:preDebugBuild', task ':flutter_webrtc:writeDebugAarMetadata', task ':image_picker_android:preBuild', task ':image_picker_android:preDebugBuild', task ':image_picker_android:writeDebugAarMetadata', task ':path_provider_android:preBuild', task ':path_provider_android:preDebugBuild', task ':path_provider_android:writeDebugAarMetadata', task ':permission_handler_android:preBuild', task ':permission_handler_android:preDebugBuild', task ':permission_handler_android:writeDebugAarMetadata', task ':shared_preferences_android:preBuild', task ':shared_preferences_android:preDebugBuild', task ':shared_preferences_android:writeDebugAarMetadata', task ':sqflite_android:preBuild', task ':sqflite_android:preDebugBuild', task ':sqflite_android:writeDebugAarMetadata', task ':app:checkDebugAarMetadata', task ':app:cleanMergeDebugAssets', task ':app:mergeDebugShaders', task ':app:compileDebugShaders', task ':app:generateDebugAssets', task ':connectivity_plus:mergeDebugShaders', task ':connectivity_plus:compileDebugShaders', task ':connectivity_plus:generateDebugAssets', task ':connectivity_plus:packageDebugAssets', task ':flutter_native_splash:mergeDebugShaders', task ':flutter_native_splash:compileDebugShaders', task ':flutter_native_splash:generateDebugAssets', task ':flutter_native_splash:packageDebugAssets', task ':flutter_plugin_android_lifecycle:mergeDebugShaders', task ':flutter_plugin_android_lifecycle:compileDebugShaders', task ':flutter_plugin_android_lifecycle:generateDebugAssets', task ':flutter_plugin_android_lifecycle:packageDebugAssets', task ':flutter_webrtc:mergeDebugShaders', task ':flutter_webrtc:compileDebugShaders', task ':flutter_webrtc:generateDebugAssets', task ':flutter_webrtc:packageDebugAssets', task ':image_picker_android:mergeDebugShaders', task ':image_picker_android:compileDebugShaders', task ':image_picker_android:generateDebugAssets', task ':image_picker_android:packageDebugAssets', task ':path_provider_android:mergeDebugShaders', task ':path_provider_android:compileDebugShaders', task ':path_provider_android:generateDebugAssets', task ':path_provider_android:packageDebugAssets', task ':permission_handler_android:mergeDebugShaders', task ':permission_handler_android:compileDebugShaders', task ':permission_handler_android:generateDebugAssets', task ':permission_handler_android:packageDebugAssets', task ':shared_preferences_android:mergeDebugShaders', task ':shared_preferences_android:compileDebugShaders', task ':shared_preferences_android:generateDebugAssets', task ':shared_preferences_android:packageDebugAssets', task ':sqflite_android:mergeDebugShaders', task ':sqflite_android:compileDebugShaders', task ':sqflite_android:generateDebugAssets', task ':sqflite_android:packageDebugAssets', task ':app:mergeDebugAssets', task ':app:copyFlutterAssetsDebug', task ':app:generateDebugResValues', task ':connectivity_plus:generateDebugResValues', task ':connectivity_plus:generateDebugResources', task ':connectivity_plus:packageDebugResources', task ':flutter_native_splash:generateDebugResValues', task ':flutter_native_splash:generateDebugResources', task ':flutter_native_splash:packageDebugResources', task ':flutter_plugin_android_lifecycle:generateDebugResValues', task ':flutter_plugin_android_lifecycle:generateDebugResources', task ':flutter_plugin_android_lifecycle:packageDebugResources', task ':flutter_webrtc:generateDebugResValues', task ':flutter_webrtc:generateDebugResources', task ':flutter_webrtc:packageDebugResources', task ':image_picker_android:generateDebugResValues', task ':image_picker_android:generateDebugResources', task ':image_picker_android:packageDebugResources', task ':path_provider_android:generateDebugResValues', task ':path_provider_android:generateDebugResources', task ':path_provider_android:packageDebugResources', task ':permission_handler_android:generateDebugResValues', task ':permission_handler_android:generateDebugResources', task ':permission_handler_android:packageDebugResources', task ':shared_preferences_android:generateDebugResValues', task ':shared_preferences_android:generateDebugResources', task ':shared_preferences_android:packageDebugResources', task ':sqflite_android:generateDebugResValues', task ':sqflite_android:generateDebugResources', task ':sqflite_android:packageDebugResources', task ':app:mapDebugSourceSetPaths', task ':app:generateDebugResources', task ':app:mergeDebugResources', task ':app:createDebugCompatibleScreenManifests', task ':app:extractDeepLinksDebug', task ':connectivity_plus:extractDeepLinksDebug', task ':connectivity_plus:processDebugManifest', task ':flutter_native_splash:extractDeepLinksDebug', task ':flutter_native_splash:processDebugManifest', task ':flutter_plugin_android_lifecycle:extractDeepLinksDebug', task ':flutter_plugin_android_lifecycle:processDebugManifest', task ':flutter_webrtc:extractDeepLinksDebug', task ':flutter_webrtc:processDebugManifest', task ':image_picker_android:extractDeepLinksDebug', task ':image_picker_android:processDebugManifest', task ':path_provider_android:extractDeepLinksDebug', task ':path_provider_android:processDebugManifest', task ':permission_handler_android:extractDeepLinksDebug', task ':permission_handler_android:processDebugManifest', task ':shared_preferences_android:extractDeepLinksDebug', task ':shared_preferences_android:processDebugManifest', task ':sqflite_android:extractDeepLinksDebug', task ':sqflite_android:processDebugManifest', task ':app:processDebugMainManifest', task ':app:processDebugManifest', task ':app:processDebugManifestForPackage', task ':connectivity_plus:compileDebugLibraryResources', task ':connectivity_plus:parseDebugLocalResources', task ':connectivity_plus:generateDebugRFile', task ':flutter_native_splash:compileDebugLibraryResources', task ':flutter_native_splash:parseDebugLocalResources', task ':flutter_native_splash:generateDebugRFile', task ':flutter_plugin_android_lifecycle:compileDebugLibraryResources', task ':flutter_plugin_android_lifecycle:parseDebugLocalResources', task ':flutter_plugin_android_lifecycle:generateDebugRFile', task ':flutter_webrtc:compileDebugLibraryResources', task ':flutter_webrtc:parseDebugLocalResources', task ':flutter_webrtc:generateDebugRFile', task ':image_picker_android:compileDebugLibraryResources', task ':image_picker_android:parseDebugLocalResources', task ':image_picker_android:generateDebugRFile', task ':path_provider_android:compileDebugLibraryResources', task ':path_provider_android:parseDebugLocalResources', task ':path_provider_android:generateDebugRFile', task ':permission_handler_android:compileDebugLibraryResources', task ':permission_handler_android:parseDebugLocalResources', task ':permission_handler_android:generateDebugRFile', task ':shared_preferences_android:compileDebugLibraryResources', task ':shared_preferences_android:parseDebugLocalResources', task ':shared_preferences_android:generateDebugRFile', task ':sqflite_android:compileDebugLibraryResources', task ':sqflite_android:parseDebugLocalResources', task ':sqflite_android:generateDebugRFile', task ':app:processDebugResources', task ':connectivity_plus:generateDebugBuildConfig', task ':connectivity_plus:javaPreCompileDebug', task ':connectivity_plus:compileDebugJavaWithJavac', task ':connectivity_plus:bundleLibCompileToJarDebug', task ':flutter_native_splash:generateDebugBuildConfig', task ':flutter_native_splash:javaPreCompileDebug', task ':flutter_native_splash:compileDebugJavaWithJavac', task ':flutter_native_splash:bundleLibCompileToJarDebug', task ':flutter_plugin_android_lifecycle:generateDebugBuildConfig', task ':flutter_plugin_android_lifecycle:javaPreCompileDebug', task ':flutter_plugin_android_lifecycle:compileDebugJavaWithJavac', task ':flutter_plugin_android_lifecycle:bundleLibCompileToJarDebug', task ':flutter_webrtc:generateDebugBuildConfig', task ':flutter_webrtc:compileDebugKotlin', task ':flutter_webrtc:javaPreCompileDebug', task ':flutter_webrtc:compileDebugJavaWithJavac', task ':flutter_webrtc:bundleLibCompileToJarDebug', task ':image_picker_android:generateDebugBuildConfig', task ':image_picker_android:javaPreCompileDebug', task ':image_picker_android:compileDebugJavaWithJavac', task ':image_picker_android:bundleLibCompileToJarDebug', task ':path_provider_android:generateDebugBuildConfig', task ':path_provider_android:javaPreCompileDebug', task ':path_provider_android:compileDebugJavaWithJavac', task ':path_provider_android:bundleLibCompileToJarDebug', task ':permission_handler_android:generateDebugBuildConfig', task ':permission_handler_android:javaPreCompileDebug', task ':permission_handler_android:compileDebugJavaWithJavac', task ':permission_handler_android:bundleLibCompileToJarDebug', task ':shared_preferences_android:generateDebugBuildConfig', task ':shared_preferences_android:compileDebugKotlin', task ':shared_preferences_android:javaPreCompileDebug', task ':shared_preferences_android:compileDebugJavaWithJavac', task ':shared_preferences_android:bundleLibCompileToJarDebug', task ':sqflite_android:generateDebugBuildConfig', task ':sqflite_android:javaPreCompileDebug', task ':sqflite_android:compileDebugJavaWithJavac', task ':sqflite_android:bundleLibCompileToJarDebug', task ':app:compileDebugKotlin', task ':app:javaPreCompileDebug', task ':app:compileDebugJavaWithJavac', task ':app:compressDebugAssets', task ':connectivity_plus:bundleLibRuntimeToJarDebug', task ':flutter_native_splash:bundleLibRuntimeToJarDebug', task ':image_picker_android:bundleLibRuntimeToJarDebug', task ':flutter_plugin_android_lifecycle:bundleLibRuntimeToJarDebug', task ':flutter_webrtc:bundleLibRuntimeToJarDebug', task ':path_provider_android:bundleLibRuntimeToJarDebug', task ':permission_handler_android:bundleLibRuntimeToJarDebug', task ':shared_preferences_android:bundleLibRuntimeToJarDebug', task ':sqflite_android:bundleLibRuntimeToJarDebug', task ':app:desugarDebugFileDependencies', task ':app:dexBuilderDebug', task ':app:mergeDebugGlobalSynthetics', task ':app:processDebugJavaRes', task ':connectivity_plus:processDebugJavaRes', task ':flutter_native_splash:processDebugJavaRes', task ':flutter_plugin_android_lifecycle:processDebugJavaRes', task ':flutter_webrtc:processDebugJavaRes', task ':image_picker_android:processDebugJavaRes', task ':path_provider_android:processDebugJavaRes', task ':permission_handler_android:processDebugJavaRes', task ':shared_preferences_android:processDebugJavaRes', task ':sqflite_android:processDebugJavaRes', task ':app:mergeDebugJavaResource', task ':app:checkDebugDuplicateClasses', task ':app:mergeExtDexDebug', task ':connectivity_plus:bundleLibRuntimeToDirDebug', task ':flutter_native_splash:bundleLibRuntimeToDirDebug', task ':image_picker_android:bundleLibRuntimeToDirDebug', task ':flutter_plugin_android_lifecycle:bundleLibRuntimeToDirDebug', task ':flutter_webrtc:bundleLibRuntimeToDirDebug', task ':path_provider_android:bundleLibRuntimeToDirDebug', task ':permission_handler_android:bundleLibRuntimeToDirDebug', task ':shared_preferences_android:bundleLibRuntimeToDirDebug', task ':sqflite_android:bundleLibRuntimeToDirDebug', task ':app:mergeLibDexDebug', task ':app:mergeProjectDexDebug', task ':app:mergeDebugJniLibFolders', task ':connectivity_plus:mergeDebugJniLibFolders', task ':connectivity_plus:mergeDebugNativeLibs', task ':connectivity_plus:copyDebugJniLibsProjectOnly', task ':flutter_native_splash:mergeDebugJniLibFolders', task ':flutter_native_splash:mergeDebugNativeLibs', task ':flutter_native_splash:copyDebugJniLibsProjectOnly', task ':flutter_plugin_android_lifecycle:mergeDebugJniLibFolders', task ':flutter_plugin_android_lifecycle:mergeDebugNativeLibs', task ':flutter_plugin_android_lifecycle:copyDebugJniLibsProjectOnly', task ':flutter_webrtc:mergeDebugJniLibFolders', task ':flutter_webrtc:mergeDebugNativeLibs', task ':flutter_webrtc:copyDebugJniLibsProjectOnly', task ':image_picker_android:mergeDebugJniLibFolders', task ':image_picker_android:mergeDebugNativeLibs', task ':image_picker_android:copyDebugJniLibsProjectOnly', task ':path_provider_android:mergeDebugJniLibFolders', task ':path_provider_android:mergeDebugNativeLibs', task ':path_provider_android:copyDebugJniLibsProjectOnly', task ':permission_handler_android:mergeDebugJniLibFolders', task ':permission_handler_android:mergeDebugNativeLibs', task ':permission_handler_android:copyDebugJniLibsProjectOnly', task ':shared_preferences_android:mergeDebugJniLibFolders', task ':shared_preferences_android:mergeDebugNativeLibs', task ':shared_preferences_android:copyDebugJniLibsProjectOnly', task ':sqflite_android:mergeDebugJniLibFolders', task ':sqflite_android:mergeDebugNativeLibs', task ':sqflite_android:copyDebugJniLibsProjectOnly', task ':app:mergeDebugNativeLibs', task ':app:stripDebugDebugSymbols', task ':app:validateSigningDebug', task ':app:writeDebugAppMetadata', task ':app:writeDebugSigningConfigVersions', task ':app:packageDebug', task ':app:createDebugApkListingFileRedirect', task ':app:assembleDebug', task ':connectivity_plus:stripDebugDebugSymbols', task ':connectivity_plus:copyDebugJniLibsProjectAndLocalJars', task ':connectivity_plus:extractDebugAnnotations', task ':connectivity_plus:extractDeepLinksForAarDebug', task ':connectivity_plus:mergeDebugGeneratedProguardFiles', task ':connectivity_plus:mergeDebugConsumerProguardFiles', task ':connectivity_plus:prepareDebugArtProfile', task ':connectivity_plus:prepareLintJarForPublish', task ':connectivity_plus:mergeDebugJavaResource', task ':connectivity_plus:syncDebugLibJars', task ':connectivity_plus:bundleDebugAar', task ':connectivity_plus:assembleDebug', task ':flutter_native_splash:stripDebugDebugSymbols', task ':flutter_native_splash:copyDebugJniLibsProjectAndLocalJars', task ':flutter_native_splash:extractDebugAnnotations', task ':flutter_native_splash:extractDeepLinksForAarDebug', task ':flutter_native_splash:mergeDebugGeneratedProguardFiles', task ':flutter_native_splash:mergeDebugConsumerProguardFiles', task ':flutter_native_splash:prepareDebugArtProfile', task ':flutter_native_splash:prepareLintJarForPublish', task ':flutter_native_splash:mergeDebugJavaResource', task ':flutter_native_splash:syncDebugLibJars', task ':flutter_native_splash:bundleDebugAar', task ':flutter_native_splash:assembleDebug', task ':flutter_plugin_android_lifecycle:stripDebugDebugSymbols', task ':flutter_plugin_android_lifecycle:copyDebugJniLibsProjectAndLocalJars', task ':flutter_plugin_android_lifecycle:extractDebugAnnotations', task ':flutter_plugin_android_lifecycle:extractDeepLinksForAarDebug', task ':flutter_plugin_android_lifecycle:mergeDebugGeneratedProguardFiles', task ':flutter_plugin_android_lifecycle:mergeDebugConsumerProguardFiles', task ':flutter_plugin_android_lifecycle:prepareDebugArtProfile', task ':flutter_plugin_android_lifecycle:prepareLintJarForPublish', task ':flutter_plugin_android_lifecycle:mergeDebugJavaResource', task ':flutter_plugin_android_lifecycle:syncDebugLibJars', task ':flutter_plugin_android_lifecycle:bundleDebugAar', task ':flutter_plugin_android_lifecycle:assembleDebug', task ':flutter_webrtc:stripDebugDebugSymbols', task ':flutter_webrtc:copyDebugJniLibsProjectAndLocalJars', task ':flutter_webrtc:extractDebugAnnotations', task ':flutter_webrtc:extractDeepLinksForAarDebug', task ':flutter_webrtc:mergeDebugGeneratedProguardFiles', task ':flutter_webrtc:mergeDebugConsumerProguardFiles', task ':flutter_webrtc:prepareDebugArtProfile', task ':flutter_webrtc:prepareLintJarForPublish', task ':flutter_webrtc:mergeDebugJavaResource', task ':flutter_webrtc:syncDebugLibJars', task ':flutter_webrtc:bundleDebugAar', task ':flutter_webrtc:assembleDebug', task ':image_picker_android:stripDebugDebugSymbols', task ':image_picker_android:copyDebugJniLibsProjectAndLocalJars', task ':image_picker_android:extractDebugAnnotations', task ':image_picker_android:extractDeepLinksForAarDebug', task ':image_picker_android:mergeDebugGeneratedProguardFiles', task ':image_picker_android:mergeDebugConsumerProguardFiles', task ':image_picker_android:prepareDebugArtProfile', task ':image_picker_android:prepareLintJarForPublish', task ':image_picker_android:mergeDebugJavaResource', task ':image_picker_android:syncDebugLibJars', task ':image_picker_android:bundleDebugAar', task ':image_picker_android:assembleDebug', task ':path_provider_android:stripDebugDebugSymbols', task ':path_provider_android:copyDebugJniLibsProjectAndLocalJars', task ':path_provider_android:extractDebugAnnotations', task ':path_provider_android:extractDeepLinksForAarDebug', task ':path_provider_android:mergeDebugGeneratedProguardFiles', task ':path_provider_android:mergeDebugConsumerProguardFiles', task ':path_provider_android:prepareDebugArtProfile', task ':path_provider_android:prepareLintJarForPublish', task ':path_provider_android:mergeDebugJavaResource', task ':path_provider_android:syncDebugLibJars', task ':path_provider_android:bundleDebugAar', task ':path_provider_android:assembleDebug', task ':permission_handler_android:stripDebugDebugSymbols', task ':permission_handler_android:copyDebugJniLibsProjectAndLocalJars', task ':permission_handler_android:extractDebugAnnotations', task ':permission_handler_android:extractDeepLinksForAarDebug', task ':permission_handler_android:mergeDebugGeneratedProguardFiles', task ':permission_handler_android:mergeDebugConsumerProguardFiles', task ':permission_handler_android:prepareDebugArtProfile', task ':permission_handler_android:prepareLintJarForPublish', task ':permission_handler_android:mergeDebugJavaResource', task ':permission_handler_android:syncDebugLibJars', task ':permission_handler_android:bundleDebugAar', task ':permission_handler_android:assembleDebug', task ':shared_preferences_android:stripDebugDebugSymbols', task ':shared_preferences_android:copyDebugJniLibsProjectAndLocalJars', task ':shared_preferences_android:extractDebugAnnotations', task ':shared_preferences_android:extractDeepLinksForAarDebug', task ':shared_preferences_android:mergeDebugGeneratedProguardFiles', task ':shared_preferences_android:mergeDebugConsumerProguardFiles', task ':shared_preferences_android:prepareDebugArtProfile', task ':shared_preferences_android:prepareLintJarForPublish', task ':shared_preferences_android:mergeDebugJavaResource', task ':shared_preferences_android:syncDebugLibJars', task ':shared_preferences_android:bundleDebugAar', task ':shared_preferences_android:assembleDebug', task ':sqflite_android:stripDebugDebugSymbols', task ':sqflite_android:copyDebugJniLibsProjectAndLocalJars', task ':sqflite_android:extractDebugAnnotations', task ':sqflite_android:extractDeepLinksForAarDebug', task ':sqflite_android:mergeDebugGeneratedProguardFiles', task ':sqflite_android:mergeDebugConsumerProguardFiles', task ':sqflite_android:prepareDebugArtProfile', task ':sqflite_android:prepareLintJarForPublish', task ':sqflite_android:mergeDebugJavaResource', task ':sqflite_android:syncDebugLibJars', task ':sqflite_android:bundleDebugAar', task ':sqflite_android:assembleDebug']
[        ] Tasks that were excluded: []
[        ] work action Parameters of IdentityTransform (Thread[#1330,included builds,5,main]) started.
[        ] work action Parameters of DexingNoClasspathTransform (Thread[#1330,included builds,5,main]) started.
[        ] work action Parameters of DexingOutputSplitTransform (Thread[#1330,included builds,5,main]) started.
[        ] work action Parameters of ClassesDirToClassesTransform (Thread[#1330,included builds,5,main]) started.
[        ] work action Parameters of DexingOutputSplitTransform (Thread[#1330,included builds,5,main]) started.
[        ] Resolve mutations for :app:preBuild (Thread[#1330,included builds,5,main]) started.
[        ] :app:preBuild (Thread[#1330,included builds,5,main]) started.
[        ] > Task :app:preBuild UP-TO-DATE
[        ] Skipping task ':app:preBuild' as it has no actions.
[        ] Resolve mutations for :app:preDebugBuild (Thread[#1330,included builds,5,main]) started.
[        ] :app:preDebugBuild (Thread[#1330,included builds,5,main]) started.
[        ] > Task :app:preDebugBuild UP-TO-DATE
[        ] Skipping task ':app:preDebugBuild' as it has no actions.
[        ] Resolve mutations for :app:mergeDebugNativeDebugMetadata (Thread[#1330,included builds,5,main]) started.
[        ] :app:mergeDebugNativeDebugMetadata (Thread[#1330,included builds,5,main]) started.
[        ] > Task :app:mergeDebugNativeDebugMetadata NO-SOURCE
[        ] Skipping task ':app:mergeDebugNativeDebugMetadata' as it has no source files and no previous output files.
[        ] Resolve mutations for :app:generateDebugBuildConfig (Thread[#1330,included builds,5,main]) started.
[        ] :app:generateDebugBuildConfig (Thread[#1330,included builds,5,main]) started.
[        ] > Task :app:generateDebugBuildConfig UP-TO-DATE
[        ] Caching disabled for task ':app:generateDebugBuildConfig' because:
[        ]   Build cache is disabled
[        ] Skipping task ':app:generateDebugBuildConfig' as it is up-to-date.
[        ] Resolve mutations for :app:compileFlutterBuildDebug (Thread[#1330,included builds,5,main]) started.
[        ] :app:compileFlutterBuildDebug (Thread[#1330,included builds,5,main]) started.
[+2000 ms] > Task :app:compileFlutterBuildDebug
[        ] Caching disabled for task ':app:compileFlutterBuildDebug' because:
[        ]   Build cache is disabled
[        ] Task ':app:compileFlutterBuildDebug' is not up-to-date because:
[        ]   Task has failed previously.
[        ] Starting process 'command 'C:\src\flutter\bin\flutter.bat''. Working directory: C:\Users\gokay\Desktop\Ome\omechat_app Command: C:\src\flutter\bin\flutter.bat --verbose assemble --no-version-check --depfile C:\Users\gokay\Desktop\Ome\omechat_app\build\app\intermediates\flutter\debug/flutter_build.d --output C:\Users\gokay\Desktop\Ome\omechat_app\build\app\intermediates\flutter\debug -dTargetFile=lib\main.dart -dTargetPlatform=android -dBuildMode=debug -dTrackWidgetCreation=true -dFlavor= -dAndroidArchs=android-arm android-arm64 android-x64 -dMinSdkVersion=24 debug_android_application
[        ] Successfully started process 'command 'C:\src\flutter\bin\flutter.bat''
[        ] [  +79 ms] Artifact Instance of 'AndroidGenSnapshotArtifacts' is not required, skipping update.
[        ] [   +3 ms] Artifact Instance of 'AndroidInternalBuildArtifacts' is not required, skipping update.
[        ] [        ] Artifact Instance of 'IOSEngineArtifacts' is not required, skipping update.
[        ] [        ] Artifact Instance of 'FlutterWebSdk' is not required, skipping update.
[        ] [        ] Artifact Instance of 'LegacyCanvasKitRemover' is not required, skipping update.
[        ] [   +2 ms] Artifact Instance of 'WindowsEngineArtifacts' is not required, skipping update.
[        ] [        ] Artifact Instance of 'MacOSEngineArtifacts' is not required, skipping update.
[        ] [        ] Artifact Instance of 'LinuxEngineArtifacts' is not required, skipping update.
[        ] [        ] Artifact Instance of 'LinuxFuchsiaSDKArtifacts' is not required, skipping update.
[        ] [        ] Artifact Instance of 'MacOSFuchsiaSDKArtifacts' is not required, skipping update.
[        ] [        ] Artifact Instance of 'FlutterRunnerSDKArtifacts' is not required, skipping update.
[        ] [        ] Artifact Instance of 'FlutterRunnerDebugSymbols' is not required, skipping update.
[        ] [  +70 ms] Artifact Instance of 'MaterialFonts' is not required, skipping update.
[        ] [        ] Artifact Instance of 'GradleWrapper' is not required, skipping update.
[        ] [   +2 ms] Artifact Instance of 'AndroidInternalBuildArtifacts' is not required, skipping update.
[        ] [        ] Artifact Instance of 'IOSEngineArtifacts' is not required, skipping update.
[        ] [        ] Artifact Instance of 'FlutterWebSdk' is not required, skipping update.
[        ] [        ] Artifact Instance of 'LegacyCanvasKitRemover' is not required, skipping update.
[        ] [        ] Artifact Instance of 'FlutterSdk' is not required, skipping update.
[        ] [        ] Artifact Instance of 'WindowsEngineArtifacts' is not required, skipping update.
[        ] [        ] Artifact Instance of 'MacOSEngineArtifacts' is not required, skipping update.
[        ] [        ] Artifact Instance of 'LinuxEngineArtifacts' is not required, skipping update.
[        ] [        ] Artifact Instance of 'LinuxFuchsiaSDKArtifacts' is not required, skipping update.
[        ] [        ] Artifact Instance of 'MacOSFuchsiaSDKArtifacts' is not required, skipping update.
[        ] [        ] Artifact Instance of 'FlutterRunnerSDKArtifacts' is not required, skipping update.
[        ] [        ] Artifact Instance of 'FlutterRunnerDebugSymbols' is not required, skipping update.
[        ] [        ] Artifact Instance of 'IosUsbArtifacts' is not required, skipping update.
[        ] [        ] Artifact Instance of 'IosUsbArtifacts' is not required, skipping update.
[        ] [        ] Artifact Instance of 'IosUsbArtifacts' is not required, skipping update.
[        ] [        ] Artifact Instance of 'IosUsbArtifacts' is not required, skipping update.
[        ] [        ] Artifact Instance of 'IosUsbArtifacts' is not required, skipping update.
[        ] [        ] Artifact Instance of 'FontSubsetArtifacts' is not required, skipping update.
[        ] [        ] Artifact Instance of 'PubDependencies' is not required, skipping update.
[        ] [  +48 ms] Initializing file store
[        ] [  +17 ms] Skipping target: gen_localizations
[        ] [   +7 ms] gen_dart_plugin_registrant: Starting due to {InvalidatedReasonKind.inputChanged: The following inputs have updated contents: C:\Users\gokay\Desktop\Ome\omechat_app\.dart_tool\package_config_subset}
[        ] [  +77 ms] Found plugin connectivity_plus at C:\Users\gokay\AppData\Local\Pub\Cache\hosted\pub.dev\connectivity_plus-5.0.2\
[        ] [  +19 ms] Found plugin file_selector_linux at C:\Users\gokay\AppData\Local\Pub\Cache\hosted\pub.dev\file_selector_linux-0.9.3+2\
[        ] [   +1 ms] Found plugin file_selector_macos at C:\Users\gokay\AppData\Local\Pub\Cache\hosted\pub.dev\file_selector_macos-0.9.4+2\
[        ] [   +2 ms] Found plugin file_selector_windows at C:\Users\gokay\AppData\Local\Pub\Cache\hosted\pub.dev\file_selector_windows-0.9.3+4\
[        ] [   +3 ms] Found plugin flutter_native_splash at C:\Users\gokay\AppData\Local\Pub\Cache\hosted\pub.dev\flutter_native_splash-2.4.4\
[        ] [        ] Found plugin flutter_plugin_android_lifecycle at C:\Users\gokay\AppData\Local\Pub\Cache\hosted\pub.dev\flutter_plugin_android_lifecycle-2.0.26\
[        ] [   +2 ms] Found plugin flutter_webrtc at C:\Users\gokay\AppData\Local\Pub\Cache\hosted\pub.dev\flutter_webrtc-0.9.48+hotfix.1\
[        ] [   +8 ms] Found plugin image_picker at C:\Users\gokay\AppData\Local\Pub\Cache\hosted\pub.dev\image_picker-1.1.2\
[        ] [   +1 ms] Found plugin image_picker_android at C:\Users\gokay\AppData\Local\Pub\Cache\hosted\pub.dev\image_picker_android-0.8.12+21\
[        ] [        ] Found plugin image_picker_for_web at C:\Users\gokay\AppData\Local\Pub\Cache\hosted\pub.dev\image_picker_for_web-3.0.6\
[        ] [   +1 ms] Found plugin image_picker_ios at C:\Users\gokay\AppData\Local\Pub\Cache\hosted\pub.dev\image_picker_ios-0.8.12+2\
[        ] [   +1 ms] Found plugin image_picker_linux at C:\Users\gokay\AppData\Local\Pub\Cache\hosted\pub.dev\image_picker_linux-0.2.1+2\
[        ] [   +2 ms] Found plugin image_picker_macos at C:\Users\gokay\AppData\Local\Pub\Cache\hosted\pub.dev\image_picker_macos-0.2.1+2\
[        ] [   +1 ms] Found plugin image_picker_windows at C:\Users\gokay\AppData\Local\Pub\Cache\hosted\pub.dev\image_picker_windows-0.2.1+1\
[        ] [  +38 ms] Found plugin path_provider at C:\Users\gokay\AppData\Local\Pub\Cache\hosted\pub.dev\path_provider-2.1.5\
[        ] [        ] Found plugin path_provider_android at C:\Users\gokay\AppData\Local\Pub\Cache\hosted\pub.dev\path_provider_android-2.2.15\
[        ] [   +1 ms] Found plugin path_provider_foundation at C:\Users\gokay\AppData\Local\Pub\Cache\hosted\pub.dev\path_provider_foundation-2.4.1\
[        ] [        ] Found plugin path_provider_linux at C:\Users\gokay\AppData\Local\Pub\Cache\hosted\pub.dev\path_provider_linux-2.2.1\
[        ] [   +1 ms] Found plugin path_provider_windows at C:\Users\gokay\AppData\Local\Pub\Cache\hosted\pub.dev\path_provider_windows-2.3.0\
[        ] [        ] Found plugin permission_handler at C:\Users\gokay\AppData\Local\Pub\Cache\hosted\pub.dev\permission_handler-11.4.0\
[        ] [        ] Found plugin permission_handler_android at C:\Users\gokay\AppData\Local\Pub\Cache\hosted\pub.dev\permission_handler_android-12.1.0\
[        ] [        ] Found plugin permission_handler_apple at C:\Users\gokay\AppData\Local\Pub\Cache\hosted\pub.dev\permission_handler_apple-9.4.7\
[        ] [   +1 ms] Found plugin permission_handler_html at C:\Users\gokay\AppData\Local\Pub\Cache\hosted\pub.dev\permission_handler_html-0.1.3+5\
[        ] [   +1 ms] Found plugin permission_handler_windows at C:\Users\gokay\AppData\Local\Pub\Cache\hosted\pub.dev\permission_handler_windows-0.2.1\
[        ] [   +7 ms] Found plugin shared_preferences at C:\Users\gokay\AppData\Local\Pub\Cache\hosted\pub.dev\shared_preferences-2.5.3\
[        ] [        ] Found plugin shared_preferences_android at C:\Users\gokay\AppData\Local\Pub\Cache\hosted\pub.dev\shared_preferences_android-2.4.7\
[        ] [        ] Found plugin shared_preferences_foundation at C:\Users\gokay\AppData\Local\Pub\Cache\hosted\pub.dev\shared_preferences_foundation-2.5.4\
[        ] [        ] Found plugin shared_preferences_linux at C:\Users\gokay\AppData\Local\Pub\Cache\hosted\pub.dev\shared_preferences_linux-2.4.1\
[        ] [   +1 ms] Found plugin shared_preferences_web at C:\Users\gokay\AppData\Local\Pub\Cache\hosted\pub.dev\shared_preferences_web-2.4.3\
[        ] [        ] Found plugin shared_preferences_windows at C:\Users\gokay\AppData\Local\Pub\Cache\hosted\pub.dev\shared_preferences_windows-2.4.1\
[        ] [   +3 ms] Found plugin sqflite at C:\Users\gokay\AppData\Local\Pub\Cache\hosted\pub.dev\sqflite-2.4.1\
[        ] [        ] Found plugin sqflite_android at C:\Users\gokay\AppData\Local\Pub\Cache\hosted\pub.dev\sqflite_android-2.4.0\
[        ] [   +1 ms] Found plugin sqflite_darwin at C:\Users\gokay\AppData\Local\Pub\Cache\hosted\pub.dev\sqflite_darwin-2.4.1+1\
[        ] [  +30 ms] gen_dart_plugin_registrant: Complete
[        ] [   +2 ms] kernel_snapshot_program: Starting due to {}
[        ] [   +8 ms] C:\src\flutter\bin\cache\dart-sdk\bin\dartaotruntime.exe --disable-dart-dev C:\src\flutter\bin\cache\dart-sdk\bin\snapshots\frontend_server_aot.dart.snapshot --sdk-root C:\src\flutter\bin\cache\artifacts\engine\common\flutter_patched_sdk/ --target=flutter --no-print-incremental-dependencies -Ddart.vm.profile=false -Ddart.vm.product=false --enable-asserts --track-widget-creation --no-link-platform --packages C:\Users\gokay\Desktop\Ome\omechat_app\.dart_tool\package_config.json --output-dill C:\Users\gokay\Desktop\Ome\omechat_app\.dart_tool\flutter_build\3f72a9e15af6d5f3484aff105705b222\program.dill --depfile C:\Users\gokay\Desktop\Ome\omechat_app\.dart_tool\flutter_build\3f72a9e15af6d5f3484aff105705b222\kernel_snapshot_program.d --incremental --initialize-from-dill C:\Users\gokay\Desktop\Ome\omechat_app\.dart_tool\flutter_build\3f72a9e15af6d5f3484aff105705b222\program.dill --source file:///C:/Users/gokay/Desktop/Ome/omechat_app/.dart_tool/flutter_build/dart_plugin_registrant.dart --source package:flutter/src/dart_plugin_registrant.dart -Dflutter.dart_plugin_registrant=file:///C:/Users/gokay/Desktop/Ome/omechat_app/.dart_tool/flutter_build/dart_plugin_registrant.dart --verbosity=error package:omechat/main.dart
flutter : [+3291 ms] 
[+4731 ms] lib/core/s
ync/sync_engine.dart:
90:25: Error: The met
hod 'updateMessageSyn
cStatus' isn't define
d for the class 'Offl
ineChatRepository'.
At line:1 char:1
+ flutter build apk -
-debug --verbose 2>&1
 | Out-File -Encoding
 utf8 bu ...
+ ~~~~~~~~~~~~~~~~~~~
~~~~~~~~~~~~~~~~~~~~~
    + CategoryInfo   
           : NotSpe  
  cified: ([+3291    
 ms] [+47...hatRe    
pository'.:Strin    g
) [], RemoteExc    ep
tion
    + FullyQualified 
   ErrorId : Native  
  CommandError
 
[   +1 ms] [   +1 ms]
  - 'OfflineChatRepos
itory' is from 'packa
ge:omechat/data/repos
itories/offline_chat_
repository.dart' ('li
b/data/repositories/o
ffline_chat_repositor
y.dart').
[        ] [        ]
 Try correcting the n
ame to the name of an
 existing method, or 
defining a method nam
ed 'updateMessageSync
Status'.
[        ] [        ]
       await _reposit
ory.updateMessageSync
Status(localId, messa
ge.id, true);
[        ] [        ]
                     
    ^^^^^^^^^^^^^^^^^
^^^^^^
[        ] [        ]
 lib/core/sync/sync_e
ngine.dart:112:27: Er
ror: The method 'save
ConversationFromNetwo
rk' isn't defined for
 the class 'OfflineCh
atRepository'.
[        ] [        ]
  - 'OfflineChatRepos
itory' is from 'packa
ge:omechat/data/repos
itories/offline_chat_
repository.dart' ('li
b/data/repositories/o
ffline_chat_repositor
y.dart').
[        ] [        ]
 Try correcting the n
ame to the name of an
 existing method, or 
defining a method nam
ed 'saveConversationF
romNetwork'.
[        ] [        ]
         await _repos
itory.saveConversatio
nFromNetwork(conv);
[        ] [        ]
                     
      ^^^^^^^^^^^^^^^
^^^^^^^^^^^^
[        ] [        ]
 lib/core/sync/sync_e
ngine.dart:147:27: Er
ror: The method 'save
MessageFromNetwork' i
sn't defined for the 
class 'OfflineChatRep
ository'.
[        ] [        ]
  - 'OfflineChatRepos
itory' is from 'packa
ge:omechat/data/repos
itories/offline_chat_
repository.dart' ('li
b/data/repositories/o
ffline_chat_repositor
y.dart').
[        ] [        ]
 Try correcting the n
ame to the name of an
 existing method, or 
defining a method nam
ed 'saveMessageFromNe
twork'.
[        ] [        ]
         await _repos
itory.saveMessageFrom
Network(msg, conversa
tionId);
[        ] [        ]
                     
      ^^^^^^^^^^^^^^^
^^^^^^^
[+2192 ms] [+2186 ms] Persisting file store
[        ] [   +5 ms] Done persisting file store
[        ] [   +4 ms]
 Target kernel_snapsh
ot_program failed: Ex
ception
[        ]           
 #0      KernelSnapsh
otProgram.build (pack
age:flutter_tools/src
/build_system/targets
/common.dart:276:7)
[        ]           
 <asynchronous suspen
sion>
[        ]           
 #1      _BuildInstan
ce._invokeInternal (p
ackage:flutter_tools/
src/build_system/buil
d_system.dart:875:9)
[        ]           
 <asynchronous suspen
sion>
[        ]           
 #2      Future.wait.
<anonymous closure> (
dart:async/future.dar
t:534:21)
[        ]           
 <asynchronous suspen
sion>
[        ]           
 #3      _BuildInstan
ce.invokeTarget (pack
age:flutter_tools/src
/build_system/build_s
ystem.dart:813:32)
[        ]           
 <asynchronous suspen
sion>
[        ]           
 #4      Future.wait.
<anonymous closure> (
dart:async/future.dar
t:534:21)
[        ]           
 <asynchronous suspen
sion>
[        ]           
 #5      _BuildInstan
ce.invokeTarget (pack
age:flutter_tools/src
/build_system/build_s
ystem.dart:813:32)
[        ]           
 <asynchronous suspen
sion>
[        ]           
 #6      Future.wait.
<anonymous closure> (
dart:async/future.dar
t:534:21)
[        ]           
 <asynchronous suspen
sion>
[        ]           
 #7      _BuildInstan
ce.invokeTarget (pack
age:flutter_tools/src
/build_system/build_s
ystem.dart:813:32)
[        ]           
 <asynchronous suspen
sion>
[        ]           
 #8      Future.wait.
<anonymous closure> (
dart:async/future.dar
t:534:21)
[        ]           
 <asynchronous suspen
sion>
[        ]           
 #9      _BuildInstan
ce.invokeTarget (pack
age:flutter_tools/src
/build_system/build_s
ystem.dart:813:32)
[        ]           
 <asynchronous suspen
sion>
[        ]           
 #10     FlutterBuild
System.build (package
:flutter_tools/src/bu
ild_system/build_syst
em.dart:635:16)
[        ]           
 <asynchronous suspen
sion>
[        ]           
 #11     AssembleComm
and.runCommand (packa
ge:flutter_tools/src/
commands/assemble.dar
t:328:32)
[        ]           
 <asynchronous suspen
sion>
[        ]           
 #12     FlutterComma
nd.run.<anonymous clo
sure> (package:flutte
r_tools/src/runner/fl
utter_command.dart:14
08:27)
[        ]           
 <asynchronous suspen
sion>
[        ]           
 #13     AppContext.r
un.<anonymous closure
> (package:flutter_to
ols/src/base/context.
dart:153:19)
[        ]           
 <asynchronous suspen
sion>
[        ]           
 #14     CommandRunne
r.runCommand (package
:args/command_runner.
dart:212:13)
[        ]           
 <asynchronous suspen
sion>
[        ]           
 #15     FlutterComma
ndRunner.runCommand.<
anonymous closure> (p
ackage:flutter_tools/
src/runner/flutter_co
mmand_runner.dart:420
:9)
[        ]           
 <asynchronous suspen
sion>
[        ]           
 #16     AppContext.r
un.<anonymous closure
> (package:flutter_to
ols/src/base/context.
dart:153:19)
[        ]           
 <asynchronous suspen
sion>
[        ]           
 #17     FlutterComma
ndRunner.runCommand (
package:flutter_tools
/src/runner/flutter_c
ommand_runner.dart:36
4:5)
[        ]           
 <asynchronous suspen
sion>
[        ]           
 #18     run.<anonymo
us closure>.<anonymou
s closure> (package:f
lutter_tools/runner.d
art:130:9)
[        ]           
 <asynchronous suspen
sion>
[        ]           
 #19     AppContext.r
un.<anonymous closure
> (package:flutter_to
ols/src/base/context.
dart:153:19)
[        ]           
 <asynchronous suspen
sion>
[        ]           
 #20     main (packag
e:flutter_tools/execu
table.dart:93:3)
[        ]           
 <asynchronous suspen
sion>
[        ] [  +26 ms]
 
[        ]           
 #0      throwToolExi
t (package:flutter_to
ols/src/base/common.d
art:10:3)
[        ]           
 #1      AssembleComm
and.runCommand (packa
ge:flutter_tools/src/
commands/assemble.dar
t:345:7)
[        ]           
 <asynchronous suspen
sion>
[        ]           
 #2      FlutterComma
nd.run.<anonymous clo
sure> (package:flutte
r_tools/src/runner/fl
utter_command.dart:14
08:27)
[        ]           
 <asynchronous suspen
sion>
[        ]           
 #3      AppContext.r
un.<anonymous closure
> (package:flutter_to
ols/src/base/context.
dart:153:19)
[        ]           
 <asynchronous suspen
sion>
[        ]           
 #4      CommandRunne
r.runCommand (package
:args/command_runner.
dart:212:13)
[        ]           
 <asynchronous suspen
sion>
[        ] [   +6 ms] "flutter assemble" took 7.332ms.
[        ]           
 #5      FlutterComma
ndRunner.runCommand.<
anonymous closure> (p
ackage:flutter_tools/
src/runner/flutter_co
mmand_runner.dart:420
:9)
[        ]           
 <asynchronous suspen
sion>
[        ]           
 #6      AppContext.r
un.<anonymous closure
> (package:flutter_to
ols/src/base/context.
dart:153:19)
[        ]           
 <asynchronous suspen
sion>
[        ]           
 #7      FlutterComma
ndRunner.runCommand (
package:flutter_tools
/src/runner/flutter_c
ommand_runner.dart:36
4:5)
[        ]           
 <asynchronous suspen
sion>
[        ]           
 #8      run.<anonymo
us closure>.<anonymou
s closure> (package:f
lutter_tools/runner.d
art:130:9)
[        ]           
 <asynchronous suspen
sion>
[        ]           
 #9      AppContext.r
un.<anonymous closure
> (package:flutter_to
ols/src/base/context.
dart:153:19)
[        ]           
 <asynchronous suspen
sion>
[        ]           
 #10     main (packag
e:flutter_tools/execu
table.dart:93:3)
[        ]           
 <asynchronous suspen
sion>
[ +193 ms] [ +181 ms] ensureAnalyticsSent: 180ms
[        ] [        ] Running 1 shutdown hook
[        ] [        ] Shutdown hooks complete
[        ] [   +5 ms] exiting with code 1
[  +50 ms] > Task :app:compileFlutterBuildDebug FAILED
[        ] FAILURE: B
uild failed with an e
xception.
[        ] * What wen
t wrong:
[        ] Execution 
failed for task ':app
:compileFlutterBuildD
ebug'.
[        ] > Process 
'command 'C:\src\flut
ter\bin\flutter.bat''
 finished with non-ze
ro exit value 1
[        ] * Try:
[        ] > Run with
 --debug option to ge
t more log output.
[        ] > Run with
 --scan to get full i
nsights.
[        ] > Get more
 help at https://help
.gradle.org.
[        ] * Exceptio
n is:
[        ] org.gradle
.api.tasks.TaskExecut
ionException: Executi
on failed for task ':
app:compileFlutterBui
ldDebug'.
[        ] 	at org.gr
adle.api.internal.tas
ks.execution.ExecuteA
ctionsTaskExecuter.la
mbda$executeIfValid$1
(ExecuteActionsTaskEx
ecuter.java:148)
[        ] 	at org.gr
adle.internal.Try$Fai
lure.ifSuccessfulOrEl
se(Try.java:282)
[        ] 	at org.gr
adle.api.internal.tas
ks.execution.ExecuteA
ctionsTaskExecuter.ex
ecuteIfValid(ExecuteA
ctionsTaskExecuter.ja
va:146)
[        ] 	at org.gr
adle.api.internal.tas
ks.execution.ExecuteA
ctionsTaskExecuter.ex
ecute(ExecuteActionsT
askExecuter.java:134)
[        ] 	at org.gr
adle.api.internal.tas
ks.execution.Finalize
PropertiesTaskExecute
r.execute(FinalizePro
pertiesTaskExecuter.j
ava:46)
[        ] 	at org.gr
adle.api.internal.tas
ks.execution.ResolveT
askExecutionModeExecu
ter.execute(ResolveTa
skExecutionModeExecut
er.java:51)
[        ] 	at org.gr
adle.api.internal.tas
ks.execution.SkipTask
WithNoActionsExecuter
.execute(SkipTaskWith
NoActionsExecuter.jav
a:57)
[        ] 	at org.gr
adle.api.internal.tas
ks.execution.SkipOnly
IfTaskExecuter.execut
e(SkipOnlyIfTaskExecu
ter.java:74)
[        ] 	at org.gr
adle.api.internal.tas
ks.execution.CatchExc
eptionTaskExecuter.ex
ecute(CatchExceptionT
askExecuter.java:36)
[        ] 	at org.gr
adle.api.internal.tas
ks.execution.EventFir
ingTaskExecuter$1.exe
cuteTask(EventFiringT
askExecuter.java:77)
[        ] 	at org.gr
adle.api.internal.tas
ks.execution.EventFir
ingTaskExecuter$1.cal
l(EventFiringTaskExec
uter.java:55)
[        ] 	at org.gr
adle.api.internal.tas
ks.execution.EventFir
ingTaskExecuter$1.cal
l(EventFiringTaskExec
uter.java:52)
[        ] 	at org.gr
adle.internal.operati
ons.DefaultBuildOpera
tionRunner$CallableBu
ildOperationWorker.ex
ecute(DefaultBuildOpe
rationRunner.java:204
)
[        ] 	at org.gr
adle.internal.operati
ons.DefaultBuildOpera
tionRunner$CallableBu
ildOperationWorker.ex
ecute(DefaultBuildOpe
rationRunner.java:199
)
[        ] 	at org.gr
adle.internal.operati
ons.DefaultBuildOpera
tionRunner$2.execute(
DefaultBuildOperation
Runner.java:66)
[        ] 	at org.gr
adle.internal.operati
ons.DefaultBuildOpera
tionRunner$2.execute(
DefaultBuildOperation
Runner.java:59)
[        ] 	at org.gr
adle.internal.operati
ons.DefaultBuildOpera
tionRunner.execute(De
faultBuildOperationRu
nner.java:157)
[        ] 	at org.gr
adle.internal.operati
ons.DefaultBuildOpera
tionRunner.execute(De
faultBuildOperationRu
nner.java:59)
[        ] 	at org.gr
adle.internal.operati
ons.DefaultBuildOpera
tionRunner.call(Defau
ltBuildOperationRunne
r.java:53)
[        ] 	at org.gr
adle.internal.operati
ons.DefaultBuildOpera
tionExecutor.call(Def
aultBuildOperationExe
cutor.java:73)
[        ] 	at org.gr
adle.api.internal.tas
ks.execution.EventFir
ingTaskExecuter.execu
te(EventFiringTaskExe
cuter.java:52)
[        ] 	at org.gr
adle.execution.plan.L
ocalTaskNodeExecutor.
execute(LocalTaskNode
Executor.java:42)
[        ] 	at org.gr
adle.execution.taskgr
aph.DefaultTaskExecut
ionGraph$InvokeNodeEx
ecutorsAction.execute
(DefaultTaskExecution
Graph.java:331)
[        ] 	at org.gr
adle.execution.taskgr
aph.DefaultTaskExecut
ionGraph$InvokeNodeEx
ecutorsAction.execute
(DefaultTaskExecution
Graph.java:318)
[        ] 	at org.gr
adle.execution.taskgr
aph.DefaultTaskExecut
ionGraph$BuildOperati
onAwareExecutionActio
n.lambda$execute$0(De
faultTaskExecutionGra
ph.java:314)
[        ] 	at org.gr
adle.internal.operati
ons.CurrentBuildOpera
tionRef.with(CurrentB
uildOperationRef.java
:80)
[        ] 	at org.gr
adle.execution.taskgr
aph.DefaultTaskExecut
ionGraph$BuildOperati
onAwareExecutionActio
n.execute(DefaultTask
ExecutionGraph.java:3
14)
[        ] 	at org.gr
adle.execution.taskgr
aph.DefaultTaskExecut
ionGraph$BuildOperati
onAwareExecutionActio
n.execute(DefaultTask
ExecutionGraph.java:3
03)
[        ] 	at org.gr
adle.execution.plan.D
efaultPlanExecutor$Ex
ecutorWorker.execute(
DefaultPlanExecutor.j
ava:463)
[        ] 	at org.gr
adle.execution.plan.D
efaultPlanExecutor$Ex
ecutorWorker.run(Defa
ultPlanExecutor.java:
380)
[        ] 	at org.gr
adle.execution.plan.D
efaultPlanExecutor.pr
ocess(DefaultPlanExec
utor.java:116)
[        ] 	at org.gr
adle.execution.taskgr
aph.DefaultTaskExecut
ionGraph.executeWithS
ervices(DefaultTaskEx
ecutionGraph.java:138
)
[        ] 	at org.gr
adle.execution.taskgr
aph.DefaultTaskExecut
ionGraph.execute(Defa
ultTaskExecutionGraph
.java:123)
[        ] 	at org.gr
adle.execution.Select
edTaskExecutionAction
.execute(SelectedTask
ExecutionAction.java:
35)
[        ] 	at org.gr
adle.execution.DryRun
BuildExecutionAction.
execute(DryRunBuildEx
ecutionAction.java:51
)
[        ] 	at org.gr
adle.execution.BuildO
perationFiringBuildWo
rkerExecutor$ExecuteT
asks.call(BuildOperat
ionFiringBuildWorkerE
xecutor.java:54)
[        ] 	at org.gr
adle.execution.BuildO
perationFiringBuildWo
rkerExecutor$ExecuteT
asks.call(BuildOperat
ionFiringBuildWorkerE
xecutor.java:43)
[        ] 	at org.gr
adle.internal.operati
ons.DefaultBuildOpera
tionRunner$CallableBu
ildOperationWorker.ex
ecute(DefaultBuildOpe
rationRunner.java:204
)
[        ] 	at org.gr
adle.internal.operati
ons.DefaultBuildOpera
tionRunner$CallableBu
ildOperationWorker.ex
ecute(DefaultBuildOpe
rationRunner.java:199
)
[        ] 	at org.gr
adle.internal.operati
ons.DefaultBuildOpera
tionRunner$2.execute(
DefaultBuildOperation
Runner.java:66)
[        ] 	at org.gr
adle.internal.operati
ons.DefaultBuildOpera
tionRunner$2.execute(
DefaultBuildOperation
Runner.java:59)
[        ] 	at org.gr
adle.internal.operati
ons.DefaultBuildOpera
tionRunner.execute(De
faultBuildOperationRu
nner.java:157)
[        ] 	at org.gr
adle.internal.operati
ons.DefaultBuildOpera
tionRunner.execute(De
faultBuildOperationRu
nner.java:59)
[        ] 	at org.gr
adle.internal.operati
ons.DefaultBuildOpera
tionRunner.call(Defau
ltBuildOperationRunne
r.java:53)
[        ] 	at org.gr
adle.internal.operati
ons.DefaultBuildOpera
tionExecutor.call(Def
aultBuildOperationExe
cutor.java:73)
[        ] 	at org.gr
adle.execution.BuildO
perationFiringBuildWo
rkerExecutor.execute(
BuildOperationFiringB
uildWorkerExecutor.ja
va:40)
[        ] 	at org.gr
adle.internal.build.D
efaultBuildLifecycleC
ontroller.lambda$exec
uteTasks$10(DefaultBu
ildLifecycleControlle
r.java:313)
[        ] 	at org.gr
adle.internal.model.S
tateTransitionControl
ler.doTransition(Stat
eTransitionController
.java:266)
[        ] 	at org.gr
adle.internal.model.S
tateTransitionControl
ler.lambda$tryTransit
ion$8(StateTransition
Controller.java:177)
[        ] 	at org.gr
adle.internal.work.De
faultSynchronizer.wit
hLock(DefaultSynchron
izer.java:44)
[        ] 	at org.gr
adle.internal.model.S
tateTransitionControl
ler.tryTransition(Sta
teTransitionControlle
r.java:177)
[        ] 	at org.gr
adle.internal.build.D
efaultBuildLifecycleC
ontroller.executeTask
s(DefaultBuildLifecyc
leController.java:304
)
[        ] 	at org.gr
adle.internal.build.D
efaultBuildWorkGraphC
ontroller$DefaultBuil
dWorkGraph.runWork(De
faultBuildWorkGraphCo
ntroller.java:220)
[        ] 	at org.gr
adle.internal.work.De
faultWorkerLeaseServi
ce.withLocks(DefaultW
orkerLeaseService.jav
a:264)
[        ] 	at org.gr
adle.internal.work.De
faultWorkerLeaseServi
ce.runAsWorkerThread(
DefaultWorkerLeaseSer
vice.java:128)
[        ] 	at org.gr
adle.composite.intern
al.DefaultBuildContro
ller.doRun(DefaultBui
ldController.java:181
)
[        ] 	at org.gr
adle.composite.intern
al.DefaultBuildContro
ller.access$000(Defau
ltBuildController.jav
a:50)
[        ] 	at org.gr
adle.composite.intern
al.DefaultBuildContro
ller$BuildOpRunnable.
lambda$run$0(DefaultB
uildController.java:1
98)
[        ] 	at org.gr
adle.internal.operati
ons.CurrentBuildOpera
tionRef.with(CurrentB
uildOperationRef.java
:80)
[        ] 	at org.gr
adle.composite.intern
al.DefaultBuildContro
ller$BuildOpRunnable.
run(DefaultBuildContr
oller.java:198)
[        ] 	at java.b
ase/java.util.concurr
ent.Executors$Runnabl
eAdapter.call(Unknown
 Source)
[        ] 	at java.b
ase/java.util.concurr
ent.FutureTask.run(Un
known Source)
[        ] 	at org.gr
adle.internal.concurr
ent.ExecutorPolicy$Ca
tchAndRecordFailures.
onExecute(ExecutorPol
icy.java:64)
[        ] 	at org.gr
adle.internal.concurr
ent.AbstractManagedEx
ecutor$1.run(Abstract
ManagedExecutor.java:
47)
[        ] 	at java.b
ase/java.util.concurr
ent.ThreadPoolExecuto
r.runWorker(Unknown S
ource)
[        ] 	at java.b
ase/java.util.concurr
ent.ThreadPoolExecuto
r$Worker.run(Unknown 
Source)
[        ] 	at java.b
ase/java.lang.Thread.
run(Unknown Source)
[        ] Caused by:
 org.gradle.process.i
nternal.ExecException
: Process 'command 'C
:\src\flutter\bin\flu
tter.bat'' finished w
ith non-zero exit val
ue 1
[        ] 	at org.gr
adle.process.internal
.DefaultExecHandle$Ex
ecResultImpl.assertNo
rmalExitValue(Default
ExecHandle.java:431)
[        ] 	at org.gr
adle.process.internal
.DefaultExecAction.ex
ecute(DefaultExecActi
on.java:38)
[        ] 	at org.gr
adle.process.internal
.DefaultExecActionFac
tory.exec(DefaultExec
ActionFactory.java:20
2)
[        ] 	at org.gr
adle.api.internal.pro
ject.DefaultProject.e
xec(DefaultProject.ja
va:1234)
[        ] 	at org.gr
adle.api.internal.pro
ject.DefaultProject.e
xec(DefaultProject.ja
va:1229)
[        ] 	at org.gr
adle.api.Project$exec
$8.call(Unknown Sourc
e)
[        ] 	at BaseFl
utterTask.buildBundle
(flutter.groovy:1687)
[        ] 	at BaseFl
utterTask$buildBundle
.callCurrent(Unknown 
Source)
[        ] 	at Flutte
rTask.build(flutter.g
roovy:1825)
[        ] 	at java.b
ase/jdk.internal.refl
ect.DirectMethodHandl
eAccessor.invoke(Unkn
own Source)
[        ] 	at java.b
ase/java.lang.reflect
.Method.invoke(Unknow
n Source)
[        ] 	at org.gr
adle.internal.reflect
.JavaMethod.invoke(Ja
vaMethod.java:125)
[        ] 	at org.gr
adle.api.internal.pro
ject.taskfactory.Stan
dardTaskAction.doExec
ute(StandardTaskActio
n.java:58)
[        ] 	at org.gr
adle.api.internal.pro
ject.taskfactory.Stan
dardTaskAction.execut
e(StandardTaskAction.
java:51)
[        ] 	at org.gr
adle.api.internal.pro
ject.taskfactory.Stan
dardTaskAction.execut
e(StandardTaskAction.
java:29)
[        ] 	at org.gr
adle.api.internal.tas
ks.execution.TaskExec
ution$3.run(TaskExecu
tion.java:248)
[        ] 	at org.gr
adle.internal.operati
ons.DefaultBuildOpera
tionRunner$1.execute(
DefaultBuildOperation
Runner.java:29)
[        ] 	at org.gr
adle.internal.operati
ons.DefaultBuildOpera
tionRunner$1.execute(
DefaultBuildOperation
Runner.java:26)
[        ] 	at org.gr
adle.internal.operati
ons.DefaultBuildOpera
tionRunner$2.execute(
DefaultBuildOperation
Runner.java:66)
[        ] 	at org.gr
adle.internal.operati
ons.DefaultBuildOpera
tionRunner$2.execute(
DefaultBuildOperation
Runner.java:59)
[        ] 	at org.gr
adle.internal.operati
ons.DefaultBuildOpera
tionRunner.execute(De
faultBuildOperationRu
nner.java:157)
[        ] 	at org.gr
adle.internal.operati
ons.DefaultBuildOpera
tionRunner.execute(De
faultBuildOperationRu
nner.java:59)
[        ] 	at org.gr
adle.internal.operati
ons.DefaultBuildOpera
tionRunner.run(Defaul
tBuildOperationRunner
.java:47)
[        ] 	at org.gr
adle.internal.operati
ons.DefaultBuildOpera
tionExecutor.run(Defa
ultBuildOperationExec
utor.java:68)
[        ] 	at org.gr
adle.api.internal.tas
ks.execution.TaskExec
ution.executeAction(T
askExecution.java:233
)
[        ] 	at org.gr
adle.api.internal.tas
ks.execution.TaskExec
ution.executeActions(
TaskExecution.java:21
6)
[        ] 	at org.gr
adle.api.internal.tas
ks.execution.TaskExec
ution.executeWithPrev
iousOutputFiles(TaskE
xecution.java:199)
[        ] 	at org.gr
adle.api.internal.tas
ks.execution.TaskExec
ution.execute(TaskExe
cution.java:166)
[        ] 	at org.gr
adle.internal.executi
on.steps.ExecuteStep.
executeInternal(Execu
teStep.java:105)
[        ] 	at org.gr
adle.internal.executi
on.steps.ExecuteStep.
access$000(ExecuteSte
p.java:44)
[        ] 	at org.gr
adle.internal.executi
on.steps.ExecuteStep$
1.call(ExecuteStep.ja
va:59)
[        ] 	at org.gr
adle.internal.executi
on.steps.ExecuteStep$
1.call(ExecuteStep.ja
va:56)
[        ] 	at org.gr
adle.internal.operati
ons.DefaultBuildOpera
tionRunner$CallableBu
ildOperationWorker.ex
ecute(DefaultBuildOpe
rationRunner.java:204
)
[        ] 	at org.gr
adle.internal.operati
ons.DefaultBuildOpera
tionRunner$CallableBu
ildOperationWorker.ex
ecute(DefaultBuildOpe
rationRunner.java:199
)
[        ] 	at org.gr
adle.internal.operati
ons.DefaultBuildOpera
tionRunner$2.execute(
DefaultBuildOperation
Runner.java:66)
[        ] 	at org.gr
adle.internal.operati
ons.DefaultBuildOpera
tionRunner$2.execute(
DefaultBuildOperation
Runner.java:59)
[        ] 	at org.gr
adle.internal.operati
ons.DefaultBuildOpera
tionRunner.execute(De
faultBuildOperationRu
nner.java:157)
[        ] 	at org.gr
adle.internal.operati
ons.DefaultBuildOpera
tionRunner.execute(De
faultBuildOperationRu
nner.java:59)
[        ] 	at org.gr
adle.internal.operati
ons.DefaultBuildOpera
tionRunner.call(Defau
ltBuildOperationRunne
r.java:53)
[        ] 	at org.gr
adle.internal.operati
ons.DefaultBuildOpera
tionExecutor.call(Def
aultBuildOperationExe
cutor.java:73)
[        ] 	at org.gr
adle.internal.executi
on.steps.ExecuteStep.
execute(ExecuteStep.j
ava:56)
[        ] 	at org.gr
adle.internal.executi
on.steps.ExecuteStep.
execute(ExecuteStep.j
ava:44)
[        ] 	at org.gr
adle.internal.executi
on.steps.RemovePrevio
usOutputsStep.execute
(RemovePreviousOutput
sStep.java:67)
[        ] 	at org.gr
adle.internal.executi
on.steps.RemovePrevio
usOutputsStep.execute
(RemovePreviousOutput
sStep.java:37)
[        ] 	at org.gr
adle.internal.executi
on.steps.CancelExecut
ionStep.execute(Cance
lExecutionStep.java:4
1)
[        ] 	at org.gr
adle.internal.executi
on.steps.TimeoutStep.
executeWithoutTimeout
(TimeoutStep.java:74)
[        ] 	at org.gr
adle.internal.executi
on.steps.TimeoutStep.
execute(TimeoutStep.j
ava:55)
[        ] 	at org.gr
adle.internal.executi
on.steps.CreateOutput
sStep.execute(CreateO
utputsStep.java:50)
[        ] 	at org.gr
adle.internal.executi
on.steps.CreateOutput
sStep.execute(CreateO
utputsStep.java:28)
[        ] 	at org.gr
adle.internal.executi
on.steps.CaptureState
AfterExecutionStep.ex
ecuteDelegateBroadcas
tingChanges(CaptureSt
ateAfterExecutionStep
.java:100)
[        ] 	at org.gr
adle.internal.executi
on.steps.CaptureState
AfterExecutionStep.ex
ecute(CaptureStateAft
erExecutionStep.java:
72)
[        ] 	at org.gr
adle.internal.executi
on.steps.CaptureState
AfterExecutionStep.ex
ecute(CaptureStateAft
erExecutionStep.java:
50)
[        ] 	at org.gr
adle.internal.executi
on.steps.ResolveInput
ChangesStep.execute(R
esolveInputChangesSte
p.java:40)
[        ] 	at org.gr
adle.internal.executi
on.steps.ResolveInput
ChangesStep.execute(R
esolveInputChangesSte
p.java:29)
[        ] 	at org.gr
adle.internal.executi
on.steps.BuildCacheSt
ep.executeWithoutCach
e(BuildCacheStep.java
:179)
[        ] 	at org.gr
adle.internal.executi
on.steps.BuildCacheSt
ep.lambda$execute$1(B
uildCacheStep.java:70
)
[        ] 	at org.gr
adle.internal.Either$
Right.fold(Either.jav
a:175)
[        ] 	at org.gr
adle.internal.executi
on.caching.CachingSta
te.fold(CachingState.
java:59)
[        ] 	at org.gr
adle.internal.executi
on.steps.BuildCacheSt
ep.execute(BuildCache
Step.java:68)
[        ] 	at org.gr
adle.internal.executi
on.steps.BuildCacheSt
ep.execute(BuildCache
Step.java:46)
[        ] 	at org.gr
adle.internal.executi
on.steps.StoreExecuti
onStateStep.execute(S
toreExecutionStateSte
p.java:36)
[        ] 	at org.gr
adle.internal.executi
on.steps.StoreExecuti
onStateStep.execute(S
toreExecutionStateSte
p.java:25)
[        ] 	at org.gr
adle.internal.executi
on.steps.RecordOutput
sStep.execute(RecordO
utputsStep.java:36)
[        ] 	at org.gr
adle.internal.executi
on.steps.RecordOutput
sStep.execute(RecordO
utputsStep.java:22)
[        ] 	at org.gr
adle.internal.executi
on.steps.SkipUpToDate
Step.executeBecause(S
kipUpToDateStep.java:
91)
[        ] 	at org.gr
adle.internal.executi
on.steps.SkipUpToDate
Step.lambda$execute$2
(SkipUpToDateStep.jav
a:55)
[        ] 	at java.b
ase/java.util.Optiona
l.orElseGet(Unknown S
ource)
[        ] 	at org.gr
adle.internal.executi
on.steps.SkipUpToDate
Step.execute(SkipUpTo
DateStep.java:55)
[        ] 	at org.gr
adle.internal.executi
on.steps.SkipUpToDate
Step.execute(SkipUpTo
DateStep.java:37)
[        ] 	at org.gr
adle.internal.executi
on.steps.ResolveChang
esStep.execute(Resolv
eChangesStep.java:65)
[        ] 	at org.gr
adle.internal.executi
on.steps.ResolveChang
esStep.execute(Resolv
eChangesStep.java:36)
[        ] 	at org.gr
adle.internal.executi
on.steps.legacy.MarkS
napshottingInputsFini
shedStep.execute(Mark
SnapshottingInputsFin
ishedStep.java:37)
[        ] 	at org.gr
adle.internal.executi
on.steps.legacy.MarkS
napshottingInputsFini
shedStep.execute(Mark
SnapshottingInputsFin
ishedStep.java:27)
[        ] 	at org.gr
adle.internal.executi
on.steps.ResolveCachi
ngStateStep.execute(R
esolveCachingStateSte
p.java:76)
[        ] 	at org.gr
adle.internal.executi
on.steps.ResolveCachi
ngStateStep.execute(R
esolveCachingStateSte
p.java:37)
[        ] 	at org.gr
adle.internal.executi
on.steps.ValidateStep
.execute(ValidateStep
.java:108)
[        ] 	at org.gr
adle.internal.executi
on.steps.ValidateStep
.execute(ValidateStep
.java:55)
[        ] 	at org.gr
adle.internal.executi
on.steps.CaptureState
BeforeExecutionStep.e
xecute(CaptureStateBe
foreExecutionStep.jav
a:71)
[        ] 	at org.gr
adle.internal.executi
on.steps.CaptureState
BeforeExecutionStep.e
xecute(CaptureStateBe
foreExecutionStep.jav
a:45)
[        ] 	at org.gr
adle.internal.executi
on.steps.SkipEmptyWor
kStep.executeWithNonE
mptySources(SkipEmpty
WorkStep.java:177)
[        ] 	at org.gr
adle.internal.executi
on.steps.SkipEmptyWor
kStep.execute(SkipEmp
tyWorkStep.java:81)
[        ] 	at org.gr
adle.internal.executi
on.steps.SkipEmptyWor
kStep.execute(SkipEmp
tyWorkStep.java:53)
[        ] 	at org.gr
adle.internal.executi
on.steps.RemoveUntrac
kedExecutionStateStep
.execute(RemoveUntrac
kedExecutionStateStep
.java:32)
[        ] 	at org.gr
adle.internal.executi
on.steps.RemoveUntrac
kedExecutionStateStep
.execute(RemoveUntrac
kedExecutionStateStep
.java:21)
[        ] 	at org.gr
adle.internal.executi
on.steps.legacy.MarkS
napshottingInputsStar
tedStep.execute(MarkS
napshottingInputsStar
tedStep.java:38)
[        ] 	at org.gr
adle.internal.executi
on.steps.LoadPrevious
ExecutionStateStep.ex
ecute(LoadPreviousExe
cutionStateStep.java:
36)
[        ] 	at org.gr
adle.internal.executi
on.steps.LoadPrevious
ExecutionStateStep.ex
ecute(LoadPreviousExe
cutionStateStep.java:
23)
[        ] 	at org.gr
adle.internal.executi
on.steps.CleanupStale
OutputsStep.execute(C
leanupStaleOutputsSte
p.java:75)
[        ] 	at org.gr
adle.internal.executi
on.steps.CleanupStale
OutputsStep.execute(C
leanupStaleOutputsSte
p.java:41)
[        ] 	at org.gr
adle.internal.executi
on.steps.ExecuteWorkB
uildOperationFiringSt
ep.lambda$execute$2(E
xecuteWorkBuildOperat
ionFiringStep.java:66
)
[        ] 	at java.b
ase/java.util.Optiona
l.orElseGet(Unknown S
ource)
[        ] 	at org.gr
adle.internal.executi
on.steps.ExecuteWorkB
uildOperationFiringSt
ep.execute(ExecuteWor
kBuildOperationFiring
Step.java:66)
[        ] 	at org.gr
adle.internal.executi
on.steps.ExecuteWorkB
uildOperationFiringSt
ep.execute(ExecuteWor
kBuildOperationFiring
Step.java:38)
[        ] 	at org.gr
adle.internal.executi
on.steps.AssignWorksp
aceStep.lambda$execut
e$0(AssignWorkspaceSt
ep.java:32)
[        ] 	at org.gr
adle.api.internal.tas
ks.execution.TaskExec
ution$4.withWorkspace
(TaskExecution.java:2
93)
[        ] 	at org.gr
adle.internal.executi
on.steps.AssignWorksp
aceStep.execute(Assig
nWorkspaceStep.java:3
0)
[        ] 	at org.gr
adle.internal.executi
on.steps.AssignWorksp
aceStep.execute(Assig
nWorkspaceStep.java:2
1)
[        ] 	at org.gr
adle.internal.executi
on.steps.IdentityCach
eStep.execute(Identit
yCacheStep.java:37)
[        ] 	at org.gr
adle.internal.executi
on.steps.IdentityCach
eStep.execute(Identit
yCacheStep.java:27)
[        ] 	at org.gr
adle.internal.executi
on.steps.IdentifyStep
.execute(IdentifyStep
.java:47)
[        ] 	at org.gr
adle.internal.executi
on.steps.IdentifyStep
.execute(IdentifyStep
.java:34)
[        ] 	at org.gr
adle.internal.executi
on.impl.DefaultExecut
ionEngine$1.execute(D
efaultExecutionEngine
.java:64)
[        ] 	at org.gr
adle.api.internal.tas
ks.execution.ExecuteA
ctionsTaskExecuter.ex
ecuteIfValid(ExecuteA
ctionsTaskExecuter.ja
va:145)
[        ] 	at org.gr
adle.api.internal.tas
ks.execution.ExecuteA
ctionsTaskExecuter.ex
ecute(ExecuteActionsT
askExecuter.java:134)
[        ] 	at org.gr
adle.api.internal.tas
ks.execution.Finalize
PropertiesTaskExecute
r.execute(FinalizePro
pertiesTaskExecuter.j
ava:46)
[        ] 	at org.gr
adle.api.internal.tas
ks.execution.ResolveT
askExecutionModeExecu
ter.execute(ResolveTa
skExecutionModeExecut
er.java:51)
[        ] 	at org.gr
adle.api.internal.tas
ks.execution.SkipTask
WithNoActionsExecuter
.execute(SkipTaskWith
NoActionsExecuter.jav
a:57)
[        ] 	at org.gr
adle.api.internal.tas
ks.execution.SkipOnly
IfTaskExecuter.execut
e(SkipOnlyIfTaskExecu
ter.java:74)
[        ] 	at org.gr
adle.api.internal.tas
ks.execution.CatchExc
eptionTaskExecuter.ex
ecute(CatchExceptionT
askExecuter.java:36)
[        ] 	at org.gr
adle.api.internal.tas
ks.execution.EventFir
ingTaskExecuter$1.exe
cuteTask(EventFiringT
askExecuter.java:77)
[        ] 	at org.gr
adle.api.internal.tas
ks.execution.EventFir
ingTaskExecuter$1.cal
l(EventFiringTaskExec
uter.java:55)
[        ] 	at org.gr
adle.api.internal.tas
ks.execution.EventFir
ingTaskExecuter$1.cal
l(EventFiringTaskExec
uter.java:52)
[        ] 	at org.gr
adle.internal.operati
ons.DefaultBuildOpera
tionRunner$CallableBu
ildOperationWorker.ex
ecute(DefaultBuildOpe
rationRunner.java:204
)
[        ] 	at org.gr
adle.internal.operati
ons.DefaultBuildOpera
tionRunner$CallableBu
ildOperationWorker.ex
ecute(DefaultBuildOpe
rationRunner.java:199
)
[        ] 	at org.gr
adle.internal.operati
ons.DefaultBuildOpera
tionRunner$2.execute(
DefaultBuildOperation
Runner.java:66)
[        ] 	at org.gr
adle.internal.operati
ons.DefaultBuildOpera
tionRunner$2.execute(
DefaultBuildOperation
Runner.java:59)
[        ] 	at org.gr
adle.internal.operati
ons.DefaultBuildOpera
tionRunner.execute(De
faultBuildOperationRu
nner.java:157)
[        ] 	at org.gr
adle.internal.operati
ons.DefaultBuildOpera
tionRunner.execute(De
faultBuildOperationRu
nner.java:59)
[        ] 	at org.gr
adle.internal.operati
ons.DefaultBuildOpera
tionRunner.call(Defau
ltBuildOperationRunne
r.java:53)
[        ] 	at org.gr
adle.internal.operati
ons.DefaultBuildOpera
tionExecutor.call(Def
aultBuildOperationExe
cutor.java:73)
[        ] 	at org.gr
adle.api.internal.tas
ks.execution.EventFir
ingTaskExecuter.execu
te(EventFiringTaskExe
cuter.java:52)
[        ] 	at org.gr
adle.execution.plan.L
ocalTaskNodeExecutor.
execute(LocalTaskNode
Executor.java:42)
[        ] 	at org.gr
adle.execution.taskgr
aph.DefaultTaskExecut
ionGraph$InvokeNodeEx
ecutorsAction.execute
(DefaultTaskExecution
Graph.java:331)
[        ] 	at org.gr
adle.execution.taskgr
aph.DefaultTaskExecut
ionGraph$InvokeNodeEx
ecutorsAction.execute
(DefaultTaskExecution
Graph.java:318)
[        ] 	at org.gr
adle.execution.taskgr
aph.DefaultTaskExecut
ionGraph$BuildOperati
onAwareExecutionActio
n.lambda$execute$0(De
faultTaskExecutionGra
ph.java:314)
[        ] 	at org.gr
adle.internal.operati
ons.CurrentBuildOpera
tionRef.with(CurrentB
uildOperationRef.java
:80)
[        ] 	at org.gr
adle.execution.taskgr
aph.DefaultTaskExecut
ionGraph$BuildOperati
onAwareExecutionActio
n.execute(DefaultTask
ExecutionGraph.java:3
14)
[        ] 	at org.gr
adle.execution.taskgr
aph.DefaultTaskExecut
ionGraph$BuildOperati
onAwareExecutionActio
n.execute(DefaultTask
ExecutionGraph.java:3
03)
[        ] 	at org.gr
adle.execution.plan.D
efaultPlanExecutor$Ex
ecutorWorker.execute(
DefaultPlanExecutor.j
ava:463)
[        ] 	at org.gr
adle.execution.plan.D
efaultPlanExecutor$Ex
ecutorWorker.run(Defa
ultPlanExecutor.java:
380)
[        ] 	at org.gr
adle.execution.plan.D
efaultPlanExecutor.pr
ocess(DefaultPlanExec
utor.java:116)
[        ] 	at org.gr
adle.execution.taskgr
aph.DefaultTaskExecut
ionGraph.executeWithS
ervices(DefaultTaskEx
ecutionGraph.java:138
)
[        ] 	at org.gr
adle.execution.taskgr
aph.DefaultTaskExecut
ionGraph.execute(Defa
ultTaskExecutionGraph
.java:123)
[        ] 	at org.gr
adle.execution.Select
edTaskExecutionAction
.execute(SelectedTask
ExecutionAction.java:
35)
[        ] 	at org.gr
adle.execution.DryRun
BuildExecutionAction.
execute(DryRunBuildEx
ecutionAction.java:51
)
[        ] 	at org.gr
adle.execution.BuildO
perationFiringBuildWo
rkerExecutor$ExecuteT
asks.call(BuildOperat
ionFiringBuildWorkerE
xecutor.java:54)
[        ] 	at org.gr
adle.execution.BuildO
perationFiringBuildWo
rkerExecutor$ExecuteT
asks.call(BuildOperat
ionFiringBuildWorkerE
xecutor.java:43)
[        ] 	at org.gr
adle.internal.operati
ons.DefaultBuildOpera
tionRunner$CallableBu
ildOperationWorker.ex
ecute(DefaultBuildOpe
rationRunner.java:204
)
[        ] 	at org.gr
adle.internal.operati
ons.DefaultBuildOpera
tionRunner$CallableBu
ildOperationWorker.ex
ecute(DefaultBuildOpe
rationRunner.java:199
)
[        ] 	at org.gr
adle.internal.operati
ons.DefaultBuildOpera
tionRunner$2.execute(
DefaultBuildOperation
Runner.java:66)
[        ] 	at org.gr
adle.internal.operati
ons.DefaultBuildOpera
tionRunner$2.execute(
DefaultBuildOperation
Runner.java:59)
[        ] 	at org.gr
adle.internal.operati
ons.DefaultBuildOpera
tionRunner.execute(De
faultBuildOperationRu
nner.java:157)
[        ] 	at org.gr
adle.internal.operati
ons.DefaultBuildOpera
tionRunner.execute(De
faultBuildOperationRu
nner.java:59)
[        ] 	at org.gr
adle.internal.operati
ons.DefaultBuildOpera
tionRunner.call(Defau
ltBuildOperationRunne
r.java:53)
[        ] 	at org.gr
adle.internal.operati
ons.DefaultBuildOpera
tionExecutor.call(Def
aultBuildOperationExe
cutor.java:73)
[        ] 	at org.gr
adle.execution.BuildO
perationFiringBuildWo
rkerExecutor.execute(
BuildOperationFiringB
uildWorkerExecutor.ja
va:40)
[        ] 	at org.gr
adle.internal.build.D
efaultBuildLifecycleC
ontroller.lambda$exec
uteTasks$10(DefaultBu
ildLifecycleControlle
r.java:313)
[        ] 	at org.gr
adle.internal.model.S
tateTransitionControl
ler.doTransition(Stat
eTransitionController
.java:266)
[        ] 	at org.gr
adle.internal.model.S
tateTransitionControl
ler.lambda$tryTransit
ion$8(StateTransition
Controller.java:177)
[        ] 	at org.gr
adle.internal.work.De
faultSynchronizer.wit
hLock(DefaultSynchron
izer.java:44)
[        ] 	at org.gr
adle.internal.model.S
tateTransitionControl
ler.tryTransition(Sta
teTransitionControlle
r.java:177)
[        ] 	at org.gr
adle.internal.build.D
efaultBuildLifecycleC
ontroller.executeTask
s(DefaultBuildLifecyc
leController.java:304
)
[   +1 ms] 	at org.gr
adle.internal.build.D
efaultBuildWorkGraphC
ontroller$DefaultBuil
dWorkGraph.runWork(De
faultBuildWorkGraphCo
ntroller.java:220)
[        ] 	at org.gr
adle.internal.work.De
faultWorkerLeaseServi
ce.withLocks(DefaultW
orkerLeaseService.jav
a:264)
[        ] 	at org.gr
adle.internal.work.De
faultWorkerLeaseServi
ce.runAsWorkerThread(
DefaultWorkerLeaseSer
vice.java:128)
[        ] 	at org.gr
adle.composite.intern
al.DefaultBuildContro
ller.doRun(DefaultBui
ldController.java:181
)
[        ] 	at org.gr
adle.composite.intern
al.DefaultBuildContro
ller.access$000(Defau
ltBuildController.jav
a:50)
[        ] 	at org.gr
adle.composite.intern
al.DefaultBuildContro
ller$BuildOpRunnable.
lambda$run$0(DefaultB
uildController.java:1
98)
[        ] 	at org.gr
adle.internal.operati
ons.CurrentBuildOpera
tionRef.with(CurrentB
uildOperationRef.java
:80)
[        ] 	at org.gr
adle.composite.intern
al.DefaultBuildContro
ller$BuildOpRunnable.
run(DefaultBuildContr
oller.java:198)
[        ] 	at java.b
ase/java.util.concurr
ent.Executors$Runnabl
eAdapter.call(Unknown
 Source)
[        ] 	at java.b
ase/java.util.concurr
ent.FutureTask.run(Un
known Source)
[        ] 	at org.gr
adle.internal.concurr
ent.ExecutorPolicy$Ca
tchAndRecordFailures.
onExecute(ExecutorPol
icy.java:64)
[        ] 	at org.gr
adle.internal.concurr
ent.AbstractManagedEx
ecutor$1.run(Abstract
ManagedExecutor.java:
47)
[        ] 	at java.b
ase/java.util.concurr
ent.ThreadPoolExecuto
r.runWorker(Unknown S
ource)
[        ] 	at java.b
ase/java.util.concurr
ent.ThreadPoolExecuto
r$Worker.run(Unknown 
Source)
[        ] 	at java.b
ase/java.lang.Thread.
run(Unknown Source)
[   +3 ms] BU´┐¢LD FA
ILED in 9s
[        ] 6 actionable tasks: 1 executed, 5 up-to-date
[        ] Watched directory hierarchies: [C:\src\flutter\packages\flutter_tools\gradle, C:\Users\gokay\Desktop\Ome\omechat_app\android]
[ +527 ms] Running Gradle task 'assembleDebug'... (completed in 9,8s)
[  +25 ms] "flutter apk" took 10.738ms.
[  +20 ms] Gradle tas
k assembleDebug faile
d with exit code 1
[        ] 
           #0      th
rowToolExit (package:
flutter_tools/src/bas
e/common.dart:10:3)
           #1      An
droidGradleBuilder.bu
ildGradleApp (package
:flutter_tools/src/an
droid/gradle.dart:500
:9)
           <asynchron
ous suspension>
           #2      An
droidGradleBuilder.bu
ildApk (package:flutt
er_tools/src/android/
gradle.dart:224:5)
           <asynchron
ous suspension>
           #3      Bu
ildApkCommand.runComm
and (package:flutter_
tools/src/commands/bu
ild_apk.dart:141:5)
           <asynchron
ous suspension>
           #4      Fl
utterCommand.run.<ano
nymous closure> (pack
age:flutter_tools/src
/runner/flutter_comma
nd.dart:1408:27)
           <asynchron
ous suspension>
           #5      Ap
pContext.run.<anonymo
us closure> (package:
flutter_tools/src/bas
e/context.dart:153:19
)
           <asynchron
ous suspension>
           #6      Co
mmandRunner.runComman
d (package:args/comma
nd_runner.dart:212:13
)
           <asynchron
ous suspension>
           #7      Fl
utterCommandRunner.ru
nCommand.<anonymous c
losure> (package:flut
ter_tools/src/runner/
flutter_command_runne
r.dart:420:9)
           <asynchron
ous suspension>
           #8      Ap
pContext.run.<anonymo
us closure> (package:
flutter_tools/src/bas
e/context.dart:153:19
)
           <asynchron
ous suspension>
           #9      Fl
utterCommandRunner.ru
nCommand (package:flu
tter_tools/src/runner
/flutter_command_runn
er.dart:364:5)
           <asynchron
ous suspension>
           #10     ru
n.<anonymous closure>
.<anonymous closure> 
(package:flutter_tool
s/runner.dart:130:9)
           <asynchron
ous suspension>
           #11     Ap
pContext.run.<anonymo
us closure> (package:
flutter_tools/src/bas
e/context.dart:153:19
)
           <asynchron
ous suspension>
           #12     ma
in (package:flutter_t
ools/executable.dart:
93:3)
           <asynchron
ous suspension>


[  +64 ms] ensureAnalyticsSent: 62ms
[        ] Running 1 shutdown hook
[        ] Shutdown hooks complete
[  +99 ms] exiting with code 1
